ARM GAS  C:\Users\EDTRIC~1\AppData\Local\Temp\cc4K2oea.s 			page 1


   1              		.syntax unified
   2              		.cpu cortex-m3
   3              		.fpu softvfp
   4              		.eabi_attribute 20, 1
   5              		.eabi_attribute 21, 1
   6              		.eabi_attribute 23, 3
   7              		.eabi_attribute 24, 1
   8              		.eabi_attribute 25, 1
   9              		.eabi_attribute 26, 1
  10              		.eabi_attribute 30, 1
  11              		.eabi_attribute 34, 1
  12              		.eabi_attribute 18, 4
  13              		.thumb
  14              		.file	"CMD_Handler.c"
  15              		.text
  16              	.Ltext0:
  17              		.cfi_sections	.debug_frame
  18              		.global	__aeabi_d2f
  19              		.section	.text.ServoCMD,"ax",%progbits
  20              		.align	2
  21              		.global	ServoCMD
  22              		.thumb
  23              		.thumb_func
  24              		.type	ServoCMD, %function
  25              	ServoCMD:
  26              	.LFB64:
  27              		.file 1 ".\\CMD_Handler.c"
   1:.\CMD_Handler.c **** /* ========================================
   2:.\CMD_Handler.c ****  *
   3:.\CMD_Handler.c ****  * Copyright YOUR COMPANY, THE YEAR
   4:.\CMD_Handler.c ****  * All Rights Reserved
   5:.\CMD_Handler.c ****  * UNPUBLISHED, LICENSED SOFTWARE.
   6:.\CMD_Handler.c ****  *
   7:.\CMD_Handler.c ****  * CONFIDENTIAL AND PROPRIETARY INFORMATION
   8:.\CMD_Handler.c ****  * WHICH IS THE PROPERTY OF your company.
   9:.\CMD_Handler.c ****  *
  10:.\CMD_Handler.c ****  * ========================================
  11:.\CMD_Handler.c **** */
  12:.\CMD_Handler.c **** 
  13:.\CMD_Handler.c **** #include "CMD_Handler.h"
  14:.\CMD_Handler.c **** #include "herkulex2.h"
  15:.\CMD_Handler.c **** 
  16:.\CMD_Handler.c **** char RECVD_CMD[4][50];
  17:.\CMD_Handler.c **** 
  18:.\CMD_Handler.c **** void ServoCMD( void );
  19:.\CMD_Handler.c **** 
  20:.\CMD_Handler.c **** void CMD_SEND( char * cmd_string )
  21:.\CMD_Handler.c **** {
  22:.\CMD_Handler.c ****     char * tkn;
  23:.\CMD_Handler.c ****     uint8 cnt = 1;
  24:.\CMD_Handler.c ****     
  25:.\CMD_Handler.c ****     memset( RECVD_CMD , 0 , sizeof( RECVD_CMD ) );
  26:.\CMD_Handler.c ****     CyDelay(5);
  27:.\CMD_Handler.c ****     
  28:.\CMD_Handler.c ****     tkn = strtok( cmd_string , "_" );
  29:.\CMD_Handler.c ****     strcpy( RECVD_CMD[0] , tkn );
  30:.\CMD_Handler.c ****     
ARM GAS  C:\Users\EDTRIC~1\AppData\Local\Temp\cc4K2oea.s 			page 2


  31:.\CMD_Handler.c ****     while( tkn != NULL )
  32:.\CMD_Handler.c ****     {
  33:.\CMD_Handler.c ****         tkn = strtok( NULL , "_" );
  34:.\CMD_Handler.c ****         strcpy( RECVD_CMD[cnt++] , tkn );
  35:.\CMD_Handler.c ****     }
  36:.\CMD_Handler.c ****     
  37:.\CMD_Handler.c ****     if( strstr( RECVD_CMD[0] , "SRV" ) ) ServoCMD();
  38:.\CMD_Handler.c ****     else return;
  39:.\CMD_Handler.c ****     
  40:.\CMD_Handler.c **** }
  41:.\CMD_Handler.c **** 
  42:.\CMD_Handler.c **** void ServoCMD( void )
  43:.\CMD_Handler.c **** {
  28              		.loc 1 43 0
  29              		.cfi_startproc
  30              		@ args = 0, pretend = 0, frame = 0
  31              		@ frame_needed = 0, uses_anonymous_args = 0
  32 0000 38B5     		push	{r3, r4, r5, lr}
  33              		.cfi_def_cfa_offset 16
  34              		.cfi_offset 3, -16
  35              		.cfi_offset 4, -12
  36              		.cfi_offset 5, -8
  37              		.cfi_offset 14, -4
  44:.\CMD_Handler.c ****     int ID = atoi( RECVD_CMD[2] );
  38              		.loc 1 44 0
  39 0002 1C4D     		ldr	r5, .L6
  40 0004 2846     		mov	r0, r5
  41 0006 FFF7FEFF 		bl	atoi
  42              	.LVL0:
  43 000a 0446     		mov	r4, r0
  44              	.LVL1:
  45:.\CMD_Handler.c ****     
  46:.\CMD_Handler.c ****     if( strstr( RECVD_CMD[1] , "MOVEONEPOS" ) )
  45              		.loc 1 46 0
  46 000c A5F13200 		sub	r0, r5, #50
  47              	.LVL2:
  48 0010 1949     		ldr	r1, .L6+4
  49 0012 FFF7FEFF 		bl	strstr
  50              	.LVL3:
  51 0016 50B1     		cbz	r0, .L2
  52              	.LBB2:
  47:.\CMD_Handler.c ****     {
  48:.\CMD_Handler.c ****         int pos_num = atoi( RECVD_CMD[3] );
  53              		.loc 1 48 0
  54 0018 05F13200 		add	r0, r5, #50
  55 001c FFF7FEFF 		bl	atoi
  56              	.LVL4:
  57 0020 0146     		mov	r1, r0
  58              	.LVL5:
  49:.\CMD_Handler.c ****         Servo_moveOne( (uint8)ID , pos_num , 500 , LED_BLUE );
  59              		.loc 1 49 0
  60 0022 E0B2     		uxtb	r0, r4
  61              	.LVL6:
  62 0024 4FF4FA72 		mov	r2, #500
  63 0028 0223     		movs	r3, #2
  64 002a FFF7FEFF 		bl	Servo_moveOne
  65              	.LVL7:
ARM GAS  C:\Users\EDTRIC~1\AppData\Local\Temp\cc4K2oea.s 			page 3


  66              	.L2:
  67              	.LBE2:
  50:.\CMD_Handler.c ****     }
  51:.\CMD_Handler.c ****     if( strstr( RECVD_CMD[1] , "MOVEONEANG" ) )
  68              		.loc 1 51 0
  69 002e 1348     		ldr	r0, .L6+8
  70 0030 1349     		ldr	r1, .L6+12
  71 0032 FFF7FEFF 		bl	strstr
  72              	.LVL8:
  73 0036 60B1     		cbz	r0, .L3
  74              	.LBB3:
  52:.\CMD_Handler.c ****     {
  53:.\CMD_Handler.c ****         double ang_num = atof( RECVD_CMD[3] );
  75              		.loc 1 53 0
  76 0038 1248     		ldr	r0, .L6+16
  77 003a FFF7FEFF 		bl	atof
  78              	.LVL9:
  54:.\CMD_Handler.c ****         Servo_moveOneAngle( (uint8)ID , (float)ang_num , 500 , LED_BLUE );
  79              		.loc 1 54 0
  80 003e E5B2     		uxtb	r5, r4
  81 0040 FFF7FEFF 		bl	__aeabi_d2f
  82              	.LVL10:
  83 0044 0146     		mov	r1, r0
  84 0046 2846     		mov	r0, r5
  85 0048 4FF4FA72 		mov	r2, #500
  86 004c 0223     		movs	r3, #2
  87 004e FFF7FEFF 		bl	Servo_moveOneAngle
  88              	.LVL11:
  89              	.L3:
  90              	.LBE3:
  55:.\CMD_Handler.c ****     }
  56:.\CMD_Handler.c ****     if( strstr( RECVD_CMD[1] , "MOVEONESPD" ) )
  91              		.loc 1 56 0
  92 0052 0A48     		ldr	r0, .L6+8
  93 0054 0C49     		ldr	r1, .L6+20
  94 0056 FFF7FEFF 		bl	strstr
  95              	.LVL12:
  96 005a 48B1     		cbz	r0, .L1
  97              	.LBB4:
  57:.\CMD_Handler.c ****     {
  58:.\CMD_Handler.c ****         int spd_num = atoi( RECVD_CMD[3] );
  98              		.loc 1 58 0
  99 005c 0948     		ldr	r0, .L6+16
 100 005e FFF7FEFF 		bl	atoi
 101              	.LVL13:
 102 0062 0146     		mov	r1, r0
 103              	.LVL14:
  59:.\CMD_Handler.c ****         Servo_moveSpeedOne( (uint8)ID , spd_num , 500 , LED_BLUE );
 104              		.loc 1 59 0
 105 0064 E0B2     		uxtb	r0, r4
 106              	.LVL15:
 107 0066 4FF4FA72 		mov	r2, #500
 108 006a 0223     		movs	r3, #2
 109 006c FFF7FEFF 		bl	Servo_moveSpeedOne
 110              	.LVL16:
 111              	.L1:
 112 0070 38BD     		pop	{r3, r4, r5, pc}
ARM GAS  C:\Users\EDTRIC~1\AppData\Local\Temp\cc4K2oea.s 			page 4


 113              	.LVL17:
 114              	.L7:
 115 0072 00BF     		.align	2
 116              	.L6:
 117 0074 64000000 		.word	RECVD_CMD+100
 118 0078 00000000 		.word	.LC0
 119 007c 32000000 		.word	RECVD_CMD+50
 120 0080 0C000000 		.word	.LC1
 121 0084 96000000 		.word	RECVD_CMD+150
 122 0088 18000000 		.word	.LC2
 123              	.LBE4:
 124              		.cfi_endproc
 125              	.LFE64:
 126              		.size	ServoCMD, .-ServoCMD
 127              		.section	.text.CMD_SEND,"ax",%progbits
 128              		.align	2
 129              		.global	CMD_SEND
 130              		.thumb
 131              		.thumb_func
 132              		.type	CMD_SEND, %function
 133              	CMD_SEND:
 134              	.LFB63:
  21:.\CMD_Handler.c ****     char * tkn;
 135              		.loc 1 21 0
 136              		.cfi_startproc
 137              		@ args = 0, pretend = 0, frame = 0
 138              		@ frame_needed = 0, uses_anonymous_args = 0
 139              	.LVL18:
 140 0000 70B5     		push	{r4, r5, r6, lr}
 141              		.cfi_def_cfa_offset 16
 142              		.cfi_offset 4, -16
 143              		.cfi_offset 5, -12
 144              		.cfi_offset 6, -8
 145              		.cfi_offset 14, -4
 146 0002 0546     		mov	r5, r0
 147              	.LVL19:
  25:.\CMD_Handler.c ****     CyDelay(5);
 148              		.loc 1 25 0
 149 0004 164C     		ldr	r4, .L13
 150 0006 2046     		mov	r0, r4
 151              	.LVL20:
 152 0008 0021     		movs	r1, #0
 153 000a C822     		movs	r2, #200
 154 000c FFF7FEFF 		bl	memset
 155              	.LVL21:
  26:.\CMD_Handler.c ****     
 156              		.loc 1 26 0
 157 0010 0520     		movs	r0, #5
 158 0012 FFF7FEFF 		bl	CyDelay
 159              	.LVL22:
  28:.\CMD_Handler.c ****     strcpy( RECVD_CMD[0] , tkn );
 160              		.loc 1 28 0
 161 0016 2846     		mov	r0, r5
 162 0018 1249     		ldr	r1, .L13+4
 163 001a FFF7FEFF 		bl	strtok
 164              	.LVL23:
 165 001e 0546     		mov	r5, r0
ARM GAS  C:\Users\EDTRIC~1\AppData\Local\Temp\cc4K2oea.s 			page 5


 166              	.LVL24:
  29:.\CMD_Handler.c ****     
 167              		.loc 1 29 0
 168 0020 2046     		mov	r0, r4
 169              	.LVL25:
 170 0022 2946     		mov	r1, r5
 171 0024 FFF7FEFF 		bl	strcpy
 172              	.LVL26:
  23:.\CMD_Handler.c ****     
 173              		.loc 1 23 0
 174 0028 0126     		movs	r6, #1
  31:.\CMD_Handler.c ****     {
 175              		.loc 1 31 0
 176 002a 0EE0     		b	.L9
 177              	.LVL27:
 178              	.L10:
  33:.\CMD_Handler.c ****         strcpy( RECVD_CMD[cnt++] , tkn );
 179              		.loc 1 33 0
 180 002c 0020     		movs	r0, #0
 181 002e 0D49     		ldr	r1, .L13+4
 182 0030 FFF7FEFF 		bl	strtok
 183              	.LVL28:
 184 0034 0546     		mov	r5, r0
 185              	.LVL29:
  34:.\CMD_Handler.c ****     }
 186              		.loc 1 34 0
 187 0036 741C     		adds	r4, r6, #1
 188 0038 E4B2     		uxtb	r4, r4
 189              	.LVL30:
 190 003a 094B     		ldr	r3, .L13
 191 003c 3220     		movs	r0, #50
 192              	.LVL31:
 193 003e 00FB0630 		mla	r0, r0, r6, r3
 194 0042 2946     		mov	r1, r5
 195 0044 FFF7FEFF 		bl	strcpy
 196              	.LVL32:
 197 0048 2646     		mov	r6, r4
 198              	.LVL33:
 199              	.L9:
  31:.\CMD_Handler.c ****     {
 200              		.loc 1 31 0
 201 004a 002D     		cmp	r5, #0
 202 004c EED1     		bne	.L10
  37:.\CMD_Handler.c ****     else return;
 203              		.loc 1 37 0
 204 004e 0448     		ldr	r0, .L13
 205 0050 0549     		ldr	r1, .L13+8
 206 0052 FFF7FEFF 		bl	strstr
 207              	.LVL34:
 208 0056 08B1     		cbz	r0, .L8
  37:.\CMD_Handler.c ****     else return;
 209              		.loc 1 37 0 is_stmt 0 discriminator 1
 210 0058 FFF7FEFF 		bl	ServoCMD
 211              	.LVL35:
 212              	.L8:
 213 005c 70BD     		pop	{r4, r5, r6, pc}
 214              	.LVL36:
ARM GAS  C:\Users\EDTRIC~1\AppData\Local\Temp\cc4K2oea.s 			page 6


 215              	.L14:
 216 005e 00BF     		.align	2
 217              	.L13:
 218 0060 00000000 		.word	RECVD_CMD
 219 0064 24000000 		.word	.LC3
 220 0068 28000000 		.word	.LC4
 221              		.cfi_endproc
 222              	.LFE63:
 223              		.size	CMD_SEND, .-CMD_SEND
 224              		.comm	RECVD_CMD,200,4
 225              		.section	.rodata.str1.4,"aMS",%progbits,1
 226              		.align	2
 227              	.LC0:
 228 0000 4D4F5645 		.ascii	"MOVEONEPOS\000"
 228      4F4E4550 
 228      4F5300
 229 000b 00       		.space	1
 230              	.LC1:
 231 000c 4D4F5645 		.ascii	"MOVEONEANG\000"
 231      4F4E4541 
 231      4E4700
 232 0017 00       		.space	1
 233              	.LC2:
 234 0018 4D4F5645 		.ascii	"MOVEONESPD\000"
 234      4F4E4553 
 234      504400
 235 0023 00       		.space	1
 236              	.LC3:
 237 0024 5F00     		.ascii	"_\000"
 238 0026 0000     		.space	2
 239              	.LC4:
 240 0028 53525600 		.ascii	"SRV\000"
 241              		.text
 242              	.Letext0:
 243              		.file 2 "c:\\program files (x86)\\cypress\\psoc creator\\3.3\\psoc creator\\import\\gnu\\arm\\4.9.
 244              		.file 3 "c:\\program files (x86)\\cypress\\psoc creator\\3.3\\psoc creator\\import\\gnu\\arm\\4.9.
 245              		.file 4 "Generated_Source\\PSoC5/cytypes.h"
 246              		.file 5 "Generated_Source\\PSoC5/core_cm3.h"
 247              		.file 6 "c:\\program files (x86)\\cypress\\psoc creator\\3.3\\psoc creator\\import\\gnu\\arm\\4.9.
 248              		.file 7 ".\\herkulex2.h"
 249              		.file 8 "c:\\program files (x86)\\cypress\\psoc creator\\3.3\\psoc creator\\import\\gnu\\arm\\4.9.
 250              		.file 9 "Generated_Source\\PSoC5/CyLib.h"
 251              		.section	.debug_info,"",%progbits
 252              	.Ldebug_info0:
 253 0000 98040000 		.4byte	0x498
 254 0004 0400     		.2byte	0x4
 255 0006 00000000 		.4byte	.Ldebug_abbrev0
 256 000a 04       		.byte	0x4
 257 000b 01       		.uleb128 0x1
 258 000c 14010000 		.4byte	.LASF35
 259 0010 01       		.byte	0x1
 260 0011 A2010000 		.4byte	.LASF36
 261 0015 16000000 		.4byte	.LASF37
 262 0019 00000000 		.4byte	.Ldebug_ranges0+0
 263 001d 00000000 		.4byte	0
 264 0021 00000000 		.4byte	.Ldebug_line0
 265 0025 02       		.uleb128 0x2
ARM GAS  C:\Users\EDTRIC~1\AppData\Local\Temp\cc4K2oea.s 			page 7


 266 0026 01       		.byte	0x1
 267 0027 06       		.byte	0x6
 268 0028 47020000 		.4byte	.LASF0
 269 002c 02       		.uleb128 0x2
 270 002d 01       		.byte	0x1
 271 002e 08       		.byte	0x8
 272 002f 80000000 		.4byte	.LASF1
 273 0033 02       		.uleb128 0x2
 274 0034 02       		.byte	0x2
 275 0035 05       		.byte	0x5
 276 0036 18020000 		.4byte	.LASF2
 277 003a 02       		.uleb128 0x2
 278 003b 02       		.byte	0x2
 279 003c 07       		.byte	0x7
 280 003d A7000000 		.4byte	.LASF3
 281 0041 03       		.uleb128 0x3
 282 0042 62000000 		.4byte	.LASF9
 283 0046 02       		.byte	0x2
 284 0047 3F       		.byte	0x3f
 285 0048 4C000000 		.4byte	0x4c
 286 004c 02       		.uleb128 0x2
 287 004d 04       		.byte	0x4
 288 004e 05       		.byte	0x5
 289 004f 32020000 		.4byte	.LASF4
 290 0053 02       		.uleb128 0x2
 291 0054 04       		.byte	0x4
 292 0055 07       		.byte	0x7
 293 0056 95000000 		.4byte	.LASF5
 294 005a 02       		.uleb128 0x2
 295 005b 08       		.byte	0x8
 296 005c 05       		.byte	0x5
 297 005d 00000000 		.4byte	.LASF6
 298 0061 02       		.uleb128 0x2
 299 0062 08       		.byte	0x8
 300 0063 07       		.byte	0x7
 301 0064 C6010000 		.4byte	.LASF7
 302 0068 04       		.uleb128 0x4
 303 0069 04       		.byte	0x4
 304 006a 05       		.byte	0x5
 305 006b 696E7400 		.ascii	"int\000"
 306 006f 02       		.uleb128 0x2
 307 0070 04       		.byte	0x4
 308 0071 07       		.byte	0x7
 309 0072 B2010000 		.4byte	.LASF8
 310 0076 03       		.uleb128 0x3
 311 0077 EF010000 		.4byte	.LASF10
 312 007b 03       		.byte	0x3
 313 007c 2C       		.byte	0x2c
 314 007d 41000000 		.4byte	0x41
 315 0081 05       		.uleb128 0x5
 316 0082 2C020000 		.4byte	.LASF11
 317 0086 04       		.byte	0x4
 318 0087 3801     		.2byte	0x138
 319 0089 2C000000 		.4byte	0x2c
 320 008d 05       		.uleb128 0x5
 321 008e 0D010000 		.4byte	.LASF12
 322 0092 04       		.byte	0x4
ARM GAS  C:\Users\EDTRIC~1\AppData\Local\Temp\cc4K2oea.s 			page 8


 323 0093 3A01     		.2byte	0x13a
 324 0095 53000000 		.4byte	0x53
 325 0099 02       		.uleb128 0x2
 326 009a 04       		.byte	0x4
 327 009b 04       		.byte	0x4
 328 009c 7A000000 		.4byte	.LASF13
 329 00a0 02       		.uleb128 0x2
 330 00a1 08       		.byte	0x8
 331 00a2 04       		.byte	0x4
 332 00a3 EB000000 		.4byte	.LASF14
 333 00a7 02       		.uleb128 0x2
 334 00a8 01       		.byte	0x1
 335 00a9 08       		.byte	0x8
 336 00aa 13020000 		.4byte	.LASF15
 337 00ae 02       		.uleb128 0x2
 338 00af 04       		.byte	0x4
 339 00b0 07       		.byte	0x7
 340 00b1 0A020000 		.4byte	.LASF16
 341 00b5 06       		.uleb128 0x6
 342 00b6 04       		.byte	0x4
 343 00b7 07       		.uleb128 0x7
 344 00b8 04       		.byte	0x4
 345 00b9 A7000000 		.4byte	0xa7
 346 00bd 07       		.uleb128 0x7
 347 00be 04       		.byte	0x4
 348 00bf C3000000 		.4byte	0xc3
 349 00c3 08       		.uleb128 0x8
 350 00c4 A7000000 		.4byte	0xa7
 351 00c8 02       		.uleb128 0x2
 352 00c9 08       		.byte	0x8
 353 00ca 04       		.byte	0x4
 354 00cb 3B020000 		.4byte	.LASF17
 355 00cf 09       		.uleb128 0x9
 356 00d0 D0000000 		.4byte	.LASF21
 357 00d4 01       		.byte	0x1
 358 00d5 2A       		.byte	0x2a
 359 00d6 00000000 		.4byte	.LFB64
 360 00da 8C000000 		.4byte	.LFE64-.LFB64
 361 00de 01       		.uleb128 0x1
 362 00df 9C       		.byte	0x9c
 363 00e0 4D020000 		.4byte	0x24d
 364 00e4 0A       		.uleb128 0xa
 365 00e5 494400   		.ascii	"ID\000"
 366 00e8 01       		.byte	0x1
 367 00e9 2C       		.byte	0x2c
 368 00ea 68000000 		.4byte	0x68
 369 00ee 00000000 		.4byte	.LLST0
 370 00f2 0B       		.uleb128 0xb
 371 00f3 18000000 		.4byte	.LBB2
 372 00f7 16000000 		.4byte	.LBE2-.LBB2
 373 00fb 3F010000 		.4byte	0x13f
 374 00ff 0C       		.uleb128 0xc
 375 0100 0E000000 		.4byte	.LASF18
 376 0104 01       		.byte	0x1
 377 0105 30       		.byte	0x30
 378 0106 68000000 		.4byte	0x68
 379 010a 1E000000 		.4byte	.LLST1
ARM GAS  C:\Users\EDTRIC~1\AppData\Local\Temp\cc4K2oea.s 			page 9


 380 010e 0D       		.uleb128 0xd
 381 010f 20000000 		.4byte	.LVL4
 382 0113 99030000 		.4byte	0x399
 383 0117 22010000 		.4byte	0x122
 384 011b 0E       		.uleb128 0xe
 385 011c 01       		.uleb128 0x1
 386 011d 50       		.byte	0x50
 387 011e 02       		.uleb128 0x2
 388 011f 75       		.byte	0x75
 389 0120 32       		.sleb128 50
 390 0121 00       		.byte	0
 391 0122 0F       		.uleb128 0xf
 392 0123 2E000000 		.4byte	.LVL7
 393 0127 AE030000 		.4byte	0x3ae
 394 012b 0E       		.uleb128 0xe
 395 012c 01       		.uleb128 0x1
 396 012d 53       		.byte	0x53
 397 012e 01       		.uleb128 0x1
 398 012f 32       		.byte	0x32
 399 0130 0E       		.uleb128 0xe
 400 0131 01       		.uleb128 0x1
 401 0132 52       		.byte	0x52
 402 0133 03       		.uleb128 0x3
 403 0134 0A       		.byte	0xa
 404 0135 F401     		.2byte	0x1f4
 405 0137 0E       		.uleb128 0xe
 406 0138 01       		.uleb128 0x1
 407 0139 50       		.byte	0x50
 408 013a 02       		.uleb128 0x2
 409 013b 74       		.byte	0x74
 410 013c 00       		.sleb128 0
 411 013d 00       		.byte	0
 412 013e 00       		.byte	0
 413 013f 0B       		.uleb128 0xb
 414 0140 38000000 		.4byte	.LBB3
 415 0144 1A000000 		.4byte	.LBE3-.LBB3
 416 0148 8F010000 		.4byte	0x18f
 417 014c 0C       		.uleb128 0xc
 418 014d 05010000 		.4byte	.LASF19
 419 0151 01       		.byte	0x1
 420 0152 35       		.byte	0x35
 421 0153 A0000000 		.4byte	0xa0
 422 0157 3C000000 		.4byte	.LLST2
 423 015b 0D       		.uleb128 0xd
 424 015c 3E000000 		.4byte	.LVL9
 425 0160 CE030000 		.4byte	0x3ce
 426 0164 72010000 		.4byte	0x172
 427 0168 0E       		.uleb128 0xe
 428 0169 01       		.uleb128 0x1
 429 016a 50       		.byte	0x50
 430 016b 05       		.uleb128 0x5
 431 016c 03       		.byte	0x3
 432 016d 96000000 		.4byte	RECVD_CMD+150
 433 0171 00       		.byte	0
 434 0172 0F       		.uleb128 0xf
 435 0173 52000000 		.4byte	.LVL11
 436 0177 E3030000 		.4byte	0x3e3
ARM GAS  C:\Users\EDTRIC~1\AppData\Local\Temp\cc4K2oea.s 			page 10


 437 017b 0E       		.uleb128 0xe
 438 017c 01       		.uleb128 0x1
 439 017d 53       		.byte	0x53
 440 017e 01       		.uleb128 0x1
 441 017f 32       		.byte	0x32
 442 0180 0E       		.uleb128 0xe
 443 0181 01       		.uleb128 0x1
 444 0182 52       		.byte	0x52
 445 0183 03       		.uleb128 0x3
 446 0184 0A       		.byte	0xa
 447 0185 F401     		.2byte	0x1f4
 448 0187 0E       		.uleb128 0xe
 449 0188 01       		.uleb128 0x1
 450 0189 50       		.byte	0x50
 451 018a 02       		.uleb128 0x2
 452 018b 75       		.byte	0x75
 453 018c 00       		.sleb128 0
 454 018d 00       		.byte	0
 455 018e 00       		.byte	0
 456 018f 0B       		.uleb128 0xb
 457 0190 5C000000 		.4byte	.LBB4
 458 0194 30000000 		.4byte	.LBE4-.LBB4
 459 0198 DF010000 		.4byte	0x1df
 460 019c 0C       		.uleb128 0xc
 461 019d E7010000 		.4byte	.LASF20
 462 01a1 01       		.byte	0x1
 463 01a2 3A       		.byte	0x3a
 464 01a3 68000000 		.4byte	0x68
 465 01a7 54000000 		.4byte	.LLST3
 466 01ab 0D       		.uleb128 0xd
 467 01ac 62000000 		.4byte	.LVL13
 468 01b0 99030000 		.4byte	0x399
 469 01b4 C2010000 		.4byte	0x1c2
 470 01b8 0E       		.uleb128 0xe
 471 01b9 01       		.uleb128 0x1
 472 01ba 50       		.byte	0x50
 473 01bb 05       		.uleb128 0x5
 474 01bc 03       		.byte	0x3
 475 01bd 96000000 		.4byte	RECVD_CMD+150
 476 01c1 00       		.byte	0
 477 01c2 0F       		.uleb128 0xf
 478 01c3 70000000 		.4byte	.LVL16
 479 01c7 03040000 		.4byte	0x403
 480 01cb 0E       		.uleb128 0xe
 481 01cc 01       		.uleb128 0x1
 482 01cd 53       		.byte	0x53
 483 01ce 01       		.uleb128 0x1
 484 01cf 32       		.byte	0x32
 485 01d0 0E       		.uleb128 0xe
 486 01d1 01       		.uleb128 0x1
 487 01d2 52       		.byte	0x52
 488 01d3 03       		.uleb128 0x3
 489 01d4 0A       		.byte	0xa
 490 01d5 F401     		.2byte	0x1f4
 491 01d7 0E       		.uleb128 0xe
 492 01d8 01       		.uleb128 0x1
 493 01d9 50       		.byte	0x50
ARM GAS  C:\Users\EDTRIC~1\AppData\Local\Temp\cc4K2oea.s 			page 11


 494 01da 02       		.uleb128 0x2
 495 01db 74       		.byte	0x74
 496 01dc 00       		.sleb128 0
 497 01dd 00       		.byte	0
 498 01de 00       		.byte	0
 499 01df 0D       		.uleb128 0xd
 500 01e0 0A000000 		.4byte	.LVL0
 501 01e4 99030000 		.4byte	0x399
 502 01e8 F3010000 		.4byte	0x1f3
 503 01ec 0E       		.uleb128 0xe
 504 01ed 01       		.uleb128 0x1
 505 01ee 50       		.byte	0x50
 506 01ef 02       		.uleb128 0x2
 507 01f0 75       		.byte	0x75
 508 01f1 00       		.sleb128 0
 509 01f2 00       		.byte	0
 510 01f3 0D       		.uleb128 0xd
 511 01f4 16000000 		.4byte	.LVL3
 512 01f8 23040000 		.4byte	0x423
 513 01fc 10020000 		.4byte	0x210
 514 0200 0E       		.uleb128 0xe
 515 0201 01       		.uleb128 0x1
 516 0202 51       		.byte	0x51
 517 0203 05       		.uleb128 0x5
 518 0204 03       		.byte	0x3
 519 0205 00000000 		.4byte	.LC0
 520 0209 0E       		.uleb128 0xe
 521 020a 01       		.uleb128 0x1
 522 020b 50       		.byte	0x50
 523 020c 02       		.uleb128 0x2
 524 020d 75       		.byte	0x75
 525 020e 4E       		.sleb128 -50
 526 020f 00       		.byte	0
 527 0210 0D       		.uleb128 0xd
 528 0211 36000000 		.4byte	.LVL8
 529 0215 23040000 		.4byte	0x423
 530 0219 30020000 		.4byte	0x230
 531 021d 0E       		.uleb128 0xe
 532 021e 01       		.uleb128 0x1
 533 021f 51       		.byte	0x51
 534 0220 05       		.uleb128 0x5
 535 0221 03       		.byte	0x3
 536 0222 0C000000 		.4byte	.LC1
 537 0226 0E       		.uleb128 0xe
 538 0227 01       		.uleb128 0x1
 539 0228 50       		.byte	0x50
 540 0229 05       		.uleb128 0x5
 541 022a 03       		.byte	0x3
 542 022b 32000000 		.4byte	RECVD_CMD+50
 543 022f 00       		.byte	0
 544 0230 0F       		.uleb128 0xf
 545 0231 5A000000 		.4byte	.LVL12
 546 0235 23040000 		.4byte	0x423
 547 0239 0E       		.uleb128 0xe
 548 023a 01       		.uleb128 0x1
 549 023b 51       		.byte	0x51
 550 023c 05       		.uleb128 0x5
ARM GAS  C:\Users\EDTRIC~1\AppData\Local\Temp\cc4K2oea.s 			page 12


 551 023d 03       		.byte	0x3
 552 023e 18000000 		.4byte	.LC2
 553 0242 0E       		.uleb128 0xe
 554 0243 01       		.uleb128 0x1
 555 0244 50       		.byte	0x50
 556 0245 05       		.uleb128 0x5
 557 0246 03       		.byte	0x3
 558 0247 32000000 		.4byte	RECVD_CMD+50
 559 024b 00       		.byte	0
 560 024c 00       		.byte	0
 561 024d 10       		.uleb128 0x10
 562 024e C7000000 		.4byte	.LASF22
 563 0252 01       		.byte	0x1
 564 0253 14       		.byte	0x14
 565 0254 00000000 		.4byte	.LFB63
 566 0258 6C000000 		.4byte	.LFE63-.LFB63
 567 025c 01       		.uleb128 0x1
 568 025d 9C       		.byte	0x9c
 569 025e 61030000 		.4byte	0x361
 570 0262 11       		.uleb128 0x11
 571 0263 E0000000 		.4byte	.LASF38
 572 0267 01       		.byte	0x1
 573 0268 14       		.byte	0x14
 574 0269 B7000000 		.4byte	0xb7
 575 026d 72000000 		.4byte	.LLST4
 576 0271 0A       		.uleb128 0xa
 577 0272 746B6E00 		.ascii	"tkn\000"
 578 0276 01       		.byte	0x1
 579 0277 16       		.byte	0x16
 580 0278 B7000000 		.4byte	0xb7
 581 027c 9E000000 		.4byte	.LLST5
 582 0280 0A       		.uleb128 0xa
 583 0281 636E7400 		.ascii	"cnt\000"
 584 0285 01       		.byte	0x1
 585 0286 17       		.byte	0x17
 586 0287 81000000 		.4byte	0x81
 587 028b D2000000 		.4byte	.LLST6
 588 028f 0D       		.uleb128 0xd
 589 0290 10000000 		.4byte	.LVL21
 590 0294 3D040000 		.4byte	0x43d
 591 0298 AE020000 		.4byte	0x2ae
 592 029c 0E       		.uleb128 0xe
 593 029d 01       		.uleb128 0x1
 594 029e 52       		.byte	0x52
 595 029f 02       		.uleb128 0x2
 596 02a0 08       		.byte	0x8
 597 02a1 C8       		.byte	0xc8
 598 02a2 0E       		.uleb128 0xe
 599 02a3 01       		.uleb128 0x1
 600 02a4 51       		.byte	0x51
 601 02a5 01       		.uleb128 0x1
 602 02a6 30       		.byte	0x30
 603 02a7 0E       		.uleb128 0xe
 604 02a8 01       		.uleb128 0x1
 605 02a9 50       		.byte	0x50
 606 02aa 02       		.uleb128 0x2
 607 02ab 74       		.byte	0x74
ARM GAS  C:\Users\EDTRIC~1\AppData\Local\Temp\cc4K2oea.s 			page 13


 608 02ac 00       		.sleb128 0
 609 02ad 00       		.byte	0
 610 02ae 0D       		.uleb128 0xd
 611 02af 16000000 		.4byte	.LVL22
 612 02b3 5A040000 		.4byte	0x45a
 613 02b7 C1020000 		.4byte	0x2c1
 614 02bb 0E       		.uleb128 0xe
 615 02bc 01       		.uleb128 0x1
 616 02bd 50       		.byte	0x50
 617 02be 01       		.uleb128 0x1
 618 02bf 35       		.byte	0x35
 619 02c0 00       		.byte	0
 620 02c1 0D       		.uleb128 0xd
 621 02c2 1E000000 		.4byte	.LVL23
 622 02c6 6B040000 		.4byte	0x46b
 623 02ca DE020000 		.4byte	0x2de
 624 02ce 0E       		.uleb128 0xe
 625 02cf 01       		.uleb128 0x1
 626 02d0 51       		.byte	0x51
 627 02d1 05       		.uleb128 0x5
 628 02d2 03       		.byte	0x3
 629 02d3 24000000 		.4byte	.LC3
 630 02d7 0E       		.uleb128 0xe
 631 02d8 01       		.uleb128 0x1
 632 02d9 50       		.byte	0x50
 633 02da 02       		.uleb128 0x2
 634 02db 75       		.byte	0x75
 635 02dc 00       		.sleb128 0
 636 02dd 00       		.byte	0
 637 02de 0D       		.uleb128 0xd
 638 02df 28000000 		.4byte	.LVL26
 639 02e3 85040000 		.4byte	0x485
 640 02e7 F8020000 		.4byte	0x2f8
 641 02eb 0E       		.uleb128 0xe
 642 02ec 01       		.uleb128 0x1
 643 02ed 51       		.byte	0x51
 644 02ee 02       		.uleb128 0x2
 645 02ef 75       		.byte	0x75
 646 02f0 00       		.sleb128 0
 647 02f1 0E       		.uleb128 0xe
 648 02f2 01       		.uleb128 0x1
 649 02f3 50       		.byte	0x50
 650 02f4 02       		.uleb128 0x2
 651 02f5 74       		.byte	0x74
 652 02f6 00       		.sleb128 0
 653 02f7 00       		.byte	0
 654 02f8 0D       		.uleb128 0xd
 655 02f9 34000000 		.4byte	.LVL28
 656 02fd 6B040000 		.4byte	0x46b
 657 0301 14030000 		.4byte	0x314
 658 0305 0E       		.uleb128 0xe
 659 0306 01       		.uleb128 0x1
 660 0307 51       		.byte	0x51
 661 0308 05       		.uleb128 0x5
 662 0309 03       		.byte	0x3
 663 030a 24000000 		.4byte	.LC3
 664 030e 0E       		.uleb128 0xe
ARM GAS  C:\Users\EDTRIC~1\AppData\Local\Temp\cc4K2oea.s 			page 14


 665 030f 01       		.uleb128 0x1
 666 0310 50       		.byte	0x50
 667 0311 01       		.uleb128 0x1
 668 0312 30       		.byte	0x30
 669 0313 00       		.byte	0
 670 0314 0D       		.uleb128 0xd
 671 0315 48000000 		.4byte	.LVL32
 672 0319 85040000 		.4byte	0x485
 673 031d 37030000 		.4byte	0x337
 674 0321 0E       		.uleb128 0xe
 675 0322 01       		.uleb128 0x1
 676 0323 51       		.byte	0x51
 677 0324 02       		.uleb128 0x2
 678 0325 75       		.byte	0x75
 679 0326 00       		.sleb128 0
 680 0327 0E       		.uleb128 0xe
 681 0328 01       		.uleb128 0x1
 682 0329 50       		.byte	0x50
 683 032a 0B       		.uleb128 0xb
 684 032b 76       		.byte	0x76
 685 032c 00       		.sleb128 0
 686 032d 08       		.byte	0x8
 687 032e 32       		.byte	0x32
 688 032f 1E       		.byte	0x1e
 689 0330 03       		.byte	0x3
 690 0331 00000000 		.4byte	RECVD_CMD
 691 0335 22       		.byte	0x22
 692 0336 00       		.byte	0
 693 0337 0D       		.uleb128 0xd
 694 0338 56000000 		.4byte	.LVL34
 695 033c 23040000 		.4byte	0x423
 696 0340 57030000 		.4byte	0x357
 697 0344 0E       		.uleb128 0xe
 698 0345 01       		.uleb128 0x1
 699 0346 51       		.byte	0x51
 700 0347 05       		.uleb128 0x5
 701 0348 03       		.byte	0x3
 702 0349 28000000 		.4byte	.LC4
 703 034d 0E       		.uleb128 0xe
 704 034e 01       		.uleb128 0x1
 705 034f 50       		.byte	0x50
 706 0350 05       		.uleb128 0x5
 707 0351 03       		.byte	0x3
 708 0352 00000000 		.4byte	RECVD_CMD
 709 0356 00       		.byte	0
 710 0357 12       		.uleb128 0x12
 711 0358 5C000000 		.4byte	.LVL35
 712 035c CF000000 		.4byte	0xcf
 713 0360 00       		.byte	0
 714 0361 13       		.uleb128 0x13
 715 0362 BA000000 		.4byte	.LASF23
 716 0366 05       		.byte	0x5
 717 0367 5506     		.2byte	0x655
 718 0369 6D030000 		.4byte	0x36d
 719 036d 14       		.uleb128 0x14
 720 036e 76000000 		.4byte	0x76
 721 0372 15       		.uleb128 0x15
ARM GAS  C:\Users\EDTRIC~1\AppData\Local\Temp\cc4K2oea.s 			page 15


 722 0373 A7000000 		.4byte	0xa7
 723 0377 88030000 		.4byte	0x388
 724 037b 16       		.uleb128 0x16
 725 037c AE000000 		.4byte	0xae
 726 0380 03       		.byte	0x3
 727 0381 16       		.uleb128 0x16
 728 0382 AE000000 		.4byte	0xae
 729 0386 31       		.byte	0x31
 730 0387 00       		.byte	0
 731 0388 17       		.uleb128 0x17
 732 0389 22020000 		.4byte	.LASF24
 733 038d 01       		.byte	0x1
 734 038e 10       		.byte	0x10
 735 038f 72030000 		.4byte	0x372
 736 0393 05       		.uleb128 0x5
 737 0394 03       		.byte	0x3
 738 0395 00000000 		.4byte	RECVD_CMD
 739 0399 18       		.uleb128 0x18
 740 039a E2010000 		.4byte	.LASF25
 741 039e 06       		.byte	0x6
 742 039f 4A       		.byte	0x4a
 743 03a0 68000000 		.4byte	0x68
 744 03a4 AE030000 		.4byte	0x3ae
 745 03a8 19       		.uleb128 0x19
 746 03a9 BD000000 		.4byte	0xbd
 747 03ad 00       		.byte	0
 748 03ae 1A       		.uleb128 0x1a
 749 03af 6C000000 		.4byte	.LASF27
 750 03b3 07       		.byte	0x7
 751 03b4 59       		.byte	0x59
 752 03b5 CE030000 		.4byte	0x3ce
 753 03b9 19       		.uleb128 0x19
 754 03ba 81000000 		.4byte	0x81
 755 03be 19       		.uleb128 0x19
 756 03bf 68000000 		.4byte	0x68
 757 03c3 19       		.uleb128 0x19
 758 03c4 68000000 		.4byte	0x68
 759 03c8 19       		.uleb128 0x19
 760 03c9 81000000 		.4byte	0x81
 761 03cd 00       		.byte	0
 762 03ce 18       		.uleb128 0x18
 763 03cf DD010000 		.4byte	.LASF26
 764 03d3 06       		.byte	0x6
 765 03d4 46       		.byte	0x46
 766 03d5 A0000000 		.4byte	0xa0
 767 03d9 E3030000 		.4byte	0x3e3
 768 03dd 19       		.uleb128 0x19
 769 03de BD000000 		.4byte	0xbd
 770 03e2 00       		.byte	0
 771 03e3 1A       		.uleb128 0x1a
 772 03e4 F7010000 		.4byte	.LASF28
 773 03e8 07       		.byte	0x7
 774 03e9 5A       		.byte	0x5a
 775 03ea 03040000 		.4byte	0x403
 776 03ee 19       		.uleb128 0x19
 777 03ef 81000000 		.4byte	0x81
 778 03f3 19       		.uleb128 0x19
ARM GAS  C:\Users\EDTRIC~1\AppData\Local\Temp\cc4K2oea.s 			page 16


 779 03f4 99000000 		.4byte	0x99
 780 03f8 19       		.uleb128 0x19
 781 03f9 68000000 		.4byte	0x68
 782 03fd 19       		.uleb128 0x19
 783 03fe 81000000 		.4byte	0x81
 784 0402 00       		.byte	0
 785 0403 1A       		.uleb128 0x1a
 786 0404 F2000000 		.4byte	.LASF29
 787 0408 07       		.byte	0x7
 788 0409 58       		.byte	0x58
 789 040a 23040000 		.4byte	0x423
 790 040e 19       		.uleb128 0x19
 791 040f 81000000 		.4byte	0x81
 792 0413 19       		.uleb128 0x19
 793 0414 68000000 		.4byte	0x68
 794 0418 19       		.uleb128 0x19
 795 0419 68000000 		.4byte	0x68
 796 041d 19       		.uleb128 0x19
 797 041e 81000000 		.4byte	0x81
 798 0422 00       		.byte	0
 799 0423 18       		.uleb128 0x18
 800 0424 53020000 		.4byte	.LASF30
 801 0428 08       		.byte	0x8
 802 0429 28       		.byte	0x28
 803 042a B7000000 		.4byte	0xb7
 804 042e 3D040000 		.4byte	0x43d
 805 0432 19       		.uleb128 0x19
 806 0433 BD000000 		.4byte	0xbd
 807 0437 19       		.uleb128 0x19
 808 0438 BD000000 		.4byte	0xbd
 809 043c 00       		.byte	0
 810 043d 1B       		.uleb128 0x1b
 811 043e D9000000 		.4byte	.LASF31
 812 0442 B5000000 		.4byte	0xb5
 813 0446 5A040000 		.4byte	0x45a
 814 044a 19       		.uleb128 0x19
 815 044b B5000000 		.4byte	0xb5
 816 044f 19       		.uleb128 0x19
 817 0450 68000000 		.4byte	0x68
 818 0454 19       		.uleb128 0x19
 819 0455 AE000000 		.4byte	0xae
 820 0459 00       		.byte	0
 821 045a 1A       		.uleb128 0x1a
 822 045b 5A020000 		.4byte	.LASF32
 823 045f 09       		.byte	0x9
 824 0460 77       		.byte	0x77
 825 0461 6B040000 		.4byte	0x46b
 826 0465 19       		.uleb128 0x19
 827 0466 8D000000 		.4byte	0x8d
 828 046a 00       		.byte	0
 829 046b 18       		.uleb128 0x18
 830 046c BF010000 		.4byte	.LASF33
 831 0470 08       		.byte	0x8
 832 0471 2A       		.byte	0x2a
 833 0472 B7000000 		.4byte	0xb7
 834 0476 85040000 		.4byte	0x485
 835 047a 19       		.uleb128 0x19
ARM GAS  C:\Users\EDTRIC~1\AppData\Local\Temp\cc4K2oea.s 			page 17


 836 047b B7000000 		.4byte	0xb7
 837 047f 19       		.uleb128 0x19
 838 0480 BD000000 		.4byte	0xbd
 839 0484 00       		.byte	0
 840 0485 1C       		.uleb128 0x1c
 841 0486 8E000000 		.4byte	.LASF34
 842 048a 08       		.byte	0x8
 843 048b 1E       		.byte	0x1e
 844 048c B7000000 		.4byte	0xb7
 845 0490 19       		.uleb128 0x19
 846 0491 B7000000 		.4byte	0xb7
 847 0495 19       		.uleb128 0x19
 848 0496 BD000000 		.4byte	0xbd
 849 049a 00       		.byte	0
 850 049b 00       		.byte	0
 851              		.section	.debug_abbrev,"",%progbits
 852              	.Ldebug_abbrev0:
 853 0000 01       		.uleb128 0x1
 854 0001 11       		.uleb128 0x11
 855 0002 01       		.byte	0x1
 856 0003 25       		.uleb128 0x25
 857 0004 0E       		.uleb128 0xe
 858 0005 13       		.uleb128 0x13
 859 0006 0B       		.uleb128 0xb
 860 0007 03       		.uleb128 0x3
 861 0008 0E       		.uleb128 0xe
 862 0009 1B       		.uleb128 0x1b
 863 000a 0E       		.uleb128 0xe
 864 000b 55       		.uleb128 0x55
 865 000c 17       		.uleb128 0x17
 866 000d 11       		.uleb128 0x11
 867 000e 01       		.uleb128 0x1
 868 000f 10       		.uleb128 0x10
 869 0010 17       		.uleb128 0x17
 870 0011 00       		.byte	0
 871 0012 00       		.byte	0
 872 0013 02       		.uleb128 0x2
 873 0014 24       		.uleb128 0x24
 874 0015 00       		.byte	0
 875 0016 0B       		.uleb128 0xb
 876 0017 0B       		.uleb128 0xb
 877 0018 3E       		.uleb128 0x3e
 878 0019 0B       		.uleb128 0xb
 879 001a 03       		.uleb128 0x3
 880 001b 0E       		.uleb128 0xe
 881 001c 00       		.byte	0
 882 001d 00       		.byte	0
 883 001e 03       		.uleb128 0x3
 884 001f 16       		.uleb128 0x16
 885 0020 00       		.byte	0
 886 0021 03       		.uleb128 0x3
 887 0022 0E       		.uleb128 0xe
 888 0023 3A       		.uleb128 0x3a
 889 0024 0B       		.uleb128 0xb
 890 0025 3B       		.uleb128 0x3b
 891 0026 0B       		.uleb128 0xb
 892 0027 49       		.uleb128 0x49
ARM GAS  C:\Users\EDTRIC~1\AppData\Local\Temp\cc4K2oea.s 			page 18


 893 0028 13       		.uleb128 0x13
 894 0029 00       		.byte	0
 895 002a 00       		.byte	0
 896 002b 04       		.uleb128 0x4
 897 002c 24       		.uleb128 0x24
 898 002d 00       		.byte	0
 899 002e 0B       		.uleb128 0xb
 900 002f 0B       		.uleb128 0xb
 901 0030 3E       		.uleb128 0x3e
 902 0031 0B       		.uleb128 0xb
 903 0032 03       		.uleb128 0x3
 904 0033 08       		.uleb128 0x8
 905 0034 00       		.byte	0
 906 0035 00       		.byte	0
 907 0036 05       		.uleb128 0x5
 908 0037 16       		.uleb128 0x16
 909 0038 00       		.byte	0
 910 0039 03       		.uleb128 0x3
 911 003a 0E       		.uleb128 0xe
 912 003b 3A       		.uleb128 0x3a
 913 003c 0B       		.uleb128 0xb
 914 003d 3B       		.uleb128 0x3b
 915 003e 05       		.uleb128 0x5
 916 003f 49       		.uleb128 0x49
 917 0040 13       		.uleb128 0x13
 918 0041 00       		.byte	0
 919 0042 00       		.byte	0
 920 0043 06       		.uleb128 0x6
 921 0044 0F       		.uleb128 0xf
 922 0045 00       		.byte	0
 923 0046 0B       		.uleb128 0xb
 924 0047 0B       		.uleb128 0xb
 925 0048 00       		.byte	0
 926 0049 00       		.byte	0
 927 004a 07       		.uleb128 0x7
 928 004b 0F       		.uleb128 0xf
 929 004c 00       		.byte	0
 930 004d 0B       		.uleb128 0xb
 931 004e 0B       		.uleb128 0xb
 932 004f 49       		.uleb128 0x49
 933 0050 13       		.uleb128 0x13
 934 0051 00       		.byte	0
 935 0052 00       		.byte	0
 936 0053 08       		.uleb128 0x8
 937 0054 26       		.uleb128 0x26
 938 0055 00       		.byte	0
 939 0056 49       		.uleb128 0x49
 940 0057 13       		.uleb128 0x13
 941 0058 00       		.byte	0
 942 0059 00       		.byte	0
 943 005a 09       		.uleb128 0x9
 944 005b 2E       		.uleb128 0x2e
 945 005c 01       		.byte	0x1
 946 005d 3F       		.uleb128 0x3f
 947 005e 19       		.uleb128 0x19
 948 005f 03       		.uleb128 0x3
 949 0060 0E       		.uleb128 0xe
ARM GAS  C:\Users\EDTRIC~1\AppData\Local\Temp\cc4K2oea.s 			page 19


 950 0061 3A       		.uleb128 0x3a
 951 0062 0B       		.uleb128 0xb
 952 0063 3B       		.uleb128 0x3b
 953 0064 0B       		.uleb128 0xb
 954 0065 27       		.uleb128 0x27
 955 0066 19       		.uleb128 0x19
 956 0067 11       		.uleb128 0x11
 957 0068 01       		.uleb128 0x1
 958 0069 12       		.uleb128 0x12
 959 006a 06       		.uleb128 0x6
 960 006b 40       		.uleb128 0x40
 961 006c 18       		.uleb128 0x18
 962 006d 9642     		.uleb128 0x2116
 963 006f 19       		.uleb128 0x19
 964 0070 01       		.uleb128 0x1
 965 0071 13       		.uleb128 0x13
 966 0072 00       		.byte	0
 967 0073 00       		.byte	0
 968 0074 0A       		.uleb128 0xa
 969 0075 34       		.uleb128 0x34
 970 0076 00       		.byte	0
 971 0077 03       		.uleb128 0x3
 972 0078 08       		.uleb128 0x8
 973 0079 3A       		.uleb128 0x3a
 974 007a 0B       		.uleb128 0xb
 975 007b 3B       		.uleb128 0x3b
 976 007c 0B       		.uleb128 0xb
 977 007d 49       		.uleb128 0x49
 978 007e 13       		.uleb128 0x13
 979 007f 02       		.uleb128 0x2
 980 0080 17       		.uleb128 0x17
 981 0081 00       		.byte	0
 982 0082 00       		.byte	0
 983 0083 0B       		.uleb128 0xb
 984 0084 0B       		.uleb128 0xb
 985 0085 01       		.byte	0x1
 986 0086 11       		.uleb128 0x11
 987 0087 01       		.uleb128 0x1
 988 0088 12       		.uleb128 0x12
 989 0089 06       		.uleb128 0x6
 990 008a 01       		.uleb128 0x1
 991 008b 13       		.uleb128 0x13
 992 008c 00       		.byte	0
 993 008d 00       		.byte	0
 994 008e 0C       		.uleb128 0xc
 995 008f 34       		.uleb128 0x34
 996 0090 00       		.byte	0
 997 0091 03       		.uleb128 0x3
 998 0092 0E       		.uleb128 0xe
 999 0093 3A       		.uleb128 0x3a
 1000 0094 0B       		.uleb128 0xb
 1001 0095 3B       		.uleb128 0x3b
 1002 0096 0B       		.uleb128 0xb
 1003 0097 49       		.uleb128 0x49
 1004 0098 13       		.uleb128 0x13
 1005 0099 02       		.uleb128 0x2
 1006 009a 17       		.uleb128 0x17
ARM GAS  C:\Users\EDTRIC~1\AppData\Local\Temp\cc4K2oea.s 			page 20


 1007 009b 00       		.byte	0
 1008 009c 00       		.byte	0
 1009 009d 0D       		.uleb128 0xd
 1010 009e 898201   		.uleb128 0x4109
 1011 00a1 01       		.byte	0x1
 1012 00a2 11       		.uleb128 0x11
 1013 00a3 01       		.uleb128 0x1
 1014 00a4 31       		.uleb128 0x31
 1015 00a5 13       		.uleb128 0x13
 1016 00a6 01       		.uleb128 0x1
 1017 00a7 13       		.uleb128 0x13
 1018 00a8 00       		.byte	0
 1019 00a9 00       		.byte	0
 1020 00aa 0E       		.uleb128 0xe
 1021 00ab 8A8201   		.uleb128 0x410a
 1022 00ae 00       		.byte	0
 1023 00af 02       		.uleb128 0x2
 1024 00b0 18       		.uleb128 0x18
 1025 00b1 9142     		.uleb128 0x2111
 1026 00b3 18       		.uleb128 0x18
 1027 00b4 00       		.byte	0
 1028 00b5 00       		.byte	0
 1029 00b6 0F       		.uleb128 0xf
 1030 00b7 898201   		.uleb128 0x4109
 1031 00ba 01       		.byte	0x1
 1032 00bb 11       		.uleb128 0x11
 1033 00bc 01       		.uleb128 0x1
 1034 00bd 31       		.uleb128 0x31
 1035 00be 13       		.uleb128 0x13
 1036 00bf 00       		.byte	0
 1037 00c0 00       		.byte	0
 1038 00c1 10       		.uleb128 0x10
 1039 00c2 2E       		.uleb128 0x2e
 1040 00c3 01       		.byte	0x1
 1041 00c4 3F       		.uleb128 0x3f
 1042 00c5 19       		.uleb128 0x19
 1043 00c6 03       		.uleb128 0x3
 1044 00c7 0E       		.uleb128 0xe
 1045 00c8 3A       		.uleb128 0x3a
 1046 00c9 0B       		.uleb128 0xb
 1047 00ca 3B       		.uleb128 0x3b
 1048 00cb 0B       		.uleb128 0xb
 1049 00cc 27       		.uleb128 0x27
 1050 00cd 19       		.uleb128 0x19
 1051 00ce 11       		.uleb128 0x11
 1052 00cf 01       		.uleb128 0x1
 1053 00d0 12       		.uleb128 0x12
 1054 00d1 06       		.uleb128 0x6
 1055 00d2 40       		.uleb128 0x40
 1056 00d3 18       		.uleb128 0x18
 1057 00d4 9742     		.uleb128 0x2117
 1058 00d6 19       		.uleb128 0x19
 1059 00d7 01       		.uleb128 0x1
 1060 00d8 13       		.uleb128 0x13
 1061 00d9 00       		.byte	0
 1062 00da 00       		.byte	0
 1063 00db 11       		.uleb128 0x11
ARM GAS  C:\Users\EDTRIC~1\AppData\Local\Temp\cc4K2oea.s 			page 21


 1064 00dc 05       		.uleb128 0x5
 1065 00dd 00       		.byte	0
 1066 00de 03       		.uleb128 0x3
 1067 00df 0E       		.uleb128 0xe
 1068 00e0 3A       		.uleb128 0x3a
 1069 00e1 0B       		.uleb128 0xb
 1070 00e2 3B       		.uleb128 0x3b
 1071 00e3 0B       		.uleb128 0xb
 1072 00e4 49       		.uleb128 0x49
 1073 00e5 13       		.uleb128 0x13
 1074 00e6 02       		.uleb128 0x2
 1075 00e7 17       		.uleb128 0x17
 1076 00e8 00       		.byte	0
 1077 00e9 00       		.byte	0
 1078 00ea 12       		.uleb128 0x12
 1079 00eb 898201   		.uleb128 0x4109
 1080 00ee 00       		.byte	0
 1081 00ef 11       		.uleb128 0x11
 1082 00f0 01       		.uleb128 0x1
 1083 00f1 31       		.uleb128 0x31
 1084 00f2 13       		.uleb128 0x13
 1085 00f3 00       		.byte	0
 1086 00f4 00       		.byte	0
 1087 00f5 13       		.uleb128 0x13
 1088 00f6 34       		.uleb128 0x34
 1089 00f7 00       		.byte	0
 1090 00f8 03       		.uleb128 0x3
 1091 00f9 0E       		.uleb128 0xe
 1092 00fa 3A       		.uleb128 0x3a
 1093 00fb 0B       		.uleb128 0xb
 1094 00fc 3B       		.uleb128 0x3b
 1095 00fd 05       		.uleb128 0x5
 1096 00fe 49       		.uleb128 0x49
 1097 00ff 13       		.uleb128 0x13
 1098 0100 3F       		.uleb128 0x3f
 1099 0101 19       		.uleb128 0x19
 1100 0102 3C       		.uleb128 0x3c
 1101 0103 19       		.uleb128 0x19
 1102 0104 00       		.byte	0
 1103 0105 00       		.byte	0
 1104 0106 14       		.uleb128 0x14
 1105 0107 35       		.uleb128 0x35
 1106 0108 00       		.byte	0
 1107 0109 49       		.uleb128 0x49
 1108 010a 13       		.uleb128 0x13
 1109 010b 00       		.byte	0
 1110 010c 00       		.byte	0
 1111 010d 15       		.uleb128 0x15
 1112 010e 01       		.uleb128 0x1
 1113 010f 01       		.byte	0x1
 1114 0110 49       		.uleb128 0x49
 1115 0111 13       		.uleb128 0x13
 1116 0112 01       		.uleb128 0x1
 1117 0113 13       		.uleb128 0x13
 1118 0114 00       		.byte	0
 1119 0115 00       		.byte	0
 1120 0116 16       		.uleb128 0x16
ARM GAS  C:\Users\EDTRIC~1\AppData\Local\Temp\cc4K2oea.s 			page 22


 1121 0117 21       		.uleb128 0x21
 1122 0118 00       		.byte	0
 1123 0119 49       		.uleb128 0x49
 1124 011a 13       		.uleb128 0x13
 1125 011b 2F       		.uleb128 0x2f
 1126 011c 0B       		.uleb128 0xb
 1127 011d 00       		.byte	0
 1128 011e 00       		.byte	0
 1129 011f 17       		.uleb128 0x17
 1130 0120 34       		.uleb128 0x34
 1131 0121 00       		.byte	0
 1132 0122 03       		.uleb128 0x3
 1133 0123 0E       		.uleb128 0xe
 1134 0124 3A       		.uleb128 0x3a
 1135 0125 0B       		.uleb128 0xb
 1136 0126 3B       		.uleb128 0x3b
 1137 0127 0B       		.uleb128 0xb
 1138 0128 49       		.uleb128 0x49
 1139 0129 13       		.uleb128 0x13
 1140 012a 3F       		.uleb128 0x3f
 1141 012b 19       		.uleb128 0x19
 1142 012c 02       		.uleb128 0x2
 1143 012d 18       		.uleb128 0x18
 1144 012e 00       		.byte	0
 1145 012f 00       		.byte	0
 1146 0130 18       		.uleb128 0x18
 1147 0131 2E       		.uleb128 0x2e
 1148 0132 01       		.byte	0x1
 1149 0133 3F       		.uleb128 0x3f
 1150 0134 19       		.uleb128 0x19
 1151 0135 03       		.uleb128 0x3
 1152 0136 0E       		.uleb128 0xe
 1153 0137 3A       		.uleb128 0x3a
 1154 0138 0B       		.uleb128 0xb
 1155 0139 3B       		.uleb128 0x3b
 1156 013a 0B       		.uleb128 0xb
 1157 013b 27       		.uleb128 0x27
 1158 013c 19       		.uleb128 0x19
 1159 013d 49       		.uleb128 0x49
 1160 013e 13       		.uleb128 0x13
 1161 013f 3C       		.uleb128 0x3c
 1162 0140 19       		.uleb128 0x19
 1163 0141 01       		.uleb128 0x1
 1164 0142 13       		.uleb128 0x13
 1165 0143 00       		.byte	0
 1166 0144 00       		.byte	0
 1167 0145 19       		.uleb128 0x19
 1168 0146 05       		.uleb128 0x5
 1169 0147 00       		.byte	0
 1170 0148 49       		.uleb128 0x49
 1171 0149 13       		.uleb128 0x13
 1172 014a 00       		.byte	0
 1173 014b 00       		.byte	0
 1174 014c 1A       		.uleb128 0x1a
 1175 014d 2E       		.uleb128 0x2e
 1176 014e 01       		.byte	0x1
 1177 014f 3F       		.uleb128 0x3f
ARM GAS  C:\Users\EDTRIC~1\AppData\Local\Temp\cc4K2oea.s 			page 23


 1178 0150 19       		.uleb128 0x19
 1179 0151 03       		.uleb128 0x3
 1180 0152 0E       		.uleb128 0xe
 1181 0153 3A       		.uleb128 0x3a
 1182 0154 0B       		.uleb128 0xb
 1183 0155 3B       		.uleb128 0x3b
 1184 0156 0B       		.uleb128 0xb
 1185 0157 27       		.uleb128 0x27
 1186 0158 19       		.uleb128 0x19
 1187 0159 3C       		.uleb128 0x3c
 1188 015a 19       		.uleb128 0x19
 1189 015b 01       		.uleb128 0x1
 1190 015c 13       		.uleb128 0x13
 1191 015d 00       		.byte	0
 1192 015e 00       		.byte	0
 1193 015f 1B       		.uleb128 0x1b
 1194 0160 2E       		.uleb128 0x2e
 1195 0161 01       		.byte	0x1
 1196 0162 3F       		.uleb128 0x3f
 1197 0163 19       		.uleb128 0x19
 1198 0164 03       		.uleb128 0x3
 1199 0165 0E       		.uleb128 0xe
 1200 0166 27       		.uleb128 0x27
 1201 0167 19       		.uleb128 0x19
 1202 0168 49       		.uleb128 0x49
 1203 0169 13       		.uleb128 0x13
 1204 016a 34       		.uleb128 0x34
 1205 016b 19       		.uleb128 0x19
 1206 016c 3C       		.uleb128 0x3c
 1207 016d 19       		.uleb128 0x19
 1208 016e 01       		.uleb128 0x1
 1209 016f 13       		.uleb128 0x13
 1210 0170 00       		.byte	0
 1211 0171 00       		.byte	0
 1212 0172 1C       		.uleb128 0x1c
 1213 0173 2E       		.uleb128 0x2e
 1214 0174 01       		.byte	0x1
 1215 0175 3F       		.uleb128 0x3f
 1216 0176 19       		.uleb128 0x19
 1217 0177 03       		.uleb128 0x3
 1218 0178 0E       		.uleb128 0xe
 1219 0179 3A       		.uleb128 0x3a
 1220 017a 0B       		.uleb128 0xb
 1221 017b 3B       		.uleb128 0x3b
 1222 017c 0B       		.uleb128 0xb
 1223 017d 27       		.uleb128 0x27
 1224 017e 19       		.uleb128 0x19
 1225 017f 49       		.uleb128 0x49
 1226 0180 13       		.uleb128 0x13
 1227 0181 3C       		.uleb128 0x3c
 1228 0182 19       		.uleb128 0x19
 1229 0183 00       		.byte	0
 1230 0184 00       		.byte	0
 1231 0185 00       		.byte	0
 1232              		.section	.debug_loc,"",%progbits
 1233              	.Ldebug_loc0:
 1234              	.LLST0:
ARM GAS  C:\Users\EDTRIC~1\AppData\Local\Temp\cc4K2oea.s 			page 24


 1235 0000 0C000000 		.4byte	.LVL1
 1236 0004 10000000 		.4byte	.LVL2
 1237 0008 0100     		.2byte	0x1
 1238 000a 50       		.byte	0x50
 1239 000b 10000000 		.4byte	.LVL2
 1240 000f 72000000 		.4byte	.LVL17
 1241 0013 0100     		.2byte	0x1
 1242 0015 54       		.byte	0x54
 1243 0016 00000000 		.4byte	0
 1244 001a 00000000 		.4byte	0
 1245              	.LLST1:
 1246 001e 22000000 		.4byte	.LVL5
 1247 0022 24000000 		.4byte	.LVL6
 1248 0026 0100     		.2byte	0x1
 1249 0028 50       		.byte	0x50
 1250 0029 24000000 		.4byte	.LVL6
 1251 002d 2D000000 		.4byte	.LVL7-1
 1252 0031 0100     		.2byte	0x1
 1253 0033 51       		.byte	0x51
 1254 0034 00000000 		.4byte	0
 1255 0038 00000000 		.4byte	0
 1256              	.LLST2:
 1257 003c 3E000000 		.4byte	.LVL9
 1258 0040 43000000 		.4byte	.LVL10-1
 1259 0044 0600     		.2byte	0x6
 1260 0046 50       		.byte	0x50
 1261 0047 93       		.byte	0x93
 1262 0048 04       		.uleb128 0x4
 1263 0049 51       		.byte	0x51
 1264 004a 93       		.byte	0x93
 1265 004b 04       		.uleb128 0x4
 1266 004c 00000000 		.4byte	0
 1267 0050 00000000 		.4byte	0
 1268              	.LLST3:
 1269 0054 64000000 		.4byte	.LVL14
 1270 0058 66000000 		.4byte	.LVL15
 1271 005c 0100     		.2byte	0x1
 1272 005e 50       		.byte	0x50
 1273 005f 66000000 		.4byte	.LVL15
 1274 0063 6F000000 		.4byte	.LVL16-1
 1275 0067 0100     		.2byte	0x1
 1276 0069 51       		.byte	0x51
 1277 006a 00000000 		.4byte	0
 1278 006e 00000000 		.4byte	0
 1279              	.LLST4:
 1280 0072 00000000 		.4byte	.LVL18
 1281 0076 08000000 		.4byte	.LVL20
 1282 007a 0100     		.2byte	0x1
 1283 007c 50       		.byte	0x50
 1284 007d 08000000 		.4byte	.LVL20
 1285 0081 20000000 		.4byte	.LVL24
 1286 0085 0100     		.2byte	0x1
 1287 0087 55       		.byte	0x55
 1288 0088 20000000 		.4byte	.LVL24
 1289 008c 6C000000 		.4byte	.LFE63
 1290 0090 0400     		.2byte	0x4
 1291 0092 F3       		.byte	0xf3
ARM GAS  C:\Users\EDTRIC~1\AppData\Local\Temp\cc4K2oea.s 			page 25


 1292 0093 01       		.uleb128 0x1
 1293 0094 50       		.byte	0x50
 1294 0095 9F       		.byte	0x9f
 1295 0096 00000000 		.4byte	0
 1296 009a 00000000 		.4byte	0
 1297              	.LLST5:
 1298 009e 20000000 		.4byte	.LVL24
 1299 00a2 22000000 		.4byte	.LVL25
 1300 00a6 0100     		.2byte	0x1
 1301 00a8 50       		.byte	0x50
 1302 00a9 22000000 		.4byte	.LVL25
 1303 00ad 36000000 		.4byte	.LVL29
 1304 00b1 0100     		.2byte	0x1
 1305 00b3 55       		.byte	0x55
 1306 00b4 36000000 		.4byte	.LVL29
 1307 00b8 3E000000 		.4byte	.LVL31
 1308 00bc 0100     		.2byte	0x1
 1309 00be 50       		.byte	0x50
 1310 00bf 3E000000 		.4byte	.LVL31
 1311 00c3 5E000000 		.4byte	.LVL36
 1312 00c7 0100     		.2byte	0x1
 1313 00c9 55       		.byte	0x55
 1314 00ca 00000000 		.4byte	0
 1315 00ce 00000000 		.4byte	0
 1316              	.LLST6:
 1317 00d2 04000000 		.4byte	.LVL19
 1318 00d6 2C000000 		.4byte	.LVL27
 1319 00da 0200     		.2byte	0x2
 1320 00dc 31       		.byte	0x31
 1321 00dd 9F       		.byte	0x9f
 1322 00de 2C000000 		.4byte	.LVL27
 1323 00e2 3A000000 		.4byte	.LVL30
 1324 00e6 0100     		.2byte	0x1
 1325 00e8 56       		.byte	0x56
 1326 00e9 3A000000 		.4byte	.LVL30
 1327 00ed 4A000000 		.4byte	.LVL33
 1328 00f1 0100     		.2byte	0x1
 1329 00f3 54       		.byte	0x54
 1330 00f4 4A000000 		.4byte	.LVL33
 1331 00f8 5E000000 		.4byte	.LVL36
 1332 00fc 0100     		.2byte	0x1
 1333 00fe 56       		.byte	0x56
 1334 00ff 00000000 		.4byte	0
 1335 0103 00000000 		.4byte	0
 1336              		.section	.debug_aranges,"",%progbits
 1337 0000 24000000 		.4byte	0x24
 1338 0004 0200     		.2byte	0x2
 1339 0006 00000000 		.4byte	.Ldebug_info0
 1340 000a 04       		.byte	0x4
 1341 000b 00       		.byte	0
 1342 000c 0000     		.2byte	0
 1343 000e 0000     		.2byte	0
 1344 0010 00000000 		.4byte	.LFB64
 1345 0014 8C000000 		.4byte	.LFE64-.LFB64
 1346 0018 00000000 		.4byte	.LFB63
 1347 001c 6C000000 		.4byte	.LFE63-.LFB63
 1348 0020 00000000 		.4byte	0
ARM GAS  C:\Users\EDTRIC~1\AppData\Local\Temp\cc4K2oea.s 			page 26


 1349 0024 00000000 		.4byte	0
 1350              		.section	.debug_ranges,"",%progbits
 1351              	.Ldebug_ranges0:
 1352 0000 00000000 		.4byte	.LFB64
 1353 0004 8C000000 		.4byte	.LFE64
 1354 0008 00000000 		.4byte	.LFB63
 1355 000c 6C000000 		.4byte	.LFE63
 1356 0010 00000000 		.4byte	0
 1357 0014 00000000 		.4byte	0
 1358              		.section	.debug_line,"",%progbits
 1359              	.Ldebug_line0:
 1360 0000 C4010000 		.section	.debug_str,"MS",%progbits,1
 1360      02008401 
 1360      00000201 
 1360      FB0E0D00 
 1360      01010101 
 1361              	.LASF6:
 1362 0000 6C6F6E67 		.ascii	"long long int\000"
 1362      206C6F6E 
 1362      6720696E 
 1362      7400
 1363              	.LASF18:
 1364 000e 706F735F 		.ascii	"pos_num\000"
 1364      6E756D00 
 1365              	.LASF37:
 1366 0016 433A5C55 		.ascii	"C:\\Users\\edtriccorp\\Documents\\PSoC Creator\\Ava"
 1366      73657273 
 1366      5C656474 
 1366      72696363 
 1366      6F72705C 
 1367 0044 74617220 		.ascii	"tar Comms\\Nimbelink 4.0.cydsn\000"
 1367      436F6D6D 
 1367      735C4E69 
 1367      6D62656C 
 1367      696E6B20 
 1368              	.LASF9:
 1369 0062 5F5F696E 		.ascii	"__int32_t\000"
 1369      7433325F 
 1369      7400
 1370              	.LASF27:
 1371 006c 53657276 		.ascii	"Servo_moveOne\000"
 1371      6F5F6D6F 
 1371      76654F6E 
 1371      6500
 1372              	.LASF13:
 1373 007a 666C6F61 		.ascii	"float\000"
 1373      7400
 1374              	.LASF1:
 1375 0080 756E7369 		.ascii	"unsigned char\000"
 1375      676E6564 
 1375      20636861 
 1375      7200
 1376              	.LASF34:
 1377 008e 73747263 		.ascii	"strcpy\000"
 1377      707900
 1378              	.LASF5:
 1379 0095 6C6F6E67 		.ascii	"long unsigned int\000"
ARM GAS  C:\Users\EDTRIC~1\AppData\Local\Temp\cc4K2oea.s 			page 27


 1379      20756E73 
 1379      69676E65 
 1379      6420696E 
 1379      7400
 1380              	.LASF3:
 1381 00a7 73686F72 		.ascii	"short unsigned int\000"
 1381      7420756E 
 1381      7369676E 
 1381      65642069 
 1381      6E7400
 1382              	.LASF23:
 1383 00ba 49544D5F 		.ascii	"ITM_RxBuffer\000"
 1383      52784275 
 1383      66666572 
 1383      00
 1384              	.LASF22:
 1385 00c7 434D445F 		.ascii	"CMD_SEND\000"
 1385      53454E44 
 1385      00
 1386              	.LASF21:
 1387 00d0 53657276 		.ascii	"ServoCMD\000"
 1387      6F434D44 
 1387      00
 1388              	.LASF31:
 1389 00d9 6D656D73 		.ascii	"memset\000"
 1389      657400
 1390              	.LASF38:
 1391 00e0 636D645F 		.ascii	"cmd_string\000"
 1391      73747269 
 1391      6E6700
 1392              	.LASF14:
 1393 00eb 646F7562 		.ascii	"double\000"
 1393      6C6500
 1394              	.LASF29:
 1395 00f2 53657276 		.ascii	"Servo_moveSpeedOne\000"
 1395      6F5F6D6F 
 1395      76655370 
 1395      6565644F 
 1395      6E6500
 1396              	.LASF19:
 1397 0105 616E675F 		.ascii	"ang_num\000"
 1397      6E756D00 
 1398              	.LASF12:
 1399 010d 75696E74 		.ascii	"uint32\000"
 1399      333200
 1400              	.LASF35:
 1401 0114 474E5520 		.ascii	"GNU C 4.9.3 20150303 (release) [ARM/embedded-4_9-br"
 1401      4320342E 
 1401      392E3320 
 1401      32303135 
 1401      30333033 
 1402 0147 616E6368 		.ascii	"anch revision 221220] -mcpu=cortex-m3 -mthumb -g -O"
 1402      20726576 
 1402      6973696F 
 1402      6E203232 
 1402      31323230 
 1403 017a 67202D66 		.ascii	"g -ffunction-sections -ffat-lto-objects\000"
ARM GAS  C:\Users\EDTRIC~1\AppData\Local\Temp\cc4K2oea.s 			page 28


 1403      66756E63 
 1403      74696F6E 
 1403      2D736563 
 1403      74696F6E 
 1404              	.LASF36:
 1405 01a2 2E5C434D 		.ascii	".\\CMD_Handler.c\000"
 1405      445F4861 
 1405      6E646C65 
 1405      722E6300 
 1406              	.LASF8:
 1407 01b2 756E7369 		.ascii	"unsigned int\000"
 1407      676E6564 
 1407      20696E74 
 1407      00
 1408              	.LASF33:
 1409 01bf 73747274 		.ascii	"strtok\000"
 1409      6F6B00
 1410              	.LASF7:
 1411 01c6 6C6F6E67 		.ascii	"long long unsigned int\000"
 1411      206C6F6E 
 1411      6720756E 
 1411      7369676E 
 1411      65642069 
 1412              	.LASF26:
 1413 01dd 61746F66 		.ascii	"atof\000"
 1413      00
 1414              	.LASF25:
 1415 01e2 61746F69 		.ascii	"atoi\000"
 1415      00
 1416              	.LASF20:
 1417 01e7 7370645F 		.ascii	"spd_num\000"
 1417      6E756D00 
 1418              	.LASF10:
 1419 01ef 696E7433 		.ascii	"int32_t\000"
 1419      325F7400 
 1420              	.LASF28:
 1421 01f7 53657276 		.ascii	"Servo_moveOneAngle\000"
 1421      6F5F6D6F 
 1421      76654F6E 
 1421      65416E67 
 1421      6C6500
 1422              	.LASF16:
 1423 020a 73697A65 		.ascii	"sizetype\000"
 1423      74797065 
 1423      00
 1424              	.LASF15:
 1425 0213 63686172 		.ascii	"char\000"
 1425      00
 1426              	.LASF2:
 1427 0218 73686F72 		.ascii	"short int\000"
 1427      7420696E 
 1427      7400
 1428              	.LASF24:
 1429 0222 52454356 		.ascii	"RECVD_CMD\000"
 1429      445F434D 
 1429      4400
 1430              	.LASF11:
ARM GAS  C:\Users\EDTRIC~1\AppData\Local\Temp\cc4K2oea.s 			page 29


 1431 022c 75696E74 		.ascii	"uint8\000"
 1431      3800
 1432              	.LASF4:
 1433 0232 6C6F6E67 		.ascii	"long int\000"
 1433      20696E74 
 1433      00
 1434              	.LASF17:
 1435 023b 6C6F6E67 		.ascii	"long double\000"
 1435      20646F75 
 1435      626C6500 
 1436              	.LASF0:
 1437 0247 7369676E 		.ascii	"signed char\000"
 1437      65642063 
 1437      68617200 
 1438              	.LASF30:
 1439 0253 73747273 		.ascii	"strstr\000"
 1439      747200
 1440              	.LASF32:
 1441 025a 43794465 		.ascii	"CyDelay\000"
 1441      6C617900 
 1442              		.ident	"GCC: (GNU Tools for ARM Embedded Processors) 4.9.3 20150303 (release) [ARM/embedded-4_9-br
