ARM GAS  C:\Users\EDTRIC~1\AppData\Local\Temp\ccGOVzdj.s 			page 1


   1              		.syntax unified
   2              		.cpu cortex-m3
   3              		.fpu softvfp
   4              		.eabi_attribute 20, 1
   5              		.eabi_attribute 21, 1
   6              		.eabi_attribute 23, 3
   7              		.eabi_attribute 24, 1
   8              		.eabi_attribute 25, 1
   9              		.eabi_attribute 26, 1
  10              		.eabi_attribute 30, 1
  11              		.eabi_attribute 34, 1
  12              		.eabi_attribute 18, 4
  13              		.thumb
  14              		.file	"I2C_EZPZ.c"
  15              		.text
  16              	.Ltext0:
  17              		.cfi_sections	.debug_frame
  18              		.section	.text.I2C_Write2Reg,"ax",%progbits
  19              		.align	2
  20              		.global	I2C_Write2Reg
  21              		.thumb
  22              		.thumb_func
  23              		.type	I2C_Write2Reg, %function
  24              	I2C_Write2Reg:
  25              	.LFB63:
  26              		.file 1 ".\\I2C_EZPZ.c"
   1:.\I2C_EZPZ.c  **** /* ========================================
   2:.\I2C_EZPZ.c  ****  *
   3:.\I2C_EZPZ.c  ****  * Copyright YOUR COMPANY, THE YEAR
   4:.\I2C_EZPZ.c  ****  * All Rights Reserved
   5:.\I2C_EZPZ.c  ****  * UNPUBLISHED, LICENSED SOFTWARE.
   6:.\I2C_EZPZ.c  ****  *
   7:.\I2C_EZPZ.c  ****  * CONFIDENTIAL AND PROPRIETARY INFORMATION
   8:.\I2C_EZPZ.c  ****  * WHICH IS THE PROPERTY OF your company.
   9:.\I2C_EZPZ.c  ****  *
  10:.\I2C_EZPZ.c  ****  * ========================================
  11:.\I2C_EZPZ.c  **** */
  12:.\I2C_EZPZ.c  **** 
  13:.\I2C_EZPZ.c  **** #include "I2C_EZPZ.h"
  14:.\I2C_EZPZ.c  **** 
  15:.\I2C_EZPZ.c  **** uint8 stat;
  16:.\I2C_EZPZ.c  **** 
  17:.\I2C_EZPZ.c  **** /*******************************************************************************
  18:.\I2C_EZPZ.c  **** * Function Name: I2C_WriteReg
  19:.\I2C_EZPZ.c  **** ********************************************************************************
  20:.\I2C_EZPZ.c  **** *
  21:.\I2C_EZPZ.c  **** * Summary:
  22:.\I2C_EZPZ.c  **** *  Writes a single byte to the slave device.
  23:.\I2C_EZPZ.c  **** *
  24:.\I2C_EZPZ.c  **** * Parameters:
  25:.\I2C_EZPZ.c  **** *  address: 7-bit address of the slave device.
  26:.\I2C_EZPZ.c  **** *  reg:     8-bit register to be written to.
  27:.\I2C_EZPZ.c  **** *
  28:.\I2C_EZPZ.c  **** * Return:
  29:.\I2C_EZPZ.c  **** *  None.
  30:.\I2C_EZPZ.c  **** *
  31:.\I2C_EZPZ.c  **** *******************************************************************************/
ARM GAS  C:\Users\EDTRIC~1\AppData\Local\Temp\ccGOVzdj.s 			page 2


  32:.\I2C_EZPZ.c  **** 
  33:.\I2C_EZPZ.c  **** void I2C_Write2Reg( uint8 address , uint8 reg )
  34:.\I2C_EZPZ.c  **** {
  27              		.loc 1 34 0
  28              		.cfi_startproc
  29              		@ args = 0, pretend = 0, frame = 0
  30              		@ frame_needed = 0, uses_anonymous_args = 0
  31              	.LVL0:
  32 0000 38B5     		push	{r3, r4, r5, lr}
  33              		.cfi_def_cfa_offset 16
  34              		.cfi_offset 3, -16
  35              		.cfi_offset 4, -12
  36              		.cfi_offset 5, -8
  37              		.cfi_offset 14, -4
  38 0002 0546     		mov	r5, r0
  39 0004 0C46     		mov	r4, r1
  35:.\I2C_EZPZ.c  ****     stat = I2C_MasterSendStart( address , WRITE );
  40              		.loc 1 35 0
  41 0006 0021     		movs	r1, #0
  42              	.LVL1:
  43 0008 FFF7FEFF 		bl	I2C_MasterSendStart
  44              	.LVL2:
  45 000c 114B     		ldr	r3, .L9
  46 000e 1870     		strb	r0, [r3]
  36:.\I2C_EZPZ.c  ****     if( stat != I2C_MSTR_NO_ERROR )
  47              		.loc 1 36 0
  48 0010 38B1     		cbz	r0, .L2
  49              	.L3:
  37:.\I2C_EZPZ.c  ****     {
  38:.\I2C_EZPZ.c  ****         do
  39:.\I2C_EZPZ.c  ****         {
  40:.\I2C_EZPZ.c  ****             stat = I2C_MasterSendStart( address , WRITE );
  50              		.loc 1 40 0 discriminator 1
  51 0012 2846     		mov	r0, r5
  52 0014 0021     		movs	r1, #0
  53 0016 FFF7FEFF 		bl	I2C_MasterSendStart
  54              	.LVL3:
  55 001a 0E4B     		ldr	r3, .L9
  56 001c 1870     		strb	r0, [r3]
  41:.\I2C_EZPZ.c  ****         } while( stat != I2C_MSTR_NO_ERROR );
  57              		.loc 1 41 0 discriminator 1
  58 001e 0028     		cmp	r0, #0
  59 0020 F7D1     		bne	.L3
  60              	.L2:
  42:.\I2C_EZPZ.c  ****     }
  43:.\I2C_EZPZ.c  ****     
  44:.\I2C_EZPZ.c  ****     stat = I2C_MasterWriteByte( reg );
  61              		.loc 1 44 0
  62 0022 2046     		mov	r0, r4
  63 0024 FFF7FEFF 		bl	I2C_MasterWriteByte
  64              	.LVL4:
  65 0028 0A4B     		ldr	r3, .L9
  66 002a 1870     		strb	r0, [r3]
  45:.\I2C_EZPZ.c  ****     if( stat != I2C_MSTR_NO_ERROR )
  67              		.loc 1 45 0
  68 002c 30B1     		cbz	r0, .L4
  69              	.L5:
ARM GAS  C:\Users\EDTRIC~1\AppData\Local\Temp\ccGOVzdj.s 			page 3


  46:.\I2C_EZPZ.c  ****     {
  47:.\I2C_EZPZ.c  ****         do
  48:.\I2C_EZPZ.c  ****         {
  49:.\I2C_EZPZ.c  ****             stat = I2C_MasterWriteByte( reg );
  70              		.loc 1 49 0 discriminator 1
  71 002e 2046     		mov	r0, r4
  72 0030 FFF7FEFF 		bl	I2C_MasterWriteByte
  73              	.LVL5:
  74 0034 074B     		ldr	r3, .L9
  75 0036 1870     		strb	r0, [r3]
  50:.\I2C_EZPZ.c  ****         } while( stat != I2C_MSTR_NO_ERROR );
  76              		.loc 1 50 0 discriminator 1
  77 0038 0028     		cmp	r0, #0
  78 003a F8D1     		bne	.L5
  79              	.L4:
  51:.\I2C_EZPZ.c  ****     }
  52:.\I2C_EZPZ.c  ****     
  53:.\I2C_EZPZ.c  ****     stat = I2C_MasterSendStop();
  80              		.loc 1 53 0
  81 003c FFF7FEFF 		bl	I2C_MasterSendStop
  82              	.LVL6:
  83 0040 044B     		ldr	r3, .L9
  84 0042 1870     		strb	r0, [r3]
  54:.\I2C_EZPZ.c  ****     if( stat != I2C_MSTR_NO_ERROR )
  85              		.loc 1 54 0
  86 0044 28B1     		cbz	r0, .L1
  87              	.L7:
  55:.\I2C_EZPZ.c  ****     {
  56:.\I2C_EZPZ.c  ****         do
  57:.\I2C_EZPZ.c  ****         {
  58:.\I2C_EZPZ.c  ****             stat = I2C_MasterSendStop();
  88              		.loc 1 58 0 discriminator 1
  89 0046 FFF7FEFF 		bl	I2C_MasterSendStop
  90              	.LVL7:
  91 004a 024B     		ldr	r3, .L9
  92 004c 1870     		strb	r0, [r3]
  59:.\I2C_EZPZ.c  ****         } while( stat != I2C_MSTR_NO_ERROR );
  93              		.loc 1 59 0 discriminator 1
  94 004e 0028     		cmp	r0, #0
  95 0050 F9D1     		bne	.L7
  96              	.L1:
  97 0052 38BD     		pop	{r3, r4, r5, pc}
  98              	.L10:
  99              		.align	2
 100              	.L9:
 101 0054 00000000 		.word	stat
 102              		.cfi_endproc
 103              	.LFE63:
 104              		.size	I2C_Write2Reg, .-I2C_Write2Reg
 105              		.section	.text.I2C_WriteByte,"ax",%progbits
 106              		.align	2
 107              		.global	I2C_WriteByte
 108              		.thumb
 109              		.thumb_func
 110              		.type	I2C_WriteByte, %function
 111              	I2C_WriteByte:
 112              	.LFB64:
ARM GAS  C:\Users\EDTRIC~1\AppData\Local\Temp\ccGOVzdj.s 			page 4


  60:.\I2C_EZPZ.c  ****     }
  61:.\I2C_EZPZ.c  **** }
  62:.\I2C_EZPZ.c  **** 
  63:.\I2C_EZPZ.c  **** /*******************************************************************************
  64:.\I2C_EZPZ.c  **** * Function Name: I2C_WriteByte
  65:.\I2C_EZPZ.c  **** ********************************************************************************
  66:.\I2C_EZPZ.c  **** *
  67:.\I2C_EZPZ.c  **** * Summary:
  68:.\I2C_EZPZ.c  **** *  Writes two bytes to the slave device.
  69:.\I2C_EZPZ.c  **** *
  70:.\I2C_EZPZ.c  **** * Parameters:
  71:.\I2C_EZPZ.c  **** *  address: 7-bit address of the slave device.
  72:.\I2C_EZPZ.c  **** *  reg:     8-bit register to be written to.
  73:.\I2C_EZPZ.c  **** *  data:    Byte to be written to register.
  74:.\I2C_EZPZ.c  **** *
  75:.\I2C_EZPZ.c  **** * Return:
  76:.\I2C_EZPZ.c  **** *  None.
  77:.\I2C_EZPZ.c  **** *
  78:.\I2C_EZPZ.c  **** *******************************************************************************/
  79:.\I2C_EZPZ.c  **** 
  80:.\I2C_EZPZ.c  **** void I2C_WriteByte( uint8 address , uint8 reg , uint8 data )
  81:.\I2C_EZPZ.c  **** {
 113              		.loc 1 81 0
 114              		.cfi_startproc
 115              		@ args = 0, pretend = 0, frame = 0
 116              		@ frame_needed = 0, uses_anonymous_args = 0
 117              	.LVL8:
 118 0000 70B5     		push	{r4, r5, r6, lr}
 119              		.cfi_def_cfa_offset 16
 120              		.cfi_offset 4, -16
 121              		.cfi_offset 5, -12
 122              		.cfi_offset 6, -8
 123              		.cfi_offset 14, -4
 124 0002 0646     		mov	r6, r0
 125 0004 0D46     		mov	r5, r1
 126 0006 1446     		mov	r4, r2
  82:.\I2C_EZPZ.c  ****     stat = I2C_MasterSendStart( address , WRITE );
 127              		.loc 1 82 0
 128 0008 0021     		movs	r1, #0
 129              	.LVL9:
 130 000a FFF7FEFF 		bl	I2C_MasterSendStart
 131              	.LVL10:
 132 000e 184B     		ldr	r3, .L21
 133 0010 1870     		strb	r0, [r3]
  83:.\I2C_EZPZ.c  ****     if( stat != I2C_MSTR_NO_ERROR )
 134              		.loc 1 83 0
 135 0012 38B1     		cbz	r0, .L12
 136              	.L13:
  84:.\I2C_EZPZ.c  ****     {
  85:.\I2C_EZPZ.c  ****         do
  86:.\I2C_EZPZ.c  ****         {
  87:.\I2C_EZPZ.c  ****             stat = I2C_MasterSendStart( address , WRITE );
 137              		.loc 1 87 0 discriminator 1
 138 0014 3046     		mov	r0, r6
 139 0016 0021     		movs	r1, #0
 140 0018 FFF7FEFF 		bl	I2C_MasterSendStart
 141              	.LVL11:
ARM GAS  C:\Users\EDTRIC~1\AppData\Local\Temp\ccGOVzdj.s 			page 5


 142 001c 144B     		ldr	r3, .L21
 143 001e 1870     		strb	r0, [r3]
  88:.\I2C_EZPZ.c  ****         } while( stat != I2C_MSTR_NO_ERROR );
 144              		.loc 1 88 0 discriminator 1
 145 0020 0028     		cmp	r0, #0
 146 0022 F7D1     		bne	.L13
 147              	.L12:
  89:.\I2C_EZPZ.c  ****     }
  90:.\I2C_EZPZ.c  ****     
  91:.\I2C_EZPZ.c  ****     stat = I2C_MasterWriteByte( reg );
 148              		.loc 1 91 0
 149 0024 2846     		mov	r0, r5
 150 0026 FFF7FEFF 		bl	I2C_MasterWriteByte
 151              	.LVL12:
 152 002a 114B     		ldr	r3, .L21
 153 002c 1870     		strb	r0, [r3]
  92:.\I2C_EZPZ.c  ****     if( stat != I2C_MSTR_NO_ERROR )
 154              		.loc 1 92 0
 155 002e 30B1     		cbz	r0, .L14
 156              	.L15:
  93:.\I2C_EZPZ.c  ****     {
  94:.\I2C_EZPZ.c  ****         do
  95:.\I2C_EZPZ.c  ****         {
  96:.\I2C_EZPZ.c  ****             stat = I2C_MasterWriteByte( reg );
 157              		.loc 1 96 0 discriminator 1
 158 0030 2846     		mov	r0, r5
 159 0032 FFF7FEFF 		bl	I2C_MasterWriteByte
 160              	.LVL13:
 161 0036 0E4B     		ldr	r3, .L21
 162 0038 1870     		strb	r0, [r3]
  97:.\I2C_EZPZ.c  ****         } while( stat != I2C_MSTR_NO_ERROR );
 163              		.loc 1 97 0 discriminator 1
 164 003a 0028     		cmp	r0, #0
 165 003c F8D1     		bne	.L15
 166              	.L14:
  98:.\I2C_EZPZ.c  ****     }
  99:.\I2C_EZPZ.c  ****     
 100:.\I2C_EZPZ.c  ****     stat = I2C_MasterWriteByte( data );
 167              		.loc 1 100 0
 168 003e 2046     		mov	r0, r4
 169 0040 FFF7FEFF 		bl	I2C_MasterWriteByte
 170              	.LVL14:
 171 0044 0A4B     		ldr	r3, .L21
 172 0046 1870     		strb	r0, [r3]
 101:.\I2C_EZPZ.c  ****     if( stat != I2C_MSTR_NO_ERROR )
 173              		.loc 1 101 0
 174 0048 30B1     		cbz	r0, .L16
 175              	.L17:
 102:.\I2C_EZPZ.c  ****     {
 103:.\I2C_EZPZ.c  ****         do
 104:.\I2C_EZPZ.c  ****         {
 105:.\I2C_EZPZ.c  ****             stat = I2C_MasterWriteByte( data );
 176              		.loc 1 105 0 discriminator 1
 177 004a 2046     		mov	r0, r4
 178 004c FFF7FEFF 		bl	I2C_MasterWriteByte
 179              	.LVL15:
 180 0050 074B     		ldr	r3, .L21
ARM GAS  C:\Users\EDTRIC~1\AppData\Local\Temp\ccGOVzdj.s 			page 6


 181 0052 1870     		strb	r0, [r3]
 106:.\I2C_EZPZ.c  ****         } while( stat != I2C_MSTR_NO_ERROR );
 182              		.loc 1 106 0 discriminator 1
 183 0054 0028     		cmp	r0, #0
 184 0056 F8D1     		bne	.L17
 185              	.L16:
 107:.\I2C_EZPZ.c  ****     }
 108:.\I2C_EZPZ.c  ****     
 109:.\I2C_EZPZ.c  ****     stat = I2C_MasterSendStop();
 186              		.loc 1 109 0
 187 0058 FFF7FEFF 		bl	I2C_MasterSendStop
 188              	.LVL16:
 189 005c 044B     		ldr	r3, .L21
 190 005e 1870     		strb	r0, [r3]
 110:.\I2C_EZPZ.c  ****     if( stat != I2C_MSTR_NO_ERROR )
 191              		.loc 1 110 0
 192 0060 28B1     		cbz	r0, .L11
 193              	.L19:
 111:.\I2C_EZPZ.c  ****     {
 112:.\I2C_EZPZ.c  ****         do
 113:.\I2C_EZPZ.c  ****         {
 114:.\I2C_EZPZ.c  ****             stat = I2C_MasterSendStop();
 194              		.loc 1 114 0 discriminator 1
 195 0062 FFF7FEFF 		bl	I2C_MasterSendStop
 196              	.LVL17:
 197 0066 024B     		ldr	r3, .L21
 198 0068 1870     		strb	r0, [r3]
 115:.\I2C_EZPZ.c  ****         } while( stat != I2C_MSTR_NO_ERROR );
 199              		.loc 1 115 0 discriminator 1
 200 006a 0028     		cmp	r0, #0
 201 006c F9D1     		bne	.L19
 202              	.L11:
 203 006e 70BD     		pop	{r4, r5, r6, pc}
 204              	.L22:
 205              		.align	2
 206              	.L21:
 207 0070 00000000 		.word	stat
 208              		.cfi_endproc
 209              	.LFE64:
 210              		.size	I2C_WriteByte, .-I2C_WriteByte
 211              		.section	.text.I2C_ReadByteNW,"ax",%progbits
 212              		.align	2
 213              		.global	I2C_ReadByteNW
 214              		.thumb
 215              		.thumb_func
 216              		.type	I2C_ReadByteNW, %function
 217              	I2C_ReadByteNW:
 218              	.LFB65:
 116:.\I2C_EZPZ.c  ****     }
 117:.\I2C_EZPZ.c  **** }
 118:.\I2C_EZPZ.c  **** 
 119:.\I2C_EZPZ.c  **** /*******************************************************************************
 120:.\I2C_EZPZ.c  **** * Function Name: I2C_ReadByteNW
 121:.\I2C_EZPZ.c  **** ********************************************************************************
 122:.\I2C_EZPZ.c  **** *
 123:.\I2C_EZPZ.c  **** * Summary:
 124:.\I2C_EZPZ.c  **** *  Reads a single byte from slave device. This function should be used if writing 
ARM GAS  C:\Users\EDTRIC~1\AppData\Local\Temp\ccGOVzdj.s 			page 7


 125:.\I2C_EZPZ.c  **** *  to the device first is not necessary.
 126:.\I2C_EZPZ.c  **** *
 127:.\I2C_EZPZ.c  **** * Parameters:
 128:.\I2C_EZPZ.c  **** *  address: 7-bit address of the slave device.
 129:.\I2C_EZPZ.c  **** *
 130:.\I2C_EZPZ.c  **** * Return:
 131:.\I2C_EZPZ.c  **** *  value:   Single byte value that was read from the slave device.
 132:.\I2C_EZPZ.c  **** *
 133:.\I2C_EZPZ.c  **** *******************************************************************************/
 134:.\I2C_EZPZ.c  **** 
 135:.\I2C_EZPZ.c  **** uint8 I2C_ReadByteNW( uint8 address )
 136:.\I2C_EZPZ.c  **** {
 219              		.loc 1 136 0
 220              		.cfi_startproc
 221              		@ args = 0, pretend = 0, frame = 0
 222              		@ frame_needed = 0, uses_anonymous_args = 0
 223              	.LVL18:
 224 0000 10B5     		push	{r4, lr}
 225              		.cfi_def_cfa_offset 8
 226              		.cfi_offset 4, -8
 227              		.cfi_offset 14, -4
 228 0002 0446     		mov	r4, r0
 137:.\I2C_EZPZ.c  ****     uint8 value;
 138:.\I2C_EZPZ.c  ****     
 139:.\I2C_EZPZ.c  ****     stat = I2C_MasterSendStart( address , READ );
 229              		.loc 1 139 0
 230 0004 0121     		movs	r1, #1
 231 0006 FFF7FEFF 		bl	I2C_MasterSendStart
 232              	.LVL19:
 233 000a 0E4B     		ldr	r3, .L29
 234 000c 1870     		strb	r0, [r3]
 140:.\I2C_EZPZ.c  ****     if( stat != I2C_MSTR_NO_ERROR )
 235              		.loc 1 140 0
 236 000e 38B1     		cbz	r0, .L24
 237              	.L25:
 141:.\I2C_EZPZ.c  ****     {
 142:.\I2C_EZPZ.c  ****         do
 143:.\I2C_EZPZ.c  ****         {
 144:.\I2C_EZPZ.c  ****             stat = I2C_MasterSendStart( address , READ );
 238              		.loc 1 144 0 discriminator 1
 239 0010 2046     		mov	r0, r4
 240 0012 0121     		movs	r1, #1
 241 0014 FFF7FEFF 		bl	I2C_MasterSendStart
 242              	.LVL20:
 243 0018 0A4B     		ldr	r3, .L29
 244 001a 1870     		strb	r0, [r3]
 145:.\I2C_EZPZ.c  ****         } while( stat != I2C_MSTR_NO_ERROR );
 245              		.loc 1 145 0 discriminator 1
 246 001c 0028     		cmp	r0, #0
 247 001e F7D1     		bne	.L25
 248              	.L24:
 146:.\I2C_EZPZ.c  ****     }
 147:.\I2C_EZPZ.c  ****     
 148:.\I2C_EZPZ.c  ****     value = I2C_MasterReadByte( I2C_NAK_DATA );
 249              		.loc 1 148 0
 250 0020 0020     		movs	r0, #0
 251 0022 FFF7FEFF 		bl	I2C_MasterReadByte
ARM GAS  C:\Users\EDTRIC~1\AppData\Local\Temp\ccGOVzdj.s 			page 8


 252              	.LVL21:
 253 0026 0446     		mov	r4, r0
 254              	.LVL22:
 149:.\I2C_EZPZ.c  ****     
 150:.\I2C_EZPZ.c  ****     stat = I2C_MasterSendStop();
 255              		.loc 1 150 0
 256 0028 FFF7FEFF 		bl	I2C_MasterSendStop
 257              	.LVL23:
 258 002c 054B     		ldr	r3, .L29
 259 002e 1870     		strb	r0, [r3]
 151:.\I2C_EZPZ.c  ****     if( stat != I2C_MSTR_NO_ERROR )
 260              		.loc 1 151 0
 261 0030 28B1     		cbz	r0, .L26
 262              	.L27:
 152:.\I2C_EZPZ.c  ****     {
 153:.\I2C_EZPZ.c  ****         do
 154:.\I2C_EZPZ.c  ****         {
 155:.\I2C_EZPZ.c  ****             stat = I2C_MasterSendStop();
 263              		.loc 1 155 0 discriminator 1
 264 0032 FFF7FEFF 		bl	I2C_MasterSendStop
 265              	.LVL24:
 266 0036 034B     		ldr	r3, .L29
 267 0038 1870     		strb	r0, [r3]
 156:.\I2C_EZPZ.c  ****         } while( stat != I2C_MSTR_NO_ERROR );
 268              		.loc 1 156 0 discriminator 1
 269 003a 0028     		cmp	r0, #0
 270 003c F9D1     		bne	.L27
 271              	.L26:
 157:.\I2C_EZPZ.c  ****     }
 158:.\I2C_EZPZ.c  ****     
 159:.\I2C_EZPZ.c  ****     return value;
 160:.\I2C_EZPZ.c  **** }
 272              		.loc 1 160 0
 273 003e 2046     		mov	r0, r4
 274 0040 10BD     		pop	{r4, pc}
 275              	.LVL25:
 276              	.L30:
 277 0042 00BF     		.align	2
 278              	.L29:
 279 0044 00000000 		.word	stat
 280              		.cfi_endproc
 281              	.LFE65:
 282              		.size	I2C_ReadByteNW, .-I2C_ReadByteNW
 283              		.section	.text.I2C_ReadBytesNW,"ax",%progbits
 284              		.align	2
 285              		.global	I2C_ReadBytesNW
 286              		.thumb
 287              		.thumb_func
 288              		.type	I2C_ReadBytesNW, %function
 289              	I2C_ReadBytesNW:
 290              	.LFB66:
 161:.\I2C_EZPZ.c  **** 
 162:.\I2C_EZPZ.c  **** /*******************************************************************************
 163:.\I2C_EZPZ.c  **** * Function Name: I2C_ReadBytesNW
 164:.\I2C_EZPZ.c  **** ********************************************************************************
 165:.\I2C_EZPZ.c  **** *
 166:.\I2C_EZPZ.c  **** * Summary:
ARM GAS  C:\Users\EDTRIC~1\AppData\Local\Temp\ccGOVzdj.s 			page 9


 167:.\I2C_EZPZ.c  **** *  Reads multiple bytes from slave device. This function should be used if writing 
 168:.\I2C_EZPZ.c  **** *  to the device first is not necessary.
 169:.\I2C_EZPZ.c  **** *
 170:.\I2C_EZPZ.c  **** * Parameters:
 171:.\I2C_EZPZ.c  **** *  address:     7-bit address of the slave device.
 172:.\I2C_EZPZ.c  **** *  bytesToRead: Number of bytes to be read from the slave address.
 173:.\I2C_EZPZ.c  **** *  data:        Data buffer to store received bytes.
 174:.\I2C_EZPZ.c  **** *
 175:.\I2C_EZPZ.c  **** * Return:
 176:.\I2C_EZPZ.c  **** *  None.
 177:.\I2C_EZPZ.c  **** *
 178:.\I2C_EZPZ.c  **** *******************************************************************************/
 179:.\I2C_EZPZ.c  **** 
 180:.\I2C_EZPZ.c  **** void I2C_ReadBytesNW( uint8 address , uint8 bytesToRead , uint8 * data )
 181:.\I2C_EZPZ.c  **** {
 291              		.loc 1 181 0
 292              		.cfi_startproc
 293              		@ args = 0, pretend = 0, frame = 0
 294              		@ frame_needed = 0, uses_anonymous_args = 0
 295              	.LVL26:
 296 0000 70B5     		push	{r4, r5, r6, lr}
 297              		.cfi_def_cfa_offset 16
 298              		.cfi_offset 4, -16
 299              		.cfi_offset 5, -12
 300              		.cfi_offset 6, -8
 301              		.cfi_offset 14, -4
 302 0002 0446     		mov	r4, r0
 303 0004 0D46     		mov	r5, r1
 304 0006 1646     		mov	r6, r2
 182:.\I2C_EZPZ.c  ****     uint8 counter;
 183:.\I2C_EZPZ.c  ****     
 184:.\I2C_EZPZ.c  ****     stat = I2C_MasterSendStart( address , READ );
 305              		.loc 1 184 0
 306 0008 0121     		movs	r1, #1
 307              	.LVL27:
 308 000a FFF7FEFF 		bl	I2C_MasterSendStart
 309              	.LVL28:
 310 000e 144B     		ldr	r3, .L41
 311 0010 1870     		strb	r0, [r3]
 185:.\I2C_EZPZ.c  ****     if( stat != I2C_MSTR_NO_ERROR )
 312              		.loc 1 185 0
 313 0012 38B1     		cbz	r0, .L32
 314              	.L33:
 186:.\I2C_EZPZ.c  ****     {
 187:.\I2C_EZPZ.c  ****         do
 188:.\I2C_EZPZ.c  ****         {
 189:.\I2C_EZPZ.c  ****             stat = I2C_MasterSendStart( address , READ );
 315              		.loc 1 189 0 discriminator 1
 316 0014 2046     		mov	r0, r4
 317 0016 0121     		movs	r1, #1
 318 0018 FFF7FEFF 		bl	I2C_MasterSendStart
 319              	.LVL29:
 320 001c 104B     		ldr	r3, .L41
 321 001e 1870     		strb	r0, [r3]
 190:.\I2C_EZPZ.c  ****         } while( stat != I2C_MSTR_NO_ERROR );
 322              		.loc 1 190 0 discriminator 1
 323 0020 0028     		cmp	r0, #0
ARM GAS  C:\Users\EDTRIC~1\AppData\Local\Temp\ccGOVzdj.s 			page 10


 324 0022 F7D1     		bne	.L33
 325              	.L32:
 181:.\I2C_EZPZ.c  ****     uint8 counter;
 326              		.loc 1 181 0 discriminator 1
 327 0024 0024     		movs	r4, #0
 328 0026 0DE0     		b	.L34
 329              	.LVL30:
 330              	.L37:
 191:.\I2C_EZPZ.c  ****     }
 192:.\I2C_EZPZ.c  ****     
 193:.\I2C_EZPZ.c  ****     for( counter = 0 ; counter < bytesToRead ; counter++ )
 194:.\I2C_EZPZ.c  ****     {
 195:.\I2C_EZPZ.c  ****         if( counter == (bytesToRead - 1) )
 331              		.loc 1 195 0
 332 0028 6B1E     		subs	r3, r5, #1
 333 002a 9C42     		cmp	r4, r3
 334 002c 04D1     		bne	.L35
 196:.\I2C_EZPZ.c  ****         {
 197:.\I2C_EZPZ.c  ****             data[counter] = I2C_MasterReadByte( I2C_NAK_DATA );
 335              		.loc 1 197 0
 336 002e 0020     		movs	r0, #0
 337 0030 FFF7FEFF 		bl	I2C_MasterReadByte
 338              	.LVL31:
 339 0034 3055     		strb	r0, [r6, r4]
 340 0036 03E0     		b	.L36
 341              	.L35:
 198:.\I2C_EZPZ.c  ****         }
 199:.\I2C_EZPZ.c  ****         else
 200:.\I2C_EZPZ.c  ****         {
 201:.\I2C_EZPZ.c  ****             data[counter] = I2C_MasterReadByte( I2C_ACK_DATA );
 342              		.loc 1 201 0
 343 0038 0120     		movs	r0, #1
 344 003a FFF7FEFF 		bl	I2C_MasterReadByte
 345              	.LVL32:
 346 003e 3055     		strb	r0, [r6, r4]
 347              	.L36:
 193:.\I2C_EZPZ.c  ****     {
 348              		.loc 1 193 0 discriminator 2
 349 0040 0134     		adds	r4, r4, #1
 350              	.LVL33:
 351 0042 E4B2     		uxtb	r4, r4
 352              	.LVL34:
 353              	.L34:
 193:.\I2C_EZPZ.c  ****     {
 354              		.loc 1 193 0 is_stmt 0 discriminator 1
 355 0044 AC42     		cmp	r4, r5
 356 0046 EFD3     		bcc	.L37
 202:.\I2C_EZPZ.c  ****         }
 203:.\I2C_EZPZ.c  ****     }
 204:.\I2C_EZPZ.c  ****     
 205:.\I2C_EZPZ.c  ****     stat = I2C_MasterSendStop();
 357              		.loc 1 205 0 is_stmt 1
 358 0048 FFF7FEFF 		bl	I2C_MasterSendStop
 359              	.LVL35:
 360 004c 044B     		ldr	r3, .L41
 361 004e 1870     		strb	r0, [r3]
 206:.\I2C_EZPZ.c  ****     if( stat != I2C_MSTR_NO_ERROR )
ARM GAS  C:\Users\EDTRIC~1\AppData\Local\Temp\ccGOVzdj.s 			page 11


 362              		.loc 1 206 0
 363 0050 28B1     		cbz	r0, .L31
 364              	.L39:
 207:.\I2C_EZPZ.c  ****     {
 208:.\I2C_EZPZ.c  ****         do
 209:.\I2C_EZPZ.c  ****         {
 210:.\I2C_EZPZ.c  ****             stat = I2C_MasterSendStop();
 365              		.loc 1 210 0 discriminator 1
 366 0052 FFF7FEFF 		bl	I2C_MasterSendStop
 367              	.LVL36:
 368 0056 024B     		ldr	r3, .L41
 369 0058 1870     		strb	r0, [r3]
 211:.\I2C_EZPZ.c  ****         } while( stat != I2C_MSTR_NO_ERROR );
 370              		.loc 1 211 0 discriminator 1
 371 005a 0028     		cmp	r0, #0
 372 005c F9D1     		bne	.L39
 373              	.L31:
 374 005e 70BD     		pop	{r4, r5, r6, pc}
 375              	.LVL37:
 376              	.L42:
 377              		.align	2
 378              	.L41:
 379 0060 00000000 		.word	stat
 380              		.cfi_endproc
 381              	.LFE66:
 382              		.size	I2C_ReadBytesNW, .-I2C_ReadBytesNW
 383              		.section	.text.I2C_ReadByte,"ax",%progbits
 384              		.align	2
 385              		.global	I2C_ReadByte
 386              		.thumb
 387              		.thumb_func
 388              		.type	I2C_ReadByte, %function
 389              	I2C_ReadByte:
 390              	.LFB67:
 212:.\I2C_EZPZ.c  ****     }
 213:.\I2C_EZPZ.c  **** }
 214:.\I2C_EZPZ.c  **** 
 215:.\I2C_EZPZ.c  **** /*******************************************************************************
 216:.\I2C_EZPZ.c  **** * Function Name: I2C_ReadByte
 217:.\I2C_EZPZ.c  **** ********************************************************************************
 218:.\I2C_EZPZ.c  **** *
 219:.\I2C_EZPZ.c  **** * Summary:
 220:.\I2C_EZPZ.c  **** *  Reads a single byte from slave device.
 221:.\I2C_EZPZ.c  **** *
 222:.\I2C_EZPZ.c  **** * Parameters:
 223:.\I2C_EZPZ.c  **** *  address: 7-bit address of the slave device.
 224:.\I2C_EZPZ.c  **** *  reg:     8-bit register to be written to.
 225:.\I2C_EZPZ.c  **** *
 226:.\I2C_EZPZ.c  **** * Return:
 227:.\I2C_EZPZ.c  **** *  value:   Single byte value that was read from the slave device.
 228:.\I2C_EZPZ.c  **** *
 229:.\I2C_EZPZ.c  **** *******************************************************************************/
 230:.\I2C_EZPZ.c  **** 
 231:.\I2C_EZPZ.c  **** uint8 I2C_ReadByte( uint8 address , uint8 reg )
 232:.\I2C_EZPZ.c  **** {
 391              		.loc 1 232 0
 392              		.cfi_startproc
ARM GAS  C:\Users\EDTRIC~1\AppData\Local\Temp\ccGOVzdj.s 			page 12


 393              		@ args = 0, pretend = 0, frame = 0
 394              		@ frame_needed = 0, uses_anonymous_args = 0
 395              	.LVL38:
 396 0000 38B5     		push	{r3, r4, r5, lr}
 397              		.cfi_def_cfa_offset 16
 398              		.cfi_offset 3, -16
 399              		.cfi_offset 4, -12
 400              		.cfi_offset 5, -8
 401              		.cfi_offset 14, -4
 402 0002 0446     		mov	r4, r0
 403 0004 0D46     		mov	r5, r1
 233:.\I2C_EZPZ.c  ****     uint8 value;
 234:.\I2C_EZPZ.c  ****     
 235:.\I2C_EZPZ.c  ****     stat = I2C_MasterSendStart( address , WRITE );
 404              		.loc 1 235 0
 405 0006 0021     		movs	r1, #0
 406              	.LVL39:
 407 0008 FFF7FEFF 		bl	I2C_MasterSendStart
 408              	.LVL40:
 409 000c 1B4B     		ldr	r3, .L53
 410 000e 1870     		strb	r0, [r3]
 236:.\I2C_EZPZ.c  ****     if( stat != I2C_MSTR_NO_ERROR )
 411              		.loc 1 236 0
 412 0010 38B1     		cbz	r0, .L44
 413              	.L45:
 237:.\I2C_EZPZ.c  ****     {
 238:.\I2C_EZPZ.c  ****         do
 239:.\I2C_EZPZ.c  ****         {
 240:.\I2C_EZPZ.c  ****             stat = I2C_MasterSendStart( address , WRITE );
 414              		.loc 1 240 0 discriminator 1
 415 0012 2046     		mov	r0, r4
 416 0014 0021     		movs	r1, #0
 417 0016 FFF7FEFF 		bl	I2C_MasterSendStart
 418              	.LVL41:
 419 001a 184B     		ldr	r3, .L53
 420 001c 1870     		strb	r0, [r3]
 241:.\I2C_EZPZ.c  ****         } while( stat != I2C_MSTR_NO_ERROR );
 421              		.loc 1 241 0 discriminator 1
 422 001e 0028     		cmp	r0, #0
 423 0020 F7D1     		bne	.L45
 424              	.L44:
 242:.\I2C_EZPZ.c  ****     }
 243:.\I2C_EZPZ.c  ****     
 244:.\I2C_EZPZ.c  ****     stat = I2C_MasterWriteByte( reg );
 425              		.loc 1 244 0
 426 0022 2846     		mov	r0, r5
 427 0024 FFF7FEFF 		bl	I2C_MasterWriteByte
 428              	.LVL42:
 429 0028 144B     		ldr	r3, .L53
 430 002a 1870     		strb	r0, [r3]
 245:.\I2C_EZPZ.c  ****     if( stat != I2C_MSTR_NO_ERROR )
 431              		.loc 1 245 0
 432 002c 30B1     		cbz	r0, .L46
 433              	.L47:
 246:.\I2C_EZPZ.c  ****     {
 247:.\I2C_EZPZ.c  ****         do
 248:.\I2C_EZPZ.c  ****         {
ARM GAS  C:\Users\EDTRIC~1\AppData\Local\Temp\ccGOVzdj.s 			page 13


 249:.\I2C_EZPZ.c  ****             stat = I2C_MasterWriteByte( reg );
 434              		.loc 1 249 0 discriminator 1
 435 002e 2846     		mov	r0, r5
 436 0030 FFF7FEFF 		bl	I2C_MasterWriteByte
 437              	.LVL43:
 438 0034 114B     		ldr	r3, .L53
 439 0036 1870     		strb	r0, [r3]
 250:.\I2C_EZPZ.c  ****         } while( stat != I2C_MSTR_NO_ERROR );
 440              		.loc 1 250 0 discriminator 1
 441 0038 0028     		cmp	r0, #0
 442 003a F8D1     		bne	.L47
 443              	.L46:
 251:.\I2C_EZPZ.c  ****     }
 252:.\I2C_EZPZ.c  ****     
 253:.\I2C_EZPZ.c  ****     stat = I2C_MasterSendRestart( address , READ );
 444              		.loc 1 253 0
 445 003c 2046     		mov	r0, r4
 446 003e 0121     		movs	r1, #1
 447 0040 FFF7FEFF 		bl	I2C_MasterSendRestart
 448              	.LVL44:
 449 0044 0D4B     		ldr	r3, .L53
 450 0046 1870     		strb	r0, [r3]
 254:.\I2C_EZPZ.c  ****     if( stat != I2C_MSTR_NO_ERROR )
 451              		.loc 1 254 0
 452 0048 38B1     		cbz	r0, .L48
 453              	.L49:
 255:.\I2C_EZPZ.c  ****     {
 256:.\I2C_EZPZ.c  ****         do
 257:.\I2C_EZPZ.c  ****         {
 258:.\I2C_EZPZ.c  ****             stat = I2C_MasterSendRestart( address , READ );
 454              		.loc 1 258 0 discriminator 1
 455 004a 2046     		mov	r0, r4
 456 004c 0121     		movs	r1, #1
 457 004e FFF7FEFF 		bl	I2C_MasterSendRestart
 458              	.LVL45:
 459 0052 0A4B     		ldr	r3, .L53
 460 0054 1870     		strb	r0, [r3]
 259:.\I2C_EZPZ.c  ****         } while( stat != I2C_MSTR_NO_ERROR );
 461              		.loc 1 259 0 discriminator 1
 462 0056 0028     		cmp	r0, #0
 463 0058 F7D1     		bne	.L49
 464              	.L48:
 260:.\I2C_EZPZ.c  ****     }
 261:.\I2C_EZPZ.c  ****     
 262:.\I2C_EZPZ.c  ****     value = I2C_MasterReadByte( I2C_NAK_DATA );
 465              		.loc 1 262 0
 466 005a 0020     		movs	r0, #0
 467 005c FFF7FEFF 		bl	I2C_MasterReadByte
 468              	.LVL46:
 469 0060 0446     		mov	r4, r0
 470              	.LVL47:
 263:.\I2C_EZPZ.c  ****     
 264:.\I2C_EZPZ.c  ****     stat = I2C_MasterSendStop();
 471              		.loc 1 264 0
 472 0062 FFF7FEFF 		bl	I2C_MasterSendStop
 473              	.LVL48:
 474 0066 054B     		ldr	r3, .L53
ARM GAS  C:\Users\EDTRIC~1\AppData\Local\Temp\ccGOVzdj.s 			page 14


 475 0068 1870     		strb	r0, [r3]
 265:.\I2C_EZPZ.c  ****     if( stat != I2C_MSTR_NO_ERROR )
 476              		.loc 1 265 0
 477 006a 28B1     		cbz	r0, .L50
 478              	.L51:
 266:.\I2C_EZPZ.c  ****     {
 267:.\I2C_EZPZ.c  ****         do
 268:.\I2C_EZPZ.c  ****         {
 269:.\I2C_EZPZ.c  ****             stat = I2C_MasterSendStop();
 479              		.loc 1 269 0 discriminator 1
 480 006c FFF7FEFF 		bl	I2C_MasterSendStop
 481              	.LVL49:
 482 0070 024B     		ldr	r3, .L53
 483 0072 1870     		strb	r0, [r3]
 270:.\I2C_EZPZ.c  ****         } while( stat != I2C_MSTR_NO_ERROR );
 484              		.loc 1 270 0 discriminator 1
 485 0074 0028     		cmp	r0, #0
 486 0076 F9D1     		bne	.L51
 487              	.L50:
 271:.\I2C_EZPZ.c  ****     }
 272:.\I2C_EZPZ.c  ****     
 273:.\I2C_EZPZ.c  ****     return value;
 274:.\I2C_EZPZ.c  **** }
 488              		.loc 1 274 0
 489 0078 2046     		mov	r0, r4
 490 007a 38BD     		pop	{r3, r4, r5, pc}
 491              	.LVL50:
 492              	.L54:
 493              		.align	2
 494              	.L53:
 495 007c 00000000 		.word	stat
 496              		.cfi_endproc
 497              	.LFE67:
 498              		.size	I2C_ReadByte, .-I2C_ReadByte
 499              		.section	.text.I2C_ReadBytes,"ax",%progbits
 500              		.align	2
 501              		.global	I2C_ReadBytes
 502              		.thumb
 503              		.thumb_func
 504              		.type	I2C_ReadBytes, %function
 505              	I2C_ReadBytes:
 506              	.LFB68:
 275:.\I2C_EZPZ.c  **** 
 276:.\I2C_EZPZ.c  **** /*******************************************************************************
 277:.\I2C_EZPZ.c  **** * Function Name: I2C_ReadBytes
 278:.\I2C_EZPZ.c  **** ********************************************************************************
 279:.\I2C_EZPZ.c  **** *
 280:.\I2C_EZPZ.c  **** * Summary:
 281:.\I2C_EZPZ.c  **** *  Reads multiple bytes from slave device.
 282:.\I2C_EZPZ.c  **** *
 283:.\I2C_EZPZ.c  **** * Parameters:
 284:.\I2C_EZPZ.c  **** *  address:     7-bit address of the slave device.
 285:.\I2C_EZPZ.c  **** *  reg:         8-bit register to be written to.
 286:.\I2C_EZPZ.c  **** *  bytesToRead: Number of bytes to be read from the slave address.
 287:.\I2C_EZPZ.c  **** *  data:        Data buffer to store received bytes.
 288:.\I2C_EZPZ.c  **** *
 289:.\I2C_EZPZ.c  **** * Return:
ARM GAS  C:\Users\EDTRIC~1\AppData\Local\Temp\ccGOVzdj.s 			page 15


 290:.\I2C_EZPZ.c  **** *  None.
 291:.\I2C_EZPZ.c  **** *
 292:.\I2C_EZPZ.c  **** *******************************************************************************/
 293:.\I2C_EZPZ.c  **** 
 294:.\I2C_EZPZ.c  **** void I2C_ReadBytes( uint8 address , uint8 reg , uint8 bytesToRead , uint8 * data )
 295:.\I2C_EZPZ.c  **** {
 507              		.loc 1 295 0
 508              		.cfi_startproc
 509              		@ args = 0, pretend = 0, frame = 0
 510              		@ frame_needed = 0, uses_anonymous_args = 0
 511              	.LVL51:
 512 0000 F8B5     		push	{r3, r4, r5, r6, r7, lr}
 513              		.cfi_def_cfa_offset 24
 514              		.cfi_offset 3, -24
 515              		.cfi_offset 4, -20
 516              		.cfi_offset 5, -16
 517              		.cfi_offset 6, -12
 518              		.cfi_offset 7, -8
 519              		.cfi_offset 14, -4
 520 0002 0446     		mov	r4, r0
 521 0004 0F46     		mov	r7, r1
 522 0006 1546     		mov	r5, r2
 523 0008 1E46     		mov	r6, r3
 296:.\I2C_EZPZ.c  ****     uint8 counter;
 297:.\I2C_EZPZ.c  ****     
 298:.\I2C_EZPZ.c  ****     stat = I2C_MasterSendStart( address , WRITE );
 524              		.loc 1 298 0
 525 000a 0021     		movs	r1, #0
 526              	.LVL52:
 527 000c FFF7FEFF 		bl	I2C_MasterSendStart
 528              	.LVL53:
 529 0010 224B     		ldr	r3, .L69
 530 0012 1870     		strb	r0, [r3]
 299:.\I2C_EZPZ.c  ****     if( stat != I2C_MSTR_NO_ERROR )
 531              		.loc 1 299 0
 532 0014 38B1     		cbz	r0, .L56
 533              	.L57:
 300:.\I2C_EZPZ.c  ****     {
 301:.\I2C_EZPZ.c  ****         do
 302:.\I2C_EZPZ.c  ****         {
 303:.\I2C_EZPZ.c  ****             stat = I2C_MasterSendStart( address , WRITE );
 534              		.loc 1 303 0 discriminator 1
 535 0016 2046     		mov	r0, r4
 536 0018 0021     		movs	r1, #0
 537 001a FFF7FEFF 		bl	I2C_MasterSendStart
 538              	.LVL54:
 539 001e 1F4B     		ldr	r3, .L69
 540 0020 1870     		strb	r0, [r3]
 304:.\I2C_EZPZ.c  ****         } while( stat != I2C_MSTR_NO_ERROR );
 541              		.loc 1 304 0 discriminator 1
 542 0022 0028     		cmp	r0, #0
 543 0024 F7D1     		bne	.L57
 544              	.L56:
 305:.\I2C_EZPZ.c  ****     }
 306:.\I2C_EZPZ.c  ****     
 307:.\I2C_EZPZ.c  ****     stat = I2C_MasterWriteByte( reg );
 545              		.loc 1 307 0
ARM GAS  C:\Users\EDTRIC~1\AppData\Local\Temp\ccGOVzdj.s 			page 16


 546 0026 3846     		mov	r0, r7
 547 0028 FFF7FEFF 		bl	I2C_MasterWriteByte
 548              	.LVL55:
 549 002c 1B4B     		ldr	r3, .L69
 550 002e 1870     		strb	r0, [r3]
 308:.\I2C_EZPZ.c  ****     if( stat != I2C_MSTR_NO_ERROR )
 551              		.loc 1 308 0
 552 0030 30B1     		cbz	r0, .L58
 553              	.L59:
 309:.\I2C_EZPZ.c  ****     {
 310:.\I2C_EZPZ.c  ****         do
 311:.\I2C_EZPZ.c  ****         {
 312:.\I2C_EZPZ.c  ****             stat = I2C_MasterWriteByte( reg );
 554              		.loc 1 312 0 discriminator 1
 555 0032 3846     		mov	r0, r7
 556 0034 FFF7FEFF 		bl	I2C_MasterWriteByte
 557              	.LVL56:
 558 0038 184B     		ldr	r3, .L69
 559 003a 1870     		strb	r0, [r3]
 313:.\I2C_EZPZ.c  ****         } while( stat != I2C_MSTR_NO_ERROR );
 560              		.loc 1 313 0 discriminator 1
 561 003c 0028     		cmp	r0, #0
 562 003e F8D1     		bne	.L59
 563              	.L58:
 314:.\I2C_EZPZ.c  ****     }
 315:.\I2C_EZPZ.c  ****     
 316:.\I2C_EZPZ.c  ****     stat = I2C_MasterSendRestart( address , READ );
 564              		.loc 1 316 0
 565 0040 2046     		mov	r0, r4
 566 0042 0121     		movs	r1, #1
 567 0044 FFF7FEFF 		bl	I2C_MasterSendRestart
 568              	.LVL57:
 569 0048 144B     		ldr	r3, .L69
 570 004a 1870     		strb	r0, [r3]
 317:.\I2C_EZPZ.c  ****     if( stat != I2C_MSTR_NO_ERROR )
 571              		.loc 1 317 0
 572 004c 38B1     		cbz	r0, .L60
 573              	.L61:
 318:.\I2C_EZPZ.c  ****     {
 319:.\I2C_EZPZ.c  ****         do
 320:.\I2C_EZPZ.c  ****         {
 321:.\I2C_EZPZ.c  ****             stat = I2C_MasterSendRestart( address , READ );
 574              		.loc 1 321 0 discriminator 1
 575 004e 2046     		mov	r0, r4
 576 0050 0121     		movs	r1, #1
 577 0052 FFF7FEFF 		bl	I2C_MasterSendRestart
 578              	.LVL58:
 579 0056 114B     		ldr	r3, .L69
 580 0058 1870     		strb	r0, [r3]
 322:.\I2C_EZPZ.c  ****         } while( stat != I2C_MSTR_NO_ERROR );
 581              		.loc 1 322 0 discriminator 1
 582 005a 0028     		cmp	r0, #0
 583 005c F7D1     		bne	.L61
 584              	.L60:
 295:.\I2C_EZPZ.c  ****     uint8 counter;
 585              		.loc 1 295 0 discriminator 1
 586 005e 0024     		movs	r4, #0
ARM GAS  C:\Users\EDTRIC~1\AppData\Local\Temp\ccGOVzdj.s 			page 17


 587 0060 0DE0     		b	.L62
 588              	.LVL59:
 589              	.L65:
 323:.\I2C_EZPZ.c  ****     }
 324:.\I2C_EZPZ.c  ****     
 325:.\I2C_EZPZ.c  ****     for( counter = 0 ; counter < bytesToRead ; counter++ )
 326:.\I2C_EZPZ.c  ****     {
 327:.\I2C_EZPZ.c  ****         if( counter == (bytesToRead - 1) )
 590              		.loc 1 327 0
 591 0062 6B1E     		subs	r3, r5, #1
 592 0064 9C42     		cmp	r4, r3
 593 0066 04D1     		bne	.L63
 328:.\I2C_EZPZ.c  ****         {
 329:.\I2C_EZPZ.c  ****             data[counter] = I2C_MasterReadByte( I2C_NAK_DATA );
 594              		.loc 1 329 0
 595 0068 0020     		movs	r0, #0
 596 006a FFF7FEFF 		bl	I2C_MasterReadByte
 597              	.LVL60:
 598 006e 3055     		strb	r0, [r6, r4]
 599 0070 03E0     		b	.L64
 600              	.L63:
 330:.\I2C_EZPZ.c  ****         }
 331:.\I2C_EZPZ.c  ****         else
 332:.\I2C_EZPZ.c  ****         {
 333:.\I2C_EZPZ.c  ****             data[counter] = I2C_MasterReadByte( I2C_ACK_DATA );
 601              		.loc 1 333 0
 602 0072 0120     		movs	r0, #1
 603 0074 FFF7FEFF 		bl	I2C_MasterReadByte
 604              	.LVL61:
 605 0078 3055     		strb	r0, [r6, r4]
 606              	.L64:
 325:.\I2C_EZPZ.c  ****     {
 607              		.loc 1 325 0 discriminator 2
 608 007a 0134     		adds	r4, r4, #1
 609              	.LVL62:
 610 007c E4B2     		uxtb	r4, r4
 611              	.LVL63:
 612              	.L62:
 325:.\I2C_EZPZ.c  ****     {
 613              		.loc 1 325 0 is_stmt 0 discriminator 1
 614 007e AC42     		cmp	r4, r5
 615 0080 EFD3     		bcc	.L65
 334:.\I2C_EZPZ.c  ****         }
 335:.\I2C_EZPZ.c  ****     }
 336:.\I2C_EZPZ.c  ****     
 337:.\I2C_EZPZ.c  ****     stat = I2C_MasterSendStop();
 616              		.loc 1 337 0 is_stmt 1
 617 0082 FFF7FEFF 		bl	I2C_MasterSendStop
 618              	.LVL64:
 619 0086 054B     		ldr	r3, .L69
 620 0088 1870     		strb	r0, [r3]
 338:.\I2C_EZPZ.c  ****     if( stat != I2C_MSTR_NO_ERROR )
 621              		.loc 1 338 0
 622 008a 28B1     		cbz	r0, .L55
 623              	.L67:
 339:.\I2C_EZPZ.c  ****     {
 340:.\I2C_EZPZ.c  ****         do
ARM GAS  C:\Users\EDTRIC~1\AppData\Local\Temp\ccGOVzdj.s 			page 18


 341:.\I2C_EZPZ.c  ****         {
 342:.\I2C_EZPZ.c  ****             stat = I2C_MasterSendStop();
 624              		.loc 1 342 0 discriminator 1
 625 008c FFF7FEFF 		bl	I2C_MasterSendStop
 626              	.LVL65:
 627 0090 024B     		ldr	r3, .L69
 628 0092 1870     		strb	r0, [r3]
 343:.\I2C_EZPZ.c  ****         } while( stat != I2C_MSTR_NO_ERROR );
 629              		.loc 1 343 0 discriminator 1
 630 0094 0028     		cmp	r0, #0
 631 0096 F9D1     		bne	.L67
 632              	.L55:
 633 0098 F8BD     		pop	{r3, r4, r5, r6, r7, pc}
 634              	.LVL66:
 635              	.L70:
 636 009a 00BF     		.align	2
 637              	.L69:
 638 009c 00000000 		.word	stat
 639              		.cfi_endproc
 640              	.LFE68:
 641              		.size	I2C_ReadBytes, .-I2C_ReadBytes
 642              		.comm	stat,1,1
 643              		.text
 644              	.Letext0:
 645              		.file 2 "c:\\program files (x86)\\cypress\\psoc creator\\3.3\\psoc creator\\import\\gnu\\arm\\4.9.
 646              		.file 3 "c:\\program files (x86)\\cypress\\psoc creator\\3.3\\psoc creator\\import\\gnu\\arm\\4.9.
 647              		.file 4 "Generated_Source\\PSoC5/cytypes.h"
 648              		.file 5 "Generated_Source\\PSoC5/core_cm3.h"
 649              		.file 6 "Generated_Source\\PSoC5/I2C.h"
 650              		.section	.debug_info,"",%progbits
 651              	.Ldebug_info0:
 652 0000 18060000 		.4byte	0x618
 653 0004 0400     		.2byte	0x4
 654 0006 00000000 		.4byte	.Ldebug_abbrev0
 655 000a 04       		.byte	0x4
 656 000b 01       		.uleb128 0x1
 657 000c 33010000 		.4byte	.LASF32
 658 0010 01       		.byte	0x1
 659 0011 A0000000 		.4byte	.LASF33
 660 0015 25000000 		.4byte	.LASF34
 661 0019 00000000 		.4byte	.Ldebug_ranges0+0
 662 001d 00000000 		.4byte	0
 663 0021 00000000 		.4byte	.Ldebug_line0
 664 0025 02       		.uleb128 0x2
 665 0026 01       		.byte	0x1
 666 0027 06       		.byte	0x6
 667 0028 63020000 		.4byte	.LASF0
 668 002c 02       		.uleb128 0x2
 669 002d 01       		.byte	0x1
 670 002e 08       		.byte	0x8
 671 002f BB000000 		.4byte	.LASF1
 672 0033 02       		.uleb128 0x2
 673 0034 02       		.byte	0x2
 674 0035 05       		.byte	0x5
 675 0036 3A020000 		.4byte	.LASF2
 676 003a 02       		.uleb128 0x2
 677 003b 02       		.byte	0x2
ARM GAS  C:\Users\EDTRIC~1\AppData\Local\Temp\ccGOVzdj.s 			page 19


 678 003c 07       		.byte	0x7
 679 003d E9000000 		.4byte	.LASF3
 680 0041 03       		.uleb128 0x3
 681 0042 77000000 		.4byte	.LASF9
 682 0046 02       		.byte	0x2
 683 0047 3F       		.byte	0x3f
 684 0048 4C000000 		.4byte	0x4c
 685 004c 02       		.uleb128 0x2
 686 004d 04       		.byte	0x4
 687 004e 05       		.byte	0x5
 688 004f 4A020000 		.4byte	.LASF4
 689 0053 02       		.uleb128 0x2
 690 0054 04       		.byte	0x4
 691 0055 07       		.byte	0x7
 692 0056 D7000000 		.4byte	.LASF5
 693 005a 02       		.uleb128 0x2
 694 005b 08       		.byte	0x8
 695 005c 05       		.byte	0x5
 696 005d 14020000 		.4byte	.LASF6
 697 0061 02       		.uleb128 0x2
 698 0062 08       		.byte	0x8
 699 0063 07       		.byte	0x7
 700 0064 D6010000 		.4byte	.LASF7
 701 0068 04       		.uleb128 0x4
 702 0069 04       		.byte	0x4
 703 006a 05       		.byte	0x5
 704 006b 696E7400 		.ascii	"int\000"
 705 006f 02       		.uleb128 0x2
 706 0070 04       		.byte	0x4
 707 0071 07       		.byte	0x7
 708 0072 C1010000 		.4byte	.LASF8
 709 0076 03       		.uleb128 0x3
 710 0077 03020000 		.4byte	.LASF10
 711 007b 03       		.byte	0x3
 712 007c 2C       		.byte	0x2c
 713 007d 41000000 		.4byte	0x41
 714 0081 05       		.uleb128 0x5
 715 0082 44020000 		.4byte	.LASF11
 716 0086 04       		.byte	0x4
 717 0087 3801     		.2byte	0x138
 718 0089 2C000000 		.4byte	0x2c
 719 008d 02       		.uleb128 0x2
 720 008e 04       		.byte	0x4
 721 008f 04       		.byte	0x4
 722 0090 AD000000 		.4byte	.LASF12
 723 0094 02       		.uleb128 0x2
 724 0095 08       		.byte	0x8
 725 0096 04       		.byte	0x4
 726 0097 2C010000 		.4byte	.LASF13
 727 009b 02       		.uleb128 0x2
 728 009c 01       		.byte	0x1
 729 009d 08       		.byte	0x8
 730 009e 22020000 		.4byte	.LASF14
 731 00a2 02       		.uleb128 0x2
 732 00a3 04       		.byte	0x4
 733 00a4 07       		.byte	0x7
 734 00a5 0B020000 		.4byte	.LASF15
ARM GAS  C:\Users\EDTRIC~1\AppData\Local\Temp\ccGOVzdj.s 			page 20


 735 00a9 06       		.uleb128 0x6
 736 00aa 81000000 		.4byte	.LASF17
 737 00ae 01       		.byte	0x1
 738 00af 21       		.byte	0x21
 739 00b0 00000000 		.4byte	.LFB63
 740 00b4 58000000 		.4byte	.LFE63-.LFB63
 741 00b8 01       		.uleb128 0x1
 742 00b9 9C       		.byte	0x9c
 743 00ba 49010000 		.4byte	0x149
 744 00be 07       		.uleb128 0x7
 745 00bf CE010000 		.4byte	.LASF16
 746 00c3 01       		.byte	0x1
 747 00c4 21       		.byte	0x21
 748 00c5 81000000 		.4byte	0x81
 749 00c9 00000000 		.4byte	.LLST0
 750 00cd 08       		.uleb128 0x8
 751 00ce 72656700 		.ascii	"reg\000"
 752 00d2 01       		.byte	0x1
 753 00d3 21       		.byte	0x21
 754 00d4 81000000 		.4byte	0x81
 755 00d8 21000000 		.4byte	.LLST1
 756 00dc 09       		.uleb128 0x9
 757 00dd 0C000000 		.4byte	.LVL2
 758 00e1 B6050000 		.4byte	0x5b6
 759 00e5 F5000000 		.4byte	0xf5
 760 00e9 0A       		.uleb128 0xa
 761 00ea 01       		.uleb128 0x1
 762 00eb 51       		.byte	0x51
 763 00ec 01       		.uleb128 0x1
 764 00ed 30       		.byte	0x30
 765 00ee 0A       		.uleb128 0xa
 766 00ef 01       		.uleb128 0x1
 767 00f0 50       		.byte	0x50
 768 00f1 02       		.uleb128 0x2
 769 00f2 75       		.byte	0x75
 770 00f3 00       		.sleb128 0
 771 00f4 00       		.byte	0
 772 00f5 09       		.uleb128 0x9
 773 00f6 1A000000 		.4byte	.LVL3
 774 00fa B6050000 		.4byte	0x5b6
 775 00fe 0E010000 		.4byte	0x10e
 776 0102 0A       		.uleb128 0xa
 777 0103 01       		.uleb128 0x1
 778 0104 51       		.byte	0x51
 779 0105 01       		.uleb128 0x1
 780 0106 30       		.byte	0x30
 781 0107 0A       		.uleb128 0xa
 782 0108 01       		.uleb128 0x1
 783 0109 50       		.byte	0x50
 784 010a 02       		.uleb128 0x2
 785 010b 75       		.byte	0x75
 786 010c 00       		.sleb128 0
 787 010d 00       		.byte	0
 788 010e 09       		.uleb128 0x9
 789 010f 28000000 		.4byte	.LVL4
 790 0113 D0050000 		.4byte	0x5d0
 791 0117 22010000 		.4byte	0x122
ARM GAS  C:\Users\EDTRIC~1\AppData\Local\Temp\ccGOVzdj.s 			page 21


 792 011b 0A       		.uleb128 0xa
 793 011c 01       		.uleb128 0x1
 794 011d 50       		.byte	0x50
 795 011e 02       		.uleb128 0x2
 796 011f 74       		.byte	0x74
 797 0120 00       		.sleb128 0
 798 0121 00       		.byte	0
 799 0122 09       		.uleb128 0x9
 800 0123 34000000 		.4byte	.LVL5
 801 0127 D0050000 		.4byte	0x5d0
 802 012b 36010000 		.4byte	0x136
 803 012f 0A       		.uleb128 0xa
 804 0130 01       		.uleb128 0x1
 805 0131 50       		.byte	0x50
 806 0132 02       		.uleb128 0x2
 807 0133 74       		.byte	0x74
 808 0134 00       		.sleb128 0
 809 0135 00       		.byte	0
 810 0136 0B       		.uleb128 0xb
 811 0137 40000000 		.4byte	.LVL6
 812 013b E5050000 		.4byte	0x5e5
 813 013f 0B       		.uleb128 0xb
 814 0140 4A000000 		.4byte	.LVL7
 815 0144 E5050000 		.4byte	0x5e5
 816 0148 00       		.byte	0
 817 0149 06       		.uleb128 0x6
 818 014a 6F020000 		.4byte	.LASF18
 819 014e 01       		.byte	0x1
 820 014f 50       		.byte	0x50
 821 0150 00000000 		.4byte	.LFB64
 822 0154 74000000 		.4byte	.LFE64-.LFB64
 823 0158 01       		.uleb128 0x1
 824 0159 9C       		.byte	0x9c
 825 015a 20020000 		.4byte	0x220
 826 015e 07       		.uleb128 0x7
 827 015f CE010000 		.4byte	.LASF16
 828 0163 01       		.byte	0x1
 829 0164 50       		.byte	0x50
 830 0165 81000000 		.4byte	0x81
 831 0169 42000000 		.4byte	.LLST2
 832 016d 08       		.uleb128 0x8
 833 016e 72656700 		.ascii	"reg\000"
 834 0172 01       		.byte	0x1
 835 0173 50       		.byte	0x50
 836 0174 81000000 		.4byte	0x81
 837 0178 63000000 		.4byte	.LLST3
 838 017c 07       		.uleb128 0x7
 839 017d 8F000000 		.4byte	.LASF19
 840 0181 01       		.byte	0x1
 841 0182 50       		.byte	0x50
 842 0183 81000000 		.4byte	0x81
 843 0187 84000000 		.4byte	.LLST4
 844 018b 09       		.uleb128 0x9
 845 018c 0E000000 		.4byte	.LVL10
 846 0190 B6050000 		.4byte	0x5b6
 847 0194 A4010000 		.4byte	0x1a4
 848 0198 0A       		.uleb128 0xa
ARM GAS  C:\Users\EDTRIC~1\AppData\Local\Temp\ccGOVzdj.s 			page 22


 849 0199 01       		.uleb128 0x1
 850 019a 51       		.byte	0x51
 851 019b 01       		.uleb128 0x1
 852 019c 30       		.byte	0x30
 853 019d 0A       		.uleb128 0xa
 854 019e 01       		.uleb128 0x1
 855 019f 50       		.byte	0x50
 856 01a0 02       		.uleb128 0x2
 857 01a1 76       		.byte	0x76
 858 01a2 00       		.sleb128 0
 859 01a3 00       		.byte	0
 860 01a4 09       		.uleb128 0x9
 861 01a5 1C000000 		.4byte	.LVL11
 862 01a9 B6050000 		.4byte	0x5b6
 863 01ad BD010000 		.4byte	0x1bd
 864 01b1 0A       		.uleb128 0xa
 865 01b2 01       		.uleb128 0x1
 866 01b3 51       		.byte	0x51
 867 01b4 01       		.uleb128 0x1
 868 01b5 30       		.byte	0x30
 869 01b6 0A       		.uleb128 0xa
 870 01b7 01       		.uleb128 0x1
 871 01b8 50       		.byte	0x50
 872 01b9 02       		.uleb128 0x2
 873 01ba 76       		.byte	0x76
 874 01bb 00       		.sleb128 0
 875 01bc 00       		.byte	0
 876 01bd 09       		.uleb128 0x9
 877 01be 2A000000 		.4byte	.LVL12
 878 01c2 D0050000 		.4byte	0x5d0
 879 01c6 D1010000 		.4byte	0x1d1
 880 01ca 0A       		.uleb128 0xa
 881 01cb 01       		.uleb128 0x1
 882 01cc 50       		.byte	0x50
 883 01cd 02       		.uleb128 0x2
 884 01ce 75       		.byte	0x75
 885 01cf 00       		.sleb128 0
 886 01d0 00       		.byte	0
 887 01d1 09       		.uleb128 0x9
 888 01d2 36000000 		.4byte	.LVL13
 889 01d6 D0050000 		.4byte	0x5d0
 890 01da E5010000 		.4byte	0x1e5
 891 01de 0A       		.uleb128 0xa
 892 01df 01       		.uleb128 0x1
 893 01e0 50       		.byte	0x50
 894 01e1 02       		.uleb128 0x2
 895 01e2 75       		.byte	0x75
 896 01e3 00       		.sleb128 0
 897 01e4 00       		.byte	0
 898 01e5 09       		.uleb128 0x9
 899 01e6 44000000 		.4byte	.LVL14
 900 01ea D0050000 		.4byte	0x5d0
 901 01ee F9010000 		.4byte	0x1f9
 902 01f2 0A       		.uleb128 0xa
 903 01f3 01       		.uleb128 0x1
 904 01f4 50       		.byte	0x50
 905 01f5 02       		.uleb128 0x2
ARM GAS  C:\Users\EDTRIC~1\AppData\Local\Temp\ccGOVzdj.s 			page 23


 906 01f6 74       		.byte	0x74
 907 01f7 00       		.sleb128 0
 908 01f8 00       		.byte	0
 909 01f9 09       		.uleb128 0x9
 910 01fa 50000000 		.4byte	.LVL15
 911 01fe D0050000 		.4byte	0x5d0
 912 0202 0D020000 		.4byte	0x20d
 913 0206 0A       		.uleb128 0xa
 914 0207 01       		.uleb128 0x1
 915 0208 50       		.byte	0x50
 916 0209 02       		.uleb128 0x2
 917 020a 74       		.byte	0x74
 918 020b 00       		.sleb128 0
 919 020c 00       		.byte	0
 920 020d 0B       		.uleb128 0xb
 921 020e 5C000000 		.4byte	.LVL16
 922 0212 E5050000 		.4byte	0x5e5
 923 0216 0B       		.uleb128 0xb
 924 0217 66000000 		.4byte	.LVL17
 925 021b E5050000 		.4byte	0x5e5
 926 021f 00       		.byte	0
 927 0220 0C       		.uleb128 0xc
 928 0221 1D010000 		.4byte	.LASF24
 929 0225 01       		.byte	0x1
 930 0226 87       		.byte	0x87
 931 0227 81000000 		.4byte	0x81
 932 022b 00000000 		.4byte	.LFB65
 933 022f 48000000 		.4byte	.LFE65-.LFB65
 934 0233 01       		.uleb128 0x1
 935 0234 9C       		.byte	0x9c
 936 0235 AF020000 		.4byte	0x2af
 937 0239 07       		.uleb128 0x7
 938 023a CE010000 		.4byte	.LASF16
 939 023e 01       		.byte	0x1
 940 023f 87       		.byte	0x87
 941 0240 81000000 		.4byte	0x81
 942 0244 A5000000 		.4byte	.LLST5
 943 0248 0D       		.uleb128 0xd
 944 0249 71000000 		.4byte	.LASF22
 945 024d 01       		.byte	0x1
 946 024e 89       		.byte	0x89
 947 024f 81000000 		.4byte	0x81
 948 0253 C6000000 		.4byte	.LLST6
 949 0257 09       		.uleb128 0x9
 950 0258 0A000000 		.4byte	.LVL19
 951 025c B6050000 		.4byte	0x5b6
 952 0260 70020000 		.4byte	0x270
 953 0264 0A       		.uleb128 0xa
 954 0265 01       		.uleb128 0x1
 955 0266 51       		.byte	0x51
 956 0267 01       		.uleb128 0x1
 957 0268 31       		.byte	0x31
 958 0269 0A       		.uleb128 0xa
 959 026a 01       		.uleb128 0x1
 960 026b 50       		.byte	0x50
 961 026c 02       		.uleb128 0x2
 962 026d 74       		.byte	0x74
ARM GAS  C:\Users\EDTRIC~1\AppData\Local\Temp\ccGOVzdj.s 			page 24


 963 026e 00       		.sleb128 0
 964 026f 00       		.byte	0
 965 0270 09       		.uleb128 0x9
 966 0271 18000000 		.4byte	.LVL20
 967 0275 B6050000 		.4byte	0x5b6
 968 0279 89020000 		.4byte	0x289
 969 027d 0A       		.uleb128 0xa
 970 027e 01       		.uleb128 0x1
 971 027f 51       		.byte	0x51
 972 0280 01       		.uleb128 0x1
 973 0281 31       		.byte	0x31
 974 0282 0A       		.uleb128 0xa
 975 0283 01       		.uleb128 0x1
 976 0284 50       		.byte	0x50
 977 0285 02       		.uleb128 0x2
 978 0286 74       		.byte	0x74
 979 0287 00       		.sleb128 0
 980 0288 00       		.byte	0
 981 0289 09       		.uleb128 0x9
 982 028a 26000000 		.4byte	.LVL21
 983 028e F0050000 		.4byte	0x5f0
 984 0292 9C020000 		.4byte	0x29c
 985 0296 0A       		.uleb128 0xa
 986 0297 01       		.uleb128 0x1
 987 0298 50       		.byte	0x50
 988 0299 01       		.uleb128 0x1
 989 029a 30       		.byte	0x30
 990 029b 00       		.byte	0
 991 029c 0B       		.uleb128 0xb
 992 029d 2C000000 		.4byte	.LVL23
 993 02a1 E5050000 		.4byte	0x5e5
 994 02a5 0B       		.uleb128 0xb
 995 02a6 36000000 		.4byte	.LVL24
 996 02aa E5050000 		.4byte	0x5e5
 997 02ae 00       		.byte	0
 998 02af 06       		.uleb128 0x6
 999 02b0 53020000 		.4byte	.LASF20
 1000 02b4 01       		.byte	0x1
 1001 02b5 B4       		.byte	0xb4
 1002 02b6 00000000 		.4byte	.LFB66
 1003 02ba 64000000 		.4byte	.LFE66-.LFB66
 1004 02be 01       		.uleb128 0x1
 1005 02bf 9C       		.byte	0x9c
 1006 02c0 6B030000 		.4byte	0x36b
 1007 02c4 07       		.uleb128 0x7
 1008 02c5 CE010000 		.4byte	.LASF16
 1009 02c9 01       		.byte	0x1
 1010 02ca B4       		.byte	0xb4
 1011 02cb 81000000 		.4byte	0x81
 1012 02cf D9000000 		.4byte	.LLST7
 1013 02d3 07       		.uleb128 0x7
 1014 02d4 94000000 		.4byte	.LASF21
 1015 02d8 01       		.byte	0x1
 1016 02d9 B4       		.byte	0xb4
 1017 02da 81000000 		.4byte	0x81
 1018 02de FA000000 		.4byte	.LLST8
 1019 02e2 07       		.uleb128 0x7
ARM GAS  C:\Users\EDTRIC~1\AppData\Local\Temp\ccGOVzdj.s 			page 25


 1020 02e3 8F000000 		.4byte	.LASF19
 1021 02e7 01       		.byte	0x1
 1022 02e8 B4       		.byte	0xb4
 1023 02e9 6B030000 		.4byte	0x36b
 1024 02ed 1B010000 		.4byte	.LLST9
 1025 02f1 0D       		.uleb128 0xd
 1026 02f2 B3000000 		.4byte	.LASF23
 1027 02f6 01       		.byte	0x1
 1028 02f7 B6       		.byte	0xb6
 1029 02f8 81000000 		.4byte	0x81
 1030 02fc 47010000 		.4byte	.LLST10
 1031 0300 09       		.uleb128 0x9
 1032 0301 0E000000 		.4byte	.LVL28
 1033 0305 B6050000 		.4byte	0x5b6
 1034 0309 19030000 		.4byte	0x319
 1035 030d 0A       		.uleb128 0xa
 1036 030e 01       		.uleb128 0x1
 1037 030f 51       		.byte	0x51
 1038 0310 01       		.uleb128 0x1
 1039 0311 31       		.byte	0x31
 1040 0312 0A       		.uleb128 0xa
 1041 0313 01       		.uleb128 0x1
 1042 0314 50       		.byte	0x50
 1043 0315 02       		.uleb128 0x2
 1044 0316 74       		.byte	0x74
 1045 0317 00       		.sleb128 0
 1046 0318 00       		.byte	0
 1047 0319 09       		.uleb128 0x9
 1048 031a 1C000000 		.4byte	.LVL29
 1049 031e B6050000 		.4byte	0x5b6
 1050 0322 32030000 		.4byte	0x332
 1051 0326 0A       		.uleb128 0xa
 1052 0327 01       		.uleb128 0x1
 1053 0328 51       		.byte	0x51
 1054 0329 01       		.uleb128 0x1
 1055 032a 31       		.byte	0x31
 1056 032b 0A       		.uleb128 0xa
 1057 032c 01       		.uleb128 0x1
 1058 032d 50       		.byte	0x50
 1059 032e 02       		.uleb128 0x2
 1060 032f 74       		.byte	0x74
 1061 0330 00       		.sleb128 0
 1062 0331 00       		.byte	0
 1063 0332 09       		.uleb128 0x9
 1064 0333 34000000 		.4byte	.LVL31
 1065 0337 F0050000 		.4byte	0x5f0
 1066 033b 45030000 		.4byte	0x345
 1067 033f 0A       		.uleb128 0xa
 1068 0340 01       		.uleb128 0x1
 1069 0341 50       		.byte	0x50
 1070 0342 01       		.uleb128 0x1
 1071 0343 30       		.byte	0x30
 1072 0344 00       		.byte	0
 1073 0345 09       		.uleb128 0x9
 1074 0346 3E000000 		.4byte	.LVL32
 1075 034a F0050000 		.4byte	0x5f0
 1076 034e 58030000 		.4byte	0x358
ARM GAS  C:\Users\EDTRIC~1\AppData\Local\Temp\ccGOVzdj.s 			page 26


 1077 0352 0A       		.uleb128 0xa
 1078 0353 01       		.uleb128 0x1
 1079 0354 50       		.byte	0x50
 1080 0355 01       		.uleb128 0x1
 1081 0356 31       		.byte	0x31
 1082 0357 00       		.byte	0
 1083 0358 0B       		.uleb128 0xb
 1084 0359 4C000000 		.4byte	.LVL35
 1085 035d E5050000 		.4byte	0x5e5
 1086 0361 0B       		.uleb128 0xb
 1087 0362 56000000 		.4byte	.LVL36
 1088 0366 E5050000 		.4byte	0x5e5
 1089 036a 00       		.byte	0
 1090 036b 0E       		.uleb128 0xe
 1091 036c 04       		.byte	0x4
 1092 036d 81000000 		.4byte	0x81
 1093 0371 0C       		.uleb128 0xc
 1094 0372 00000000 		.4byte	.LASF25
 1095 0376 01       		.byte	0x1
 1096 0377 E7       		.byte	0xe7
 1097 0378 81000000 		.4byte	0x81
 1098 037c 00000000 		.4byte	.LFB67
 1099 0380 80000000 		.4byte	.LFE67-.LFB67
 1100 0384 01       		.uleb128 0x1
 1101 0385 9C       		.byte	0x9c
 1102 0386 69040000 		.4byte	0x469
 1103 038a 07       		.uleb128 0x7
 1104 038b CE010000 		.4byte	.LASF16
 1105 038f 01       		.byte	0x1
 1106 0390 E7       		.byte	0xe7
 1107 0391 81000000 		.4byte	0x81
 1108 0395 65010000 		.4byte	.LLST11
 1109 0399 08       		.uleb128 0x8
 1110 039a 72656700 		.ascii	"reg\000"
 1111 039e 01       		.byte	0x1
 1112 039f E7       		.byte	0xe7
 1113 03a0 81000000 		.4byte	0x81
 1114 03a4 86010000 		.4byte	.LLST12
 1115 03a8 0D       		.uleb128 0xd
 1116 03a9 71000000 		.4byte	.LASF22
 1117 03ad 01       		.byte	0x1
 1118 03ae E9       		.byte	0xe9
 1119 03af 81000000 		.4byte	0x81
 1120 03b3 A7010000 		.4byte	.LLST13
 1121 03b7 09       		.uleb128 0x9
 1122 03b8 0C000000 		.4byte	.LVL40
 1123 03bc B6050000 		.4byte	0x5b6
 1124 03c0 D0030000 		.4byte	0x3d0
 1125 03c4 0A       		.uleb128 0xa
 1126 03c5 01       		.uleb128 0x1
 1127 03c6 51       		.byte	0x51
 1128 03c7 01       		.uleb128 0x1
 1129 03c8 30       		.byte	0x30
 1130 03c9 0A       		.uleb128 0xa
 1131 03ca 01       		.uleb128 0x1
 1132 03cb 50       		.byte	0x50
 1133 03cc 02       		.uleb128 0x2
ARM GAS  C:\Users\EDTRIC~1\AppData\Local\Temp\ccGOVzdj.s 			page 27


 1134 03cd 74       		.byte	0x74
 1135 03ce 00       		.sleb128 0
 1136 03cf 00       		.byte	0
 1137 03d0 09       		.uleb128 0x9
 1138 03d1 1A000000 		.4byte	.LVL41
 1139 03d5 B6050000 		.4byte	0x5b6
 1140 03d9 E9030000 		.4byte	0x3e9
 1141 03dd 0A       		.uleb128 0xa
 1142 03de 01       		.uleb128 0x1
 1143 03df 51       		.byte	0x51
 1144 03e0 01       		.uleb128 0x1
 1145 03e1 30       		.byte	0x30
 1146 03e2 0A       		.uleb128 0xa
 1147 03e3 01       		.uleb128 0x1
 1148 03e4 50       		.byte	0x50
 1149 03e5 02       		.uleb128 0x2
 1150 03e6 74       		.byte	0x74
 1151 03e7 00       		.sleb128 0
 1152 03e8 00       		.byte	0
 1153 03e9 09       		.uleb128 0x9
 1154 03ea 28000000 		.4byte	.LVL42
 1155 03ee D0050000 		.4byte	0x5d0
 1156 03f2 FD030000 		.4byte	0x3fd
 1157 03f6 0A       		.uleb128 0xa
 1158 03f7 01       		.uleb128 0x1
 1159 03f8 50       		.byte	0x50
 1160 03f9 02       		.uleb128 0x2
 1161 03fa 75       		.byte	0x75
 1162 03fb 00       		.sleb128 0
 1163 03fc 00       		.byte	0
 1164 03fd 09       		.uleb128 0x9
 1165 03fe 34000000 		.4byte	.LVL43
 1166 0402 D0050000 		.4byte	0x5d0
 1167 0406 11040000 		.4byte	0x411
 1168 040a 0A       		.uleb128 0xa
 1169 040b 01       		.uleb128 0x1
 1170 040c 50       		.byte	0x50
 1171 040d 02       		.uleb128 0x2
 1172 040e 75       		.byte	0x75
 1173 040f 00       		.sleb128 0
 1174 0410 00       		.byte	0
 1175 0411 09       		.uleb128 0x9
 1176 0412 44000000 		.4byte	.LVL44
 1177 0416 05060000 		.4byte	0x605
 1178 041a 2A040000 		.4byte	0x42a
 1179 041e 0A       		.uleb128 0xa
 1180 041f 01       		.uleb128 0x1
 1181 0420 51       		.byte	0x51
 1182 0421 01       		.uleb128 0x1
 1183 0422 31       		.byte	0x31
 1184 0423 0A       		.uleb128 0xa
 1185 0424 01       		.uleb128 0x1
 1186 0425 50       		.byte	0x50
 1187 0426 02       		.uleb128 0x2
 1188 0427 74       		.byte	0x74
 1189 0428 00       		.sleb128 0
 1190 0429 00       		.byte	0
ARM GAS  C:\Users\EDTRIC~1\AppData\Local\Temp\ccGOVzdj.s 			page 28


 1191 042a 09       		.uleb128 0x9
 1192 042b 52000000 		.4byte	.LVL45
 1193 042f 05060000 		.4byte	0x605
 1194 0433 43040000 		.4byte	0x443
 1195 0437 0A       		.uleb128 0xa
 1196 0438 01       		.uleb128 0x1
 1197 0439 51       		.byte	0x51
 1198 043a 01       		.uleb128 0x1
 1199 043b 31       		.byte	0x31
 1200 043c 0A       		.uleb128 0xa
 1201 043d 01       		.uleb128 0x1
 1202 043e 50       		.byte	0x50
 1203 043f 02       		.uleb128 0x2
 1204 0440 74       		.byte	0x74
 1205 0441 00       		.sleb128 0
 1206 0442 00       		.byte	0
 1207 0443 09       		.uleb128 0x9
 1208 0444 60000000 		.4byte	.LVL46
 1209 0448 F0050000 		.4byte	0x5f0
 1210 044c 56040000 		.4byte	0x456
 1211 0450 0A       		.uleb128 0xa
 1212 0451 01       		.uleb128 0x1
 1213 0452 50       		.byte	0x50
 1214 0453 01       		.uleb128 0x1
 1215 0454 30       		.byte	0x30
 1216 0455 00       		.byte	0
 1217 0456 0B       		.uleb128 0xb
 1218 0457 66000000 		.4byte	.LVL48
 1219 045b E5050000 		.4byte	0x5e5
 1220 045f 0B       		.uleb128 0xb
 1221 0460 70000000 		.4byte	.LVL49
 1222 0464 E5050000 		.4byte	0x5e5
 1223 0468 00       		.byte	0
 1224 0469 0F       		.uleb128 0xf
 1225 046a C9000000 		.4byte	.LASF26
 1226 046e 01       		.byte	0x1
 1227 046f 2601     		.2byte	0x126
 1228 0471 00000000 		.4byte	.LFB68
 1229 0475 A0000000 		.4byte	.LFE68-.LFB68
 1230 0479 01       		.uleb128 0x1
 1231 047a 9C       		.byte	0x9c
 1232 047b 94050000 		.4byte	0x594
 1233 047f 10       		.uleb128 0x10
 1234 0480 CE010000 		.4byte	.LASF16
 1235 0484 01       		.byte	0x1
 1236 0485 2601     		.2byte	0x126
 1237 0487 81000000 		.4byte	0x81
 1238 048b BA010000 		.4byte	.LLST14
 1239 048f 11       		.uleb128 0x11
 1240 0490 72656700 		.ascii	"reg\000"
 1241 0494 01       		.byte	0x1
 1242 0495 2601     		.2byte	0x126
 1243 0497 81000000 		.4byte	0x81
 1244 049b DB010000 		.4byte	.LLST15
 1245 049f 10       		.uleb128 0x10
 1246 04a0 94000000 		.4byte	.LASF21
 1247 04a4 01       		.byte	0x1
ARM GAS  C:\Users\EDTRIC~1\AppData\Local\Temp\ccGOVzdj.s 			page 29


 1248 04a5 2601     		.2byte	0x126
 1249 04a7 81000000 		.4byte	0x81
 1250 04ab FC010000 		.4byte	.LLST16
 1251 04af 10       		.uleb128 0x10
 1252 04b0 8F000000 		.4byte	.LASF19
 1253 04b4 01       		.byte	0x1
 1254 04b5 2601     		.2byte	0x126
 1255 04b7 6B030000 		.4byte	0x36b
 1256 04bb 1D020000 		.4byte	.LLST17
 1257 04bf 12       		.uleb128 0x12
 1258 04c0 B3000000 		.4byte	.LASF23
 1259 04c4 01       		.byte	0x1
 1260 04c5 2801     		.2byte	0x128
 1261 04c7 81000000 		.4byte	0x81
 1262 04cb 49020000 		.4byte	.LLST18
 1263 04cf 09       		.uleb128 0x9
 1264 04d0 10000000 		.4byte	.LVL53
 1265 04d4 B6050000 		.4byte	0x5b6
 1266 04d8 E8040000 		.4byte	0x4e8
 1267 04dc 0A       		.uleb128 0xa
 1268 04dd 01       		.uleb128 0x1
 1269 04de 51       		.byte	0x51
 1270 04df 01       		.uleb128 0x1
 1271 04e0 30       		.byte	0x30
 1272 04e1 0A       		.uleb128 0xa
 1273 04e2 01       		.uleb128 0x1
 1274 04e3 50       		.byte	0x50
 1275 04e4 02       		.uleb128 0x2
 1276 04e5 74       		.byte	0x74
 1277 04e6 00       		.sleb128 0
 1278 04e7 00       		.byte	0
 1279 04e8 09       		.uleb128 0x9
 1280 04e9 1E000000 		.4byte	.LVL54
 1281 04ed B6050000 		.4byte	0x5b6
 1282 04f1 01050000 		.4byte	0x501
 1283 04f5 0A       		.uleb128 0xa
 1284 04f6 01       		.uleb128 0x1
 1285 04f7 51       		.byte	0x51
 1286 04f8 01       		.uleb128 0x1
 1287 04f9 30       		.byte	0x30
 1288 04fa 0A       		.uleb128 0xa
 1289 04fb 01       		.uleb128 0x1
 1290 04fc 50       		.byte	0x50
 1291 04fd 02       		.uleb128 0x2
 1292 04fe 74       		.byte	0x74
 1293 04ff 00       		.sleb128 0
 1294 0500 00       		.byte	0
 1295 0501 09       		.uleb128 0x9
 1296 0502 2C000000 		.4byte	.LVL55
 1297 0506 D0050000 		.4byte	0x5d0
 1298 050a 15050000 		.4byte	0x515
 1299 050e 0A       		.uleb128 0xa
 1300 050f 01       		.uleb128 0x1
 1301 0510 50       		.byte	0x50
 1302 0511 02       		.uleb128 0x2
 1303 0512 77       		.byte	0x77
 1304 0513 00       		.sleb128 0
ARM GAS  C:\Users\EDTRIC~1\AppData\Local\Temp\ccGOVzdj.s 			page 30


 1305 0514 00       		.byte	0
 1306 0515 09       		.uleb128 0x9
 1307 0516 38000000 		.4byte	.LVL56
 1308 051a D0050000 		.4byte	0x5d0
 1309 051e 29050000 		.4byte	0x529
 1310 0522 0A       		.uleb128 0xa
 1311 0523 01       		.uleb128 0x1
 1312 0524 50       		.byte	0x50
 1313 0525 02       		.uleb128 0x2
 1314 0526 77       		.byte	0x77
 1315 0527 00       		.sleb128 0
 1316 0528 00       		.byte	0
 1317 0529 09       		.uleb128 0x9
 1318 052a 48000000 		.4byte	.LVL57
 1319 052e 05060000 		.4byte	0x605
 1320 0532 42050000 		.4byte	0x542
 1321 0536 0A       		.uleb128 0xa
 1322 0537 01       		.uleb128 0x1
 1323 0538 51       		.byte	0x51
 1324 0539 01       		.uleb128 0x1
 1325 053a 31       		.byte	0x31
 1326 053b 0A       		.uleb128 0xa
 1327 053c 01       		.uleb128 0x1
 1328 053d 50       		.byte	0x50
 1329 053e 02       		.uleb128 0x2
 1330 053f 74       		.byte	0x74
 1331 0540 00       		.sleb128 0
 1332 0541 00       		.byte	0
 1333 0542 09       		.uleb128 0x9
 1334 0543 56000000 		.4byte	.LVL58
 1335 0547 05060000 		.4byte	0x605
 1336 054b 5B050000 		.4byte	0x55b
 1337 054f 0A       		.uleb128 0xa
 1338 0550 01       		.uleb128 0x1
 1339 0551 51       		.byte	0x51
 1340 0552 01       		.uleb128 0x1
 1341 0553 31       		.byte	0x31
 1342 0554 0A       		.uleb128 0xa
 1343 0555 01       		.uleb128 0x1
 1344 0556 50       		.byte	0x50
 1345 0557 02       		.uleb128 0x2
 1346 0558 74       		.byte	0x74
 1347 0559 00       		.sleb128 0
 1348 055a 00       		.byte	0
 1349 055b 09       		.uleb128 0x9
 1350 055c 6E000000 		.4byte	.LVL60
 1351 0560 F0050000 		.4byte	0x5f0
 1352 0564 6E050000 		.4byte	0x56e
 1353 0568 0A       		.uleb128 0xa
 1354 0569 01       		.uleb128 0x1
 1355 056a 50       		.byte	0x50
 1356 056b 01       		.uleb128 0x1
 1357 056c 30       		.byte	0x30
 1358 056d 00       		.byte	0
 1359 056e 09       		.uleb128 0x9
 1360 056f 78000000 		.4byte	.LVL61
 1361 0573 F0050000 		.4byte	0x5f0
ARM GAS  C:\Users\EDTRIC~1\AppData\Local\Temp\ccGOVzdj.s 			page 31


 1362 0577 81050000 		.4byte	0x581
 1363 057b 0A       		.uleb128 0xa
 1364 057c 01       		.uleb128 0x1
 1365 057d 50       		.byte	0x50
 1366 057e 01       		.uleb128 0x1
 1367 057f 31       		.byte	0x31
 1368 0580 00       		.byte	0
 1369 0581 0B       		.uleb128 0xb
 1370 0582 86000000 		.4byte	.LVL64
 1371 0586 E5050000 		.4byte	0x5e5
 1372 058a 0B       		.uleb128 0xb
 1373 058b 90000000 		.4byte	.LVL65
 1374 058f E5050000 		.4byte	0x5e5
 1375 0593 00       		.byte	0
 1376 0594 13       		.uleb128 0x13
 1377 0595 10010000 		.4byte	.LASF27
 1378 0599 05       		.byte	0x5
 1379 059a 5506     		.2byte	0x655
 1380 059c A0050000 		.4byte	0x5a0
 1381 05a0 14       		.uleb128 0x14
 1382 05a1 76000000 		.4byte	0x76
 1383 05a5 15       		.uleb128 0x15
 1384 05a6 0D000000 		.4byte	.LASF28
 1385 05aa 01       		.byte	0x1
 1386 05ab 0F       		.byte	0xf
 1387 05ac 81000000 		.4byte	0x81
 1388 05b0 05       		.uleb128 0x5
 1389 05b1 03       		.byte	0x3
 1390 05b2 00000000 		.4byte	stat
 1391 05b6 16       		.uleb128 0x16
 1392 05b7 FC000000 		.4byte	.LASF29
 1393 05bb 06       		.byte	0x6
 1394 05bc B1       		.byte	0xb1
 1395 05bd 81000000 		.4byte	0x81
 1396 05c1 D0050000 		.4byte	0x5d0
 1397 05c5 17       		.uleb128 0x17
 1398 05c6 81000000 		.4byte	0x81
 1399 05ca 17       		.uleb128 0x17
 1400 05cb 81000000 		.4byte	0x81
 1401 05cf 00       		.byte	0
 1402 05d0 16       		.uleb128 0x16
 1403 05d1 7D020000 		.4byte	.LASF30
 1404 05d5 06       		.byte	0x6
 1405 05d6 B6       		.byte	0xb6
 1406 05d7 81000000 		.4byte	0x81
 1407 05db E5050000 		.4byte	0x5e5
 1408 05df 17       		.uleb128 0x17
 1409 05e0 81000000 		.4byte	0x81
 1410 05e4 00       		.byte	0
 1411 05e5 18       		.uleb128 0x18
 1412 05e6 12000000 		.4byte	.LASF35
 1413 05ea 06       		.byte	0x6
 1414 05eb B5       		.byte	0xb5
 1415 05ec 81000000 		.4byte	0x81
 1416 05f0 16       		.uleb128 0x16
 1417 05f1 27020000 		.4byte	.LASF31
 1418 05f5 06       		.byte	0x6
ARM GAS  C:\Users\EDTRIC~1\AppData\Local\Temp\ccGOVzdj.s 			page 32


 1419 05f6 B7       		.byte	0xb7
 1420 05f7 81000000 		.4byte	0x81
 1421 05fb 05060000 		.4byte	0x605
 1422 05ff 17       		.uleb128 0x17
 1423 0600 81000000 		.4byte	0x81
 1424 0604 00       		.byte	0
 1425 0605 19       		.uleb128 0x19
 1426 0606 ED010000 		.4byte	.LASF36
 1427 060a 06       		.byte	0x6
 1428 060b B3       		.byte	0xb3
 1429 060c 81000000 		.4byte	0x81
 1430 0610 17       		.uleb128 0x17
 1431 0611 81000000 		.4byte	0x81
 1432 0615 17       		.uleb128 0x17
 1433 0616 81000000 		.4byte	0x81
 1434 061a 00       		.byte	0
 1435 061b 00       		.byte	0
 1436              		.section	.debug_abbrev,"",%progbits
 1437              	.Ldebug_abbrev0:
 1438 0000 01       		.uleb128 0x1
 1439 0001 11       		.uleb128 0x11
 1440 0002 01       		.byte	0x1
 1441 0003 25       		.uleb128 0x25
 1442 0004 0E       		.uleb128 0xe
 1443 0005 13       		.uleb128 0x13
 1444 0006 0B       		.uleb128 0xb
 1445 0007 03       		.uleb128 0x3
 1446 0008 0E       		.uleb128 0xe
 1447 0009 1B       		.uleb128 0x1b
 1448 000a 0E       		.uleb128 0xe
 1449 000b 55       		.uleb128 0x55
 1450 000c 17       		.uleb128 0x17
 1451 000d 11       		.uleb128 0x11
 1452 000e 01       		.uleb128 0x1
 1453 000f 10       		.uleb128 0x10
 1454 0010 17       		.uleb128 0x17
 1455 0011 00       		.byte	0
 1456 0012 00       		.byte	0
 1457 0013 02       		.uleb128 0x2
 1458 0014 24       		.uleb128 0x24
 1459 0015 00       		.byte	0
 1460 0016 0B       		.uleb128 0xb
 1461 0017 0B       		.uleb128 0xb
 1462 0018 3E       		.uleb128 0x3e
 1463 0019 0B       		.uleb128 0xb
 1464 001a 03       		.uleb128 0x3
 1465 001b 0E       		.uleb128 0xe
 1466 001c 00       		.byte	0
 1467 001d 00       		.byte	0
 1468 001e 03       		.uleb128 0x3
 1469 001f 16       		.uleb128 0x16
 1470 0020 00       		.byte	0
 1471 0021 03       		.uleb128 0x3
 1472 0022 0E       		.uleb128 0xe
 1473 0023 3A       		.uleb128 0x3a
 1474 0024 0B       		.uleb128 0xb
 1475 0025 3B       		.uleb128 0x3b
ARM GAS  C:\Users\EDTRIC~1\AppData\Local\Temp\ccGOVzdj.s 			page 33


 1476 0026 0B       		.uleb128 0xb
 1477 0027 49       		.uleb128 0x49
 1478 0028 13       		.uleb128 0x13
 1479 0029 00       		.byte	0
 1480 002a 00       		.byte	0
 1481 002b 04       		.uleb128 0x4
 1482 002c 24       		.uleb128 0x24
 1483 002d 00       		.byte	0
 1484 002e 0B       		.uleb128 0xb
 1485 002f 0B       		.uleb128 0xb
 1486 0030 3E       		.uleb128 0x3e
 1487 0031 0B       		.uleb128 0xb
 1488 0032 03       		.uleb128 0x3
 1489 0033 08       		.uleb128 0x8
 1490 0034 00       		.byte	0
 1491 0035 00       		.byte	0
 1492 0036 05       		.uleb128 0x5
 1493 0037 16       		.uleb128 0x16
 1494 0038 00       		.byte	0
 1495 0039 03       		.uleb128 0x3
 1496 003a 0E       		.uleb128 0xe
 1497 003b 3A       		.uleb128 0x3a
 1498 003c 0B       		.uleb128 0xb
 1499 003d 3B       		.uleb128 0x3b
 1500 003e 05       		.uleb128 0x5
 1501 003f 49       		.uleb128 0x49
 1502 0040 13       		.uleb128 0x13
 1503 0041 00       		.byte	0
 1504 0042 00       		.byte	0
 1505 0043 06       		.uleb128 0x6
 1506 0044 2E       		.uleb128 0x2e
 1507 0045 01       		.byte	0x1
 1508 0046 3F       		.uleb128 0x3f
 1509 0047 19       		.uleb128 0x19
 1510 0048 03       		.uleb128 0x3
 1511 0049 0E       		.uleb128 0xe
 1512 004a 3A       		.uleb128 0x3a
 1513 004b 0B       		.uleb128 0xb
 1514 004c 3B       		.uleb128 0x3b
 1515 004d 0B       		.uleb128 0xb
 1516 004e 27       		.uleb128 0x27
 1517 004f 19       		.uleb128 0x19
 1518 0050 11       		.uleb128 0x11
 1519 0051 01       		.uleb128 0x1
 1520 0052 12       		.uleb128 0x12
 1521 0053 06       		.uleb128 0x6
 1522 0054 40       		.uleb128 0x40
 1523 0055 18       		.uleb128 0x18
 1524 0056 9742     		.uleb128 0x2117
 1525 0058 19       		.uleb128 0x19
 1526 0059 01       		.uleb128 0x1
 1527 005a 13       		.uleb128 0x13
 1528 005b 00       		.byte	0
 1529 005c 00       		.byte	0
 1530 005d 07       		.uleb128 0x7
 1531 005e 05       		.uleb128 0x5
 1532 005f 00       		.byte	0
ARM GAS  C:\Users\EDTRIC~1\AppData\Local\Temp\ccGOVzdj.s 			page 34


 1533 0060 03       		.uleb128 0x3
 1534 0061 0E       		.uleb128 0xe
 1535 0062 3A       		.uleb128 0x3a
 1536 0063 0B       		.uleb128 0xb
 1537 0064 3B       		.uleb128 0x3b
 1538 0065 0B       		.uleb128 0xb
 1539 0066 49       		.uleb128 0x49
 1540 0067 13       		.uleb128 0x13
 1541 0068 02       		.uleb128 0x2
 1542 0069 17       		.uleb128 0x17
 1543 006a 00       		.byte	0
 1544 006b 00       		.byte	0
 1545 006c 08       		.uleb128 0x8
 1546 006d 05       		.uleb128 0x5
 1547 006e 00       		.byte	0
 1548 006f 03       		.uleb128 0x3
 1549 0070 08       		.uleb128 0x8
 1550 0071 3A       		.uleb128 0x3a
 1551 0072 0B       		.uleb128 0xb
 1552 0073 3B       		.uleb128 0x3b
 1553 0074 0B       		.uleb128 0xb
 1554 0075 49       		.uleb128 0x49
 1555 0076 13       		.uleb128 0x13
 1556 0077 02       		.uleb128 0x2
 1557 0078 17       		.uleb128 0x17
 1558 0079 00       		.byte	0
 1559 007a 00       		.byte	0
 1560 007b 09       		.uleb128 0x9
 1561 007c 898201   		.uleb128 0x4109
 1562 007f 01       		.byte	0x1
 1563 0080 11       		.uleb128 0x11
 1564 0081 01       		.uleb128 0x1
 1565 0082 31       		.uleb128 0x31
 1566 0083 13       		.uleb128 0x13
 1567 0084 01       		.uleb128 0x1
 1568 0085 13       		.uleb128 0x13
 1569 0086 00       		.byte	0
 1570 0087 00       		.byte	0
 1571 0088 0A       		.uleb128 0xa
 1572 0089 8A8201   		.uleb128 0x410a
 1573 008c 00       		.byte	0
 1574 008d 02       		.uleb128 0x2
 1575 008e 18       		.uleb128 0x18
 1576 008f 9142     		.uleb128 0x2111
 1577 0091 18       		.uleb128 0x18
 1578 0092 00       		.byte	0
 1579 0093 00       		.byte	0
 1580 0094 0B       		.uleb128 0xb
 1581 0095 898201   		.uleb128 0x4109
 1582 0098 00       		.byte	0
 1583 0099 11       		.uleb128 0x11
 1584 009a 01       		.uleb128 0x1
 1585 009b 31       		.uleb128 0x31
 1586 009c 13       		.uleb128 0x13
 1587 009d 00       		.byte	0
 1588 009e 00       		.byte	0
 1589 009f 0C       		.uleb128 0xc
ARM GAS  C:\Users\EDTRIC~1\AppData\Local\Temp\ccGOVzdj.s 			page 35


 1590 00a0 2E       		.uleb128 0x2e
 1591 00a1 01       		.byte	0x1
 1592 00a2 3F       		.uleb128 0x3f
 1593 00a3 19       		.uleb128 0x19
 1594 00a4 03       		.uleb128 0x3
 1595 00a5 0E       		.uleb128 0xe
 1596 00a6 3A       		.uleb128 0x3a
 1597 00a7 0B       		.uleb128 0xb
 1598 00a8 3B       		.uleb128 0x3b
 1599 00a9 0B       		.uleb128 0xb
 1600 00aa 27       		.uleb128 0x27
 1601 00ab 19       		.uleb128 0x19
 1602 00ac 49       		.uleb128 0x49
 1603 00ad 13       		.uleb128 0x13
 1604 00ae 11       		.uleb128 0x11
 1605 00af 01       		.uleb128 0x1
 1606 00b0 12       		.uleb128 0x12
 1607 00b1 06       		.uleb128 0x6
 1608 00b2 40       		.uleb128 0x40
 1609 00b3 18       		.uleb128 0x18
 1610 00b4 9742     		.uleb128 0x2117
 1611 00b6 19       		.uleb128 0x19
 1612 00b7 01       		.uleb128 0x1
 1613 00b8 13       		.uleb128 0x13
 1614 00b9 00       		.byte	0
 1615 00ba 00       		.byte	0
 1616 00bb 0D       		.uleb128 0xd
 1617 00bc 34       		.uleb128 0x34
 1618 00bd 00       		.byte	0
 1619 00be 03       		.uleb128 0x3
 1620 00bf 0E       		.uleb128 0xe
 1621 00c0 3A       		.uleb128 0x3a
 1622 00c1 0B       		.uleb128 0xb
 1623 00c2 3B       		.uleb128 0x3b
 1624 00c3 0B       		.uleb128 0xb
 1625 00c4 49       		.uleb128 0x49
 1626 00c5 13       		.uleb128 0x13
 1627 00c6 02       		.uleb128 0x2
 1628 00c7 17       		.uleb128 0x17
 1629 00c8 00       		.byte	0
 1630 00c9 00       		.byte	0
 1631 00ca 0E       		.uleb128 0xe
 1632 00cb 0F       		.uleb128 0xf
 1633 00cc 00       		.byte	0
 1634 00cd 0B       		.uleb128 0xb
 1635 00ce 0B       		.uleb128 0xb
 1636 00cf 49       		.uleb128 0x49
 1637 00d0 13       		.uleb128 0x13
 1638 00d1 00       		.byte	0
 1639 00d2 00       		.byte	0
 1640 00d3 0F       		.uleb128 0xf
 1641 00d4 2E       		.uleb128 0x2e
 1642 00d5 01       		.byte	0x1
 1643 00d6 3F       		.uleb128 0x3f
 1644 00d7 19       		.uleb128 0x19
 1645 00d8 03       		.uleb128 0x3
 1646 00d9 0E       		.uleb128 0xe
ARM GAS  C:\Users\EDTRIC~1\AppData\Local\Temp\ccGOVzdj.s 			page 36


 1647 00da 3A       		.uleb128 0x3a
 1648 00db 0B       		.uleb128 0xb
 1649 00dc 3B       		.uleb128 0x3b
 1650 00dd 05       		.uleb128 0x5
 1651 00de 27       		.uleb128 0x27
 1652 00df 19       		.uleb128 0x19
 1653 00e0 11       		.uleb128 0x11
 1654 00e1 01       		.uleb128 0x1
 1655 00e2 12       		.uleb128 0x12
 1656 00e3 06       		.uleb128 0x6
 1657 00e4 40       		.uleb128 0x40
 1658 00e5 18       		.uleb128 0x18
 1659 00e6 9742     		.uleb128 0x2117
 1660 00e8 19       		.uleb128 0x19
 1661 00e9 01       		.uleb128 0x1
 1662 00ea 13       		.uleb128 0x13
 1663 00eb 00       		.byte	0
 1664 00ec 00       		.byte	0
 1665 00ed 10       		.uleb128 0x10
 1666 00ee 05       		.uleb128 0x5
 1667 00ef 00       		.byte	0
 1668 00f0 03       		.uleb128 0x3
 1669 00f1 0E       		.uleb128 0xe
 1670 00f2 3A       		.uleb128 0x3a
 1671 00f3 0B       		.uleb128 0xb
 1672 00f4 3B       		.uleb128 0x3b
 1673 00f5 05       		.uleb128 0x5
 1674 00f6 49       		.uleb128 0x49
 1675 00f7 13       		.uleb128 0x13
 1676 00f8 02       		.uleb128 0x2
 1677 00f9 17       		.uleb128 0x17
 1678 00fa 00       		.byte	0
 1679 00fb 00       		.byte	0
 1680 00fc 11       		.uleb128 0x11
 1681 00fd 05       		.uleb128 0x5
 1682 00fe 00       		.byte	0
 1683 00ff 03       		.uleb128 0x3
 1684 0100 08       		.uleb128 0x8
 1685 0101 3A       		.uleb128 0x3a
 1686 0102 0B       		.uleb128 0xb
 1687 0103 3B       		.uleb128 0x3b
 1688 0104 05       		.uleb128 0x5
 1689 0105 49       		.uleb128 0x49
 1690 0106 13       		.uleb128 0x13
 1691 0107 02       		.uleb128 0x2
 1692 0108 17       		.uleb128 0x17
 1693 0109 00       		.byte	0
 1694 010a 00       		.byte	0
 1695 010b 12       		.uleb128 0x12
 1696 010c 34       		.uleb128 0x34
 1697 010d 00       		.byte	0
 1698 010e 03       		.uleb128 0x3
 1699 010f 0E       		.uleb128 0xe
 1700 0110 3A       		.uleb128 0x3a
 1701 0111 0B       		.uleb128 0xb
 1702 0112 3B       		.uleb128 0x3b
 1703 0113 05       		.uleb128 0x5
ARM GAS  C:\Users\EDTRIC~1\AppData\Local\Temp\ccGOVzdj.s 			page 37


 1704 0114 49       		.uleb128 0x49
 1705 0115 13       		.uleb128 0x13
 1706 0116 02       		.uleb128 0x2
 1707 0117 17       		.uleb128 0x17
 1708 0118 00       		.byte	0
 1709 0119 00       		.byte	0
 1710 011a 13       		.uleb128 0x13
 1711 011b 34       		.uleb128 0x34
 1712 011c 00       		.byte	0
 1713 011d 03       		.uleb128 0x3
 1714 011e 0E       		.uleb128 0xe
 1715 011f 3A       		.uleb128 0x3a
 1716 0120 0B       		.uleb128 0xb
 1717 0121 3B       		.uleb128 0x3b
 1718 0122 05       		.uleb128 0x5
 1719 0123 49       		.uleb128 0x49
 1720 0124 13       		.uleb128 0x13
 1721 0125 3F       		.uleb128 0x3f
 1722 0126 19       		.uleb128 0x19
 1723 0127 3C       		.uleb128 0x3c
 1724 0128 19       		.uleb128 0x19
 1725 0129 00       		.byte	0
 1726 012a 00       		.byte	0
 1727 012b 14       		.uleb128 0x14
 1728 012c 35       		.uleb128 0x35
 1729 012d 00       		.byte	0
 1730 012e 49       		.uleb128 0x49
 1731 012f 13       		.uleb128 0x13
 1732 0130 00       		.byte	0
 1733 0131 00       		.byte	0
 1734 0132 15       		.uleb128 0x15
 1735 0133 34       		.uleb128 0x34
 1736 0134 00       		.byte	0
 1737 0135 03       		.uleb128 0x3
 1738 0136 0E       		.uleb128 0xe
 1739 0137 3A       		.uleb128 0x3a
 1740 0138 0B       		.uleb128 0xb
 1741 0139 3B       		.uleb128 0x3b
 1742 013a 0B       		.uleb128 0xb
 1743 013b 49       		.uleb128 0x49
 1744 013c 13       		.uleb128 0x13
 1745 013d 3F       		.uleb128 0x3f
 1746 013e 19       		.uleb128 0x19
 1747 013f 02       		.uleb128 0x2
 1748 0140 18       		.uleb128 0x18
 1749 0141 00       		.byte	0
 1750 0142 00       		.byte	0
 1751 0143 16       		.uleb128 0x16
 1752 0144 2E       		.uleb128 0x2e
 1753 0145 01       		.byte	0x1
 1754 0146 3F       		.uleb128 0x3f
 1755 0147 19       		.uleb128 0x19
 1756 0148 03       		.uleb128 0x3
 1757 0149 0E       		.uleb128 0xe
 1758 014a 3A       		.uleb128 0x3a
 1759 014b 0B       		.uleb128 0xb
 1760 014c 3B       		.uleb128 0x3b
ARM GAS  C:\Users\EDTRIC~1\AppData\Local\Temp\ccGOVzdj.s 			page 38


 1761 014d 0B       		.uleb128 0xb
 1762 014e 27       		.uleb128 0x27
 1763 014f 19       		.uleb128 0x19
 1764 0150 49       		.uleb128 0x49
 1765 0151 13       		.uleb128 0x13
 1766 0152 3C       		.uleb128 0x3c
 1767 0153 19       		.uleb128 0x19
 1768 0154 01       		.uleb128 0x1
 1769 0155 13       		.uleb128 0x13
 1770 0156 00       		.byte	0
 1771 0157 00       		.byte	0
 1772 0158 17       		.uleb128 0x17
 1773 0159 05       		.uleb128 0x5
 1774 015a 00       		.byte	0
 1775 015b 49       		.uleb128 0x49
 1776 015c 13       		.uleb128 0x13
 1777 015d 00       		.byte	0
 1778 015e 00       		.byte	0
 1779 015f 18       		.uleb128 0x18
 1780 0160 2E       		.uleb128 0x2e
 1781 0161 00       		.byte	0
 1782 0162 3F       		.uleb128 0x3f
 1783 0163 19       		.uleb128 0x19
 1784 0164 03       		.uleb128 0x3
 1785 0165 0E       		.uleb128 0xe
 1786 0166 3A       		.uleb128 0x3a
 1787 0167 0B       		.uleb128 0xb
 1788 0168 3B       		.uleb128 0x3b
 1789 0169 0B       		.uleb128 0xb
 1790 016a 27       		.uleb128 0x27
 1791 016b 19       		.uleb128 0x19
 1792 016c 49       		.uleb128 0x49
 1793 016d 13       		.uleb128 0x13
 1794 016e 3C       		.uleb128 0x3c
 1795 016f 19       		.uleb128 0x19
 1796 0170 00       		.byte	0
 1797 0171 00       		.byte	0
 1798 0172 19       		.uleb128 0x19
 1799 0173 2E       		.uleb128 0x2e
 1800 0174 01       		.byte	0x1
 1801 0175 3F       		.uleb128 0x3f
 1802 0176 19       		.uleb128 0x19
 1803 0177 03       		.uleb128 0x3
 1804 0178 0E       		.uleb128 0xe
 1805 0179 3A       		.uleb128 0x3a
 1806 017a 0B       		.uleb128 0xb
 1807 017b 3B       		.uleb128 0x3b
 1808 017c 0B       		.uleb128 0xb
 1809 017d 27       		.uleb128 0x27
 1810 017e 19       		.uleb128 0x19
 1811 017f 49       		.uleb128 0x49
 1812 0180 13       		.uleb128 0x13
 1813 0181 3C       		.uleb128 0x3c
 1814 0182 19       		.uleb128 0x19
 1815 0183 00       		.byte	0
 1816 0184 00       		.byte	0
 1817 0185 00       		.byte	0
ARM GAS  C:\Users\EDTRIC~1\AppData\Local\Temp\ccGOVzdj.s 			page 39


 1818              		.section	.debug_loc,"",%progbits
 1819              	.Ldebug_loc0:
 1820              	.LLST0:
 1821 0000 00000000 		.4byte	.LVL0
 1822 0004 0B000000 		.4byte	.LVL2-1
 1823 0008 0100     		.2byte	0x1
 1824 000a 50       		.byte	0x50
 1825 000b 0B000000 		.4byte	.LVL2-1
 1826 000f 58000000 		.4byte	.LFE63
 1827 0013 0400     		.2byte	0x4
 1828 0015 F3       		.byte	0xf3
 1829 0016 01       		.uleb128 0x1
 1830 0017 50       		.byte	0x50
 1831 0018 9F       		.byte	0x9f
 1832 0019 00000000 		.4byte	0
 1833 001d 00000000 		.4byte	0
 1834              	.LLST1:
 1835 0021 00000000 		.4byte	.LVL0
 1836 0025 08000000 		.4byte	.LVL1
 1837 0029 0100     		.2byte	0x1
 1838 002b 51       		.byte	0x51
 1839 002c 08000000 		.4byte	.LVL1
 1840 0030 58000000 		.4byte	.LFE63
 1841 0034 0400     		.2byte	0x4
 1842 0036 F3       		.byte	0xf3
 1843 0037 01       		.uleb128 0x1
 1844 0038 51       		.byte	0x51
 1845 0039 9F       		.byte	0x9f
 1846 003a 00000000 		.4byte	0
 1847 003e 00000000 		.4byte	0
 1848              	.LLST2:
 1849 0042 00000000 		.4byte	.LVL8
 1850 0046 0D000000 		.4byte	.LVL10-1
 1851 004a 0100     		.2byte	0x1
 1852 004c 50       		.byte	0x50
 1853 004d 0D000000 		.4byte	.LVL10-1
 1854 0051 74000000 		.4byte	.LFE64
 1855 0055 0400     		.2byte	0x4
 1856 0057 F3       		.byte	0xf3
 1857 0058 01       		.uleb128 0x1
 1858 0059 50       		.byte	0x50
 1859 005a 9F       		.byte	0x9f
 1860 005b 00000000 		.4byte	0
 1861 005f 00000000 		.4byte	0
 1862              	.LLST3:
 1863 0063 00000000 		.4byte	.LVL8
 1864 0067 0A000000 		.4byte	.LVL9
 1865 006b 0100     		.2byte	0x1
 1866 006d 51       		.byte	0x51
 1867 006e 0A000000 		.4byte	.LVL9
 1868 0072 74000000 		.4byte	.LFE64
 1869 0076 0400     		.2byte	0x4
 1870 0078 F3       		.byte	0xf3
 1871 0079 01       		.uleb128 0x1
 1872 007a 51       		.byte	0x51
 1873 007b 9F       		.byte	0x9f
 1874 007c 00000000 		.4byte	0
ARM GAS  C:\Users\EDTRIC~1\AppData\Local\Temp\ccGOVzdj.s 			page 40


 1875 0080 00000000 		.4byte	0
 1876              	.LLST4:
 1877 0084 00000000 		.4byte	.LVL8
 1878 0088 0D000000 		.4byte	.LVL10-1
 1879 008c 0100     		.2byte	0x1
 1880 008e 52       		.byte	0x52
 1881 008f 0D000000 		.4byte	.LVL10-1
 1882 0093 74000000 		.4byte	.LFE64
 1883 0097 0400     		.2byte	0x4
 1884 0099 F3       		.byte	0xf3
 1885 009a 01       		.uleb128 0x1
 1886 009b 52       		.byte	0x52
 1887 009c 9F       		.byte	0x9f
 1888 009d 00000000 		.4byte	0
 1889 00a1 00000000 		.4byte	0
 1890              	.LLST5:
 1891 00a5 00000000 		.4byte	.LVL18
 1892 00a9 09000000 		.4byte	.LVL19-1
 1893 00ad 0100     		.2byte	0x1
 1894 00af 50       		.byte	0x50
 1895 00b0 09000000 		.4byte	.LVL19-1
 1896 00b4 48000000 		.4byte	.LFE65
 1897 00b8 0400     		.2byte	0x4
 1898 00ba F3       		.byte	0xf3
 1899 00bb 01       		.uleb128 0x1
 1900 00bc 50       		.byte	0x50
 1901 00bd 9F       		.byte	0x9f
 1902 00be 00000000 		.4byte	0
 1903 00c2 00000000 		.4byte	0
 1904              	.LLST6:
 1905 00c6 28000000 		.4byte	.LVL22
 1906 00ca 42000000 		.4byte	.LVL25
 1907 00ce 0100     		.2byte	0x1
 1908 00d0 54       		.byte	0x54
 1909 00d1 00000000 		.4byte	0
 1910 00d5 00000000 		.4byte	0
 1911              	.LLST7:
 1912 00d9 00000000 		.4byte	.LVL26
 1913 00dd 0D000000 		.4byte	.LVL28-1
 1914 00e1 0100     		.2byte	0x1
 1915 00e3 50       		.byte	0x50
 1916 00e4 0D000000 		.4byte	.LVL28-1
 1917 00e8 64000000 		.4byte	.LFE66
 1918 00ec 0400     		.2byte	0x4
 1919 00ee F3       		.byte	0xf3
 1920 00ef 01       		.uleb128 0x1
 1921 00f0 50       		.byte	0x50
 1922 00f1 9F       		.byte	0x9f
 1923 00f2 00000000 		.4byte	0
 1924 00f6 00000000 		.4byte	0
 1925              	.LLST8:
 1926 00fa 00000000 		.4byte	.LVL26
 1927 00fe 0A000000 		.4byte	.LVL27
 1928 0102 0100     		.2byte	0x1
 1929 0104 51       		.byte	0x51
 1930 0105 0A000000 		.4byte	.LVL27
 1931 0109 64000000 		.4byte	.LFE66
ARM GAS  C:\Users\EDTRIC~1\AppData\Local\Temp\ccGOVzdj.s 			page 41


 1932 010d 0400     		.2byte	0x4
 1933 010f F3       		.byte	0xf3
 1934 0110 01       		.uleb128 0x1
 1935 0111 51       		.byte	0x51
 1936 0112 9F       		.byte	0x9f
 1937 0113 00000000 		.4byte	0
 1938 0117 00000000 		.4byte	0
 1939              	.LLST9:
 1940 011b 00000000 		.4byte	.LVL26
 1941 011f 0D000000 		.4byte	.LVL28-1
 1942 0123 0100     		.2byte	0x1
 1943 0125 52       		.byte	0x52
 1944 0126 0D000000 		.4byte	.LVL28-1
 1945 012a 60000000 		.4byte	.LVL37
 1946 012e 0100     		.2byte	0x1
 1947 0130 56       		.byte	0x56
 1948 0131 60000000 		.4byte	.LVL37
 1949 0135 64000000 		.4byte	.LFE66
 1950 0139 0400     		.2byte	0x4
 1951 013b F3       		.byte	0xf3
 1952 013c 01       		.uleb128 0x1
 1953 013d 52       		.byte	0x52
 1954 013e 9F       		.byte	0x9f
 1955 013f 00000000 		.4byte	0
 1956 0143 00000000 		.4byte	0
 1957              	.LLST10:
 1958 0147 28000000 		.4byte	.LVL30
 1959 014b 42000000 		.4byte	.LVL33
 1960 014f 0100     		.2byte	0x1
 1961 0151 54       		.byte	0x54
 1962 0152 44000000 		.4byte	.LVL34
 1963 0156 60000000 		.4byte	.LVL37
 1964 015a 0100     		.2byte	0x1
 1965 015c 54       		.byte	0x54
 1966 015d 00000000 		.4byte	0
 1967 0161 00000000 		.4byte	0
 1968              	.LLST11:
 1969 0165 00000000 		.4byte	.LVL38
 1970 0169 0B000000 		.4byte	.LVL40-1
 1971 016d 0100     		.2byte	0x1
 1972 016f 50       		.byte	0x50
 1973 0170 0B000000 		.4byte	.LVL40-1
 1974 0174 80000000 		.4byte	.LFE67
 1975 0178 0400     		.2byte	0x4
 1976 017a F3       		.byte	0xf3
 1977 017b 01       		.uleb128 0x1
 1978 017c 50       		.byte	0x50
 1979 017d 9F       		.byte	0x9f
 1980 017e 00000000 		.4byte	0
 1981 0182 00000000 		.4byte	0
 1982              	.LLST12:
 1983 0186 00000000 		.4byte	.LVL38
 1984 018a 08000000 		.4byte	.LVL39
 1985 018e 0100     		.2byte	0x1
 1986 0190 51       		.byte	0x51
 1987 0191 08000000 		.4byte	.LVL39
 1988 0195 80000000 		.4byte	.LFE67
ARM GAS  C:\Users\EDTRIC~1\AppData\Local\Temp\ccGOVzdj.s 			page 42


 1989 0199 0400     		.2byte	0x4
 1990 019b F3       		.byte	0xf3
 1991 019c 01       		.uleb128 0x1
 1992 019d 51       		.byte	0x51
 1993 019e 9F       		.byte	0x9f
 1994 019f 00000000 		.4byte	0
 1995 01a3 00000000 		.4byte	0
 1996              	.LLST13:
 1997 01a7 62000000 		.4byte	.LVL47
 1998 01ab 7C000000 		.4byte	.LVL50
 1999 01af 0100     		.2byte	0x1
 2000 01b1 54       		.byte	0x54
 2001 01b2 00000000 		.4byte	0
 2002 01b6 00000000 		.4byte	0
 2003              	.LLST14:
 2004 01ba 00000000 		.4byte	.LVL51
 2005 01be 0F000000 		.4byte	.LVL53-1
 2006 01c2 0100     		.2byte	0x1
 2007 01c4 50       		.byte	0x50
 2008 01c5 0F000000 		.4byte	.LVL53-1
 2009 01c9 A0000000 		.4byte	.LFE68
 2010 01cd 0400     		.2byte	0x4
 2011 01cf F3       		.byte	0xf3
 2012 01d0 01       		.uleb128 0x1
 2013 01d1 50       		.byte	0x50
 2014 01d2 9F       		.byte	0x9f
 2015 01d3 00000000 		.4byte	0
 2016 01d7 00000000 		.4byte	0
 2017              	.LLST15:
 2018 01db 00000000 		.4byte	.LVL51
 2019 01df 0C000000 		.4byte	.LVL52
 2020 01e3 0100     		.2byte	0x1
 2021 01e5 51       		.byte	0x51
 2022 01e6 0C000000 		.4byte	.LVL52
 2023 01ea A0000000 		.4byte	.LFE68
 2024 01ee 0400     		.2byte	0x4
 2025 01f0 F3       		.byte	0xf3
 2026 01f1 01       		.uleb128 0x1
 2027 01f2 51       		.byte	0x51
 2028 01f3 9F       		.byte	0x9f
 2029 01f4 00000000 		.4byte	0
 2030 01f8 00000000 		.4byte	0
 2031              	.LLST16:
 2032 01fc 00000000 		.4byte	.LVL51
 2033 0200 0F000000 		.4byte	.LVL53-1
 2034 0204 0100     		.2byte	0x1
 2035 0206 52       		.byte	0x52
 2036 0207 0F000000 		.4byte	.LVL53-1
 2037 020b A0000000 		.4byte	.LFE68
 2038 020f 0400     		.2byte	0x4
 2039 0211 F3       		.byte	0xf3
 2040 0212 01       		.uleb128 0x1
 2041 0213 52       		.byte	0x52
 2042 0214 9F       		.byte	0x9f
 2043 0215 00000000 		.4byte	0
 2044 0219 00000000 		.4byte	0
 2045              	.LLST17:
ARM GAS  C:\Users\EDTRIC~1\AppData\Local\Temp\ccGOVzdj.s 			page 43


 2046 021d 00000000 		.4byte	.LVL51
 2047 0221 0F000000 		.4byte	.LVL53-1
 2048 0225 0100     		.2byte	0x1
 2049 0227 53       		.byte	0x53
 2050 0228 0F000000 		.4byte	.LVL53-1
 2051 022c 9A000000 		.4byte	.LVL66
 2052 0230 0100     		.2byte	0x1
 2053 0232 56       		.byte	0x56
 2054 0233 9A000000 		.4byte	.LVL66
 2055 0237 A0000000 		.4byte	.LFE68
 2056 023b 0400     		.2byte	0x4
 2057 023d F3       		.byte	0xf3
 2058 023e 01       		.uleb128 0x1
 2059 023f 53       		.byte	0x53
 2060 0240 9F       		.byte	0x9f
 2061 0241 00000000 		.4byte	0
 2062 0245 00000000 		.4byte	0
 2063              	.LLST18:
 2064 0249 62000000 		.4byte	.LVL59
 2065 024d 7C000000 		.4byte	.LVL62
 2066 0251 0100     		.2byte	0x1
 2067 0253 54       		.byte	0x54
 2068 0254 7E000000 		.4byte	.LVL63
 2069 0258 9A000000 		.4byte	.LVL66
 2070 025c 0100     		.2byte	0x1
 2071 025e 54       		.byte	0x54
 2072 025f 00000000 		.4byte	0
 2073 0263 00000000 		.4byte	0
 2074              		.section	.debug_aranges,"",%progbits
 2075 0000 44000000 		.4byte	0x44
 2076 0004 0200     		.2byte	0x2
 2077 0006 00000000 		.4byte	.Ldebug_info0
 2078 000a 04       		.byte	0x4
 2079 000b 00       		.byte	0
 2080 000c 0000     		.2byte	0
 2081 000e 0000     		.2byte	0
 2082 0010 00000000 		.4byte	.LFB63
 2083 0014 58000000 		.4byte	.LFE63-.LFB63
 2084 0018 00000000 		.4byte	.LFB64
 2085 001c 74000000 		.4byte	.LFE64-.LFB64
 2086 0020 00000000 		.4byte	.LFB65
 2087 0024 48000000 		.4byte	.LFE65-.LFB65
 2088 0028 00000000 		.4byte	.LFB66
 2089 002c 64000000 		.4byte	.LFE66-.LFB66
 2090 0030 00000000 		.4byte	.LFB67
 2091 0034 80000000 		.4byte	.LFE67-.LFB67
 2092 0038 00000000 		.4byte	.LFB68
 2093 003c A0000000 		.4byte	.LFE68-.LFB68
 2094 0040 00000000 		.4byte	0
 2095 0044 00000000 		.4byte	0
 2096              		.section	.debug_ranges,"",%progbits
 2097              	.Ldebug_ranges0:
 2098 0000 00000000 		.4byte	.LFB63
 2099 0004 58000000 		.4byte	.LFE63
 2100 0008 00000000 		.4byte	.LFB64
 2101 000c 74000000 		.4byte	.LFE64
 2102 0010 00000000 		.4byte	.LFB65
ARM GAS  C:\Users\EDTRIC~1\AppData\Local\Temp\ccGOVzdj.s 			page 44


 2103 0014 48000000 		.4byte	.LFE65
 2104 0018 00000000 		.4byte	.LFB66
 2105 001c 64000000 		.4byte	.LFE66
 2106 0020 00000000 		.4byte	.LFB67
 2107 0024 80000000 		.4byte	.LFE67
 2108 0028 00000000 		.4byte	.LFB68
 2109 002c A0000000 		.4byte	.LFE68
 2110 0030 00000000 		.4byte	0
 2111 0034 00000000 		.4byte	0
 2112              		.section	.debug_line,"",%progbits
 2113              	.Ldebug_line0:
 2114 0000 DB020000 		.section	.debug_str,"MS",%progbits,1
 2114      02005601 
 2114      00000201 
 2114      FB0E0D00 
 2114      01010101 
 2115              	.LASF25:
 2116 0000 4932435F 		.ascii	"I2C_ReadByte\000"
 2116      52656164 
 2116      42797465 
 2116      00
 2117              	.LASF28:
 2118 000d 73746174 		.ascii	"stat\000"
 2118      00
 2119              	.LASF35:
 2120 0012 4932435F 		.ascii	"I2C_MasterSendStop\000"
 2120      4D617374 
 2120      65725365 
 2120      6E645374 
 2120      6F7000
 2121              	.LASF34:
 2122 0025 433A5C55 		.ascii	"C:\\Users\\edtriccorp\\Documents\\PSoC Creator\\Ava"
 2122      73657273 
 2122      5C656474 
 2122      72696363 
 2122      6F72705C 
 2123 0053 74617220 		.ascii	"tar Comms\\Nimbelink 4.0.cydsn\000"
 2123      436F6D6D 
 2123      735C4E69 
 2123      6D62656C 
 2123      696E6B20 
 2124              	.LASF22:
 2125 0071 76616C75 		.ascii	"value\000"
 2125      6500
 2126              	.LASF9:
 2127 0077 5F5F696E 		.ascii	"__int32_t\000"
 2127      7433325F 
 2127      7400
 2128              	.LASF17:
 2129 0081 4932435F 		.ascii	"I2C_Write2Reg\000"
 2129      57726974 
 2129      65325265 
 2129      6700
 2130              	.LASF19:
 2131 008f 64617461 		.ascii	"data\000"
 2131      00
 2132              	.LASF21:
ARM GAS  C:\Users\EDTRIC~1\AppData\Local\Temp\ccGOVzdj.s 			page 45


 2133 0094 62797465 		.ascii	"bytesToRead\000"
 2133      73546F52 
 2133      65616400 
 2134              	.LASF33:
 2135 00a0 2E5C4932 		.ascii	".\\I2C_EZPZ.c\000"
 2135      435F455A 
 2135      505A2E63 
 2135      00
 2136              	.LASF12:
 2137 00ad 666C6F61 		.ascii	"float\000"
 2137      7400
 2138              	.LASF23:
 2139 00b3 636F756E 		.ascii	"counter\000"
 2139      74657200 
 2140              	.LASF1:
 2141 00bb 756E7369 		.ascii	"unsigned char\000"
 2141      676E6564 
 2141      20636861 
 2141      7200
 2142              	.LASF26:
 2143 00c9 4932435F 		.ascii	"I2C_ReadBytes\000"
 2143      52656164 
 2143      42797465 
 2143      7300
 2144              	.LASF5:
 2145 00d7 6C6F6E67 		.ascii	"long unsigned int\000"
 2145      20756E73 
 2145      69676E65 
 2145      6420696E 
 2145      7400
 2146              	.LASF3:
 2147 00e9 73686F72 		.ascii	"short unsigned int\000"
 2147      7420756E 
 2147      7369676E 
 2147      65642069 
 2147      6E7400
 2148              	.LASF29:
 2149 00fc 4932435F 		.ascii	"I2C_MasterSendStart\000"
 2149      4D617374 
 2149      65725365 
 2149      6E645374 
 2149      61727400 
 2150              	.LASF27:
 2151 0110 49544D5F 		.ascii	"ITM_RxBuffer\000"
 2151      52784275 
 2151      66666572 
 2151      00
 2152              	.LASF24:
 2153 011d 4932435F 		.ascii	"I2C_ReadByteNW\000"
 2153      52656164 
 2153      42797465 
 2153      4E5700
 2154              	.LASF13:
 2155 012c 646F7562 		.ascii	"double\000"
 2155      6C6500
 2156              	.LASF32:
 2157 0133 474E5520 		.ascii	"GNU C 4.9.3 20150303 (release) [ARM/embedded-4_9-br"
ARM GAS  C:\Users\EDTRIC~1\AppData\Local\Temp\ccGOVzdj.s 			page 46


 2157      4320342E 
 2157      392E3320 
 2157      32303135 
 2157      30333033 
 2158 0166 616E6368 		.ascii	"anch revision 221220] -mcpu=cortex-m3 -mthumb -g -O"
 2158      20726576 
 2158      6973696F 
 2158      6E203232 
 2158      31323230 
 2159 0199 67202D66 		.ascii	"g -ffunction-sections -ffat-lto-objects\000"
 2159      66756E63 
 2159      74696F6E 
 2159      2D736563 
 2159      74696F6E 
 2160              	.LASF8:
 2161 01c1 756E7369 		.ascii	"unsigned int\000"
 2161      676E6564 
 2161      20696E74 
 2161      00
 2162              	.LASF16:
 2163 01ce 61646472 		.ascii	"address\000"
 2163      65737300 
 2164              	.LASF7:
 2165 01d6 6C6F6E67 		.ascii	"long long unsigned int\000"
 2165      206C6F6E 
 2165      6720756E 
 2165      7369676E 
 2165      65642069 
 2166              	.LASF36:
 2167 01ed 4932435F 		.ascii	"I2C_MasterSendRestart\000"
 2167      4D617374 
 2167      65725365 
 2167      6E645265 
 2167      73746172 
 2168              	.LASF10:
 2169 0203 696E7433 		.ascii	"int32_t\000"
 2169      325F7400 
 2170              	.LASF15:
 2171 020b 73697A65 		.ascii	"sizetype\000"
 2171      74797065 
 2171      00
 2172              	.LASF6:
 2173 0214 6C6F6E67 		.ascii	"long long int\000"
 2173      206C6F6E 
 2173      6720696E 
 2173      7400
 2174              	.LASF14:
 2175 0222 63686172 		.ascii	"char\000"
 2175      00
 2176              	.LASF31:
 2177 0227 4932435F 		.ascii	"I2C_MasterReadByte\000"
 2177      4D617374 
 2177      65725265 
 2177      61644279 
 2177      746500
 2178              	.LASF2:
 2179 023a 73686F72 		.ascii	"short int\000"
ARM GAS  C:\Users\EDTRIC~1\AppData\Local\Temp\ccGOVzdj.s 			page 47


 2179      7420696E 
 2179      7400
 2180              	.LASF11:
 2181 0244 75696E74 		.ascii	"uint8\000"
 2181      3800
 2182              	.LASF4:
 2183 024a 6C6F6E67 		.ascii	"long int\000"
 2183      20696E74 
 2183      00
 2184              	.LASF20:
 2185 0253 4932435F 		.ascii	"I2C_ReadBytesNW\000"
 2185      52656164 
 2185      42797465 
 2185      734E5700 
 2186              	.LASF0:
 2187 0263 7369676E 		.ascii	"signed char\000"
 2187      65642063 
 2187      68617200 
 2188              	.LASF18:
 2189 026f 4932435F 		.ascii	"I2C_WriteByte\000"
 2189      57726974 
 2189      65427974 
 2189      6500
 2190              	.LASF30:
 2191 027d 4932435F 		.ascii	"I2C_MasterWriteByte\000"
 2191      4D617374 
 2191      65725772 
 2191      69746542 
 2191      79746500 
 2192              		.ident	"GCC: (GNU Tools for ARM Embedded Processors) 4.9.3 20150303 (release) [ARM/embedded-4_9-br
