ARM GAS  C:\Users\EDTRIC~1\AppData\Local\Temp\ccSiFZo1.s 			page 1


   1              		.syntax unified
   2              		.cpu cortex-m3
   3              		.fpu softvfp
   4              		.eabi_attribute 20, 1
   5              		.eabi_attribute 21, 1
   6              		.eabi_attribute 23, 3
   7              		.eabi_attribute 24, 1
   8              		.eabi_attribute 25, 1
   9              		.eabi_attribute 26, 1
  10              		.eabi_attribute 30, 1
  11              		.eabi_attribute 34, 1
  12              		.eabi_attribute 18, 4
  13              		.thumb
  14              		.file	"L3GD20_I2C.c"
  15              		.text
  16              	.Ltext0:
  17              		.cfi_sections	.debug_frame
  18              		.section	.text.Gyro_Start,"ax",%progbits
  19              		.align	2
  20              		.global	Gyro_Start
  21              		.thumb
  22              		.thumb_func
  23              		.type	Gyro_Start, %function
  24              	Gyro_Start:
  25              	.LFB63:
  26              		.file 1 ".\\L3GD20_I2C.c"
   1:.\L3GD20_I2C.c **** /* ========================================
   2:.\L3GD20_I2C.c ****  *
   3:.\L3GD20_I2C.c ****  * Copyright YOUR COMPANY, THE YEAR
   4:.\L3GD20_I2C.c ****  * All Rights Reserved
   5:.\L3GD20_I2C.c ****  * UNPUBLISHED, LICENSED SOFTWARE.
   6:.\L3GD20_I2C.c ****  *
   7:.\L3GD20_I2C.c ****  * CONFIDENTIAL AND PROPRIETARY INFORMATION
   8:.\L3GD20_I2C.c ****  * WHICH IS THE PROPERTY OF your company.
   9:.\L3GD20_I2C.c ****  *
  10:.\L3GD20_I2C.c ****  * ========================================
  11:.\L3GD20_I2C.c **** */
  12:.\L3GD20_I2C.c **** 
  13:.\L3GD20_I2C.c **** #include "L3GD20_I2C.h"
  14:.\L3GD20_I2C.c **** #include "I2C_EZPZ.h"
  15:.\L3GD20_I2C.c **** 
  16:.\L3GD20_I2C.c **** uint8 readBuf[6];
  17:.\L3GD20_I2C.c **** 
  18:.\L3GD20_I2C.c **** uint8 range;
  19:.\L3GD20_I2C.c **** 
  20:.\L3GD20_I2C.c **** int cal_counter;
  21:.\L3GD20_I2C.c **** int cal_resolution = 1000;
  22:.\L3GD20_I2C.c **** float xcal_val;
  23:.\L3GD20_I2C.c **** float ycal_val;
  24:.\L3GD20_I2C.c **** float zcal_val;
  25:.\L3GD20_I2C.c **** 
  26:.\L3GD20_I2C.c **** uint8 Gyro_Start( l3gd20Range_t rng )
  27:.\L3GD20_I2C.c **** {
  27              		.loc 1 27 0
  28              		.cfi_startproc
  29              		@ args = 0, pretend = 0, frame = 0
  30              		@ frame_needed = 0, uses_anonymous_args = 0
ARM GAS  C:\Users\EDTRIC~1\AppData\Local\Temp\ccSiFZo1.s 			page 2


  31              	.LVL0:
  32 0000 10B5     		push	{r4, lr}
  33              		.cfi_def_cfa_offset 8
  34              		.cfi_offset 4, -8
  35              		.cfi_offset 14, -4
  28:.\L3GD20_I2C.c ****     range = rng;
  36              		.loc 1 28 0
  37 0002 194B     		ldr	r3, .L10
  38 0004 1870     		strb	r0, [r3]
  29:.\L3GD20_I2C.c ****     
  30:.\L3GD20_I2C.c ****     uint8 id = I2C_ReadByte( GYRO_ADDR , L3GD20_REGISTER_WHO_AM_I );
  39              		.loc 1 30 0
  40 0006 6B20     		movs	r0, #107
  41              	.LVL1:
  42 0008 0F21     		movs	r1, #15
  43 000a FFF7FEFF 		bl	I2C_ReadByte
  44              	.LVL2:
  31:.\L3GD20_I2C.c ****     
  32:.\L3GD20_I2C.c ****     if( id != GYRO_ID ) return 0;
  45              		.loc 1 32 0
  46 000e D428     		cmp	r0, #212
  47 0010 25D1     		bne	.L6
  33:.\L3GD20_I2C.c ****     
  34:.\L3GD20_I2C.c ****     I2C_WriteByte( GYRO_ADDR , L3GD20_REGISTER_CTRL_REG1 , 0x0F );
  48              		.loc 1 34 0
  49 0012 6B20     		movs	r0, #107
  50              	.LVL3:
  51 0014 2021     		movs	r1, #32
  52 0016 0F22     		movs	r2, #15
  53 0018 FFF7FEFF 		bl	I2C_WriteByte
  54              	.LVL4:
  35:.\L3GD20_I2C.c ****     I2C_WriteByte( GYRO_ADDR , L3GD20_REGISTER_CTRL_REG4 , 0x80 );
  55              		.loc 1 35 0
  56 001c 6B20     		movs	r0, #107
  57 001e 2321     		movs	r1, #35
  58 0020 8022     		movs	r2, #128
  59 0022 FFF7FEFF 		bl	I2C_WriteByte
  60              	.LVL5:
  36:.\L3GD20_I2C.c ****     
  37:.\L3GD20_I2C.c ****     switch( range ) //Changes the accuracy of the device (DPS: Degrees Per Second)
  61              		.loc 1 37 0
  62 0026 104B     		ldr	r3, .L10
  63 0028 1C78     		ldrb	r4, [r3]	@ zero_extendqisi2
  64 002a 012C     		cmp	r4, #1
  65 002c 0AD0     		beq	.L3
  66 002e 14B1     		cbz	r4, .L4
  67 0030 022C     		cmp	r4, #2
  68 0032 0DD0     		beq	.L5
  69 0034 15E0     		b	.L8
  70              	.L4:
  38:.\L3GD20_I2C.c ****     {
  39:.\L3GD20_I2C.c ****         case L3GD20_RANGE_250DPS:
  40:.\L3GD20_I2C.c ****             I2C_WriteByte( GYRO_ADDR , L3GD20_REGISTER_CTRL_REG4 , 0x00 );
  71              		.loc 1 40 0
  72 0036 6B20     		movs	r0, #107
  73 0038 2321     		movs	r1, #35
  74 003a 0022     		movs	r2, #0
ARM GAS  C:\Users\EDTRIC~1\AppData\Local\Temp\ccSiFZo1.s 			page 3


  75 003c FFF7FEFF 		bl	I2C_WriteByte
  76              	.LVL6:
  41:.\L3GD20_I2C.c ****             break;
  42:.\L3GD20_I2C.c ****         case L3GD20_RANGE_500DPS:
  43:.\L3GD20_I2C.c ****             I2C_WriteByte( GYRO_ADDR , L3GD20_REGISTER_CTRL_REG4 , 0x10 );
  44:.\L3GD20_I2C.c ****             break;
  45:.\L3GD20_I2C.c ****         case L3GD20_RANGE_2000DPS:
  46:.\L3GD20_I2C.c ****             I2C_WriteByte( GYRO_ADDR , L3GD20_REGISTER_CTRL_REG4 , 0x20 );
  47:.\L3GD20_I2C.c ****             break;
  48:.\L3GD20_I2C.c ****     }
  49:.\L3GD20_I2C.c ****     
  50:.\L3GD20_I2C.c ****     return 1;
  77              		.loc 1 50 0
  78 0040 0124     		movs	r4, #1
  41:.\L3GD20_I2C.c ****             break;
  79              		.loc 1 41 0
  80 0042 0FE0     		b	.L2
  81              	.L3:
  43:.\L3GD20_I2C.c ****             break;
  82              		.loc 1 43 0
  83 0044 6B20     		movs	r0, #107
  84 0046 2321     		movs	r1, #35
  85 0048 1022     		movs	r2, #16
  86 004a FFF7FEFF 		bl	I2C_WriteByte
  87              	.LVL7:
  44:.\L3GD20_I2C.c ****         case L3GD20_RANGE_2000DPS:
  88              		.loc 1 44 0
  89 004e 09E0     		b	.L2
  90              	.L5:
  46:.\L3GD20_I2C.c ****             break;
  91              		.loc 1 46 0
  92 0050 6B20     		movs	r0, #107
  93 0052 2321     		movs	r1, #35
  94 0054 2022     		movs	r2, #32
  95 0056 FFF7FEFF 		bl	I2C_WriteByte
  96              	.LVL8:
  97              		.loc 1 50 0
  98 005a 0124     		movs	r4, #1
  47:.\L3GD20_I2C.c ****     }
  99              		.loc 1 47 0
 100 005c 02E0     		b	.L2
 101              	.LVL9:
 102              	.L6:
  32:.\L3GD20_I2C.c ****     
 103              		.loc 1 32 0
 104 005e 0024     		movs	r4, #0
 105 0060 00E0     		b	.L2
 106              	.LVL10:
 107              	.L8:
 108              		.loc 1 50 0
 109 0062 0124     		movs	r4, #1
 110              	.L2:
  51:.\L3GD20_I2C.c **** }
 111              		.loc 1 51 0
 112 0064 2046     		mov	r0, r4
 113 0066 10BD     		pop	{r4, pc}
 114              	.L11:
ARM GAS  C:\Users\EDTRIC~1\AppData\Local\Temp\ccSiFZo1.s 			page 4


 115              		.align	2
 116              	.L10:
 117 0068 00000000 		.word	range
 118              		.cfi_endproc
 119              	.LFE63:
 120              		.size	Gyro_Start, .-Gyro_Start
 121              		.global	__aeabi_i2f
 122              		.global	__aeabi_fmul
 123              		.global	__aeabi_fsub
 124              		.section	.text.Gyro_Read,"ax",%progbits
 125              		.align	2
 126              		.global	Gyro_Read
 127              		.thumb
 128              		.thumb_func
 129              		.type	Gyro_Read, %function
 130              	Gyro_Read:
 131              	.LFB65:
  52:.\L3GD20_I2C.c **** 
  53:.\L3GD20_I2C.c **** void Gyro_Calibrate( void )
  54:.\L3GD20_I2C.c **** {
  55:.\L3GD20_I2C.c ****     for( cal_counter = 0 ; cal_counter < cal_resolution ; cal_counter++ )
  56:.\L3GD20_I2C.c ****     {
  57:.\L3GD20_I2C.c ****         Gyro_Read();
  58:.\L3GD20_I2C.c ****         xcal_val += gyro.x;
  59:.\L3GD20_I2C.c ****         ycal_val += gyro.y;
  60:.\L3GD20_I2C.c ****         zcal_val += gyro.z;
  61:.\L3GD20_I2C.c ****         CyDelay(10);
  62:.\L3GD20_I2C.c ****     }
  63:.\L3GD20_I2C.c ****     
  64:.\L3GD20_I2C.c ****     xcal_val /= cal_resolution;
  65:.\L3GD20_I2C.c ****     ycal_val /= cal_resolution;
  66:.\L3GD20_I2C.c ****     zcal_val /= cal_resolution;
  67:.\L3GD20_I2C.c **** }
  68:.\L3GD20_I2C.c **** 
  69:.\L3GD20_I2C.c **** void Gyro_Read( void )
  70:.\L3GD20_I2C.c **** {
 132              		.loc 1 70 0
 133              		.cfi_startproc
 134              		@ args = 0, pretend = 0, frame = 0
 135              		@ frame_needed = 0, uses_anonymous_args = 0
 136 0000 2DE9F047 		push	{r4, r5, r6, r7, r8, r9, r10, lr}
 137              		.cfi_def_cfa_offset 32
 138              		.cfi_offset 4, -32
 139              		.cfi_offset 5, -28
 140              		.cfi_offset 6, -24
 141              		.cfi_offset 7, -20
 142              		.cfi_offset 8, -16
 143              		.cfi_offset 9, -12
 144              		.cfi_offset 10, -8
 145              		.cfi_offset 14, -4
  71:.\L3GD20_I2C.c ****     uint8_t xhi , xlo , yhi , ylo , zhi , zlo;
  72:.\L3GD20_I2C.c ****     
  73:.\L3GD20_I2C.c ****     I2C_ReadBytes( GYRO_ADDR , L3GD20_REGISTER_OUT_X_L | 0x80 , 6 , readBuf );
 146              		.loc 1 73 0
 147 0004 3E4C     		ldr	r4, .L19
 148 0006 6B20     		movs	r0, #107
 149 0008 A821     		movs	r1, #168
ARM GAS  C:\Users\EDTRIC~1\AppData\Local\Temp\ccSiFZo1.s 			page 5


 150 000a 0622     		movs	r2, #6
 151 000c 2346     		mov	r3, r4
 152 000e FFF7FEFF 		bl	I2C_ReadBytes
 153              	.LVL11:
  74:.\L3GD20_I2C.c ****     
  75:.\L3GD20_I2C.c ****     xlo = readBuf[0];
 154              		.loc 1 75 0
 155 0012 2378     		ldrb	r3, [r4]	@ zero_extendqisi2
 156              	.LVL12:
  76:.\L3GD20_I2C.c ****     xhi = readBuf[1];
 157              		.loc 1 76 0
 158 0014 6078     		ldrb	r0, [r4, #1]	@ zero_extendqisi2
 159              	.LVL13:
  77:.\L3GD20_I2C.c ****     ylo = readBuf[2];
 160              		.loc 1 77 0
 161 0016 A778     		ldrb	r7, [r4, #2]	@ zero_extendqisi2
 162              	.LVL14:
  78:.\L3GD20_I2C.c ****     yhi = readBuf[3];
 163              		.loc 1 78 0
 164 0018 94F803A0 		ldrb	r10, [r4, #3]	@ zero_extendqisi2
 165              	.LVL15:
  79:.\L3GD20_I2C.c ****     zlo = readBuf[4];
 166              		.loc 1 79 0
 167 001c 2679     		ldrb	r6, [r4, #4]	@ zero_extendqisi2
 168              	.LVL16:
  80:.\L3GD20_I2C.c ****     zhi = readBuf[5];
 169              		.loc 1 80 0
 170 001e 94F80590 		ldrb	r9, [r4, #5]	@ zero_extendqisi2
 171              	.LVL17:
  81:.\L3GD20_I2C.c ****     
  82:.\L3GD20_I2C.c ****     //Shifts high byte combines it with low byte to create 2-byte integer
  83:.\L3GD20_I2C.c ****     gyro.x = (int16_t)( xlo | ( xhi << 8 ) );
 172              		.loc 1 83 0
 173 0022 43EA0020 		orr	r0, r3, r0, lsl #8
 174              	.LVL18:
 175 0026 00B2     		sxth	r0, r0
 176 0028 FFF7FEFF 		bl	__aeabi_i2f
 177              	.LVL19:
 178 002c 8046     		mov	r8, r0
 179 002e 354D     		ldr	r5, .L19+4
 180 0030 2860     		str	r0, [r5]	@ float
  84:.\L3GD20_I2C.c ****     gyro.y = (int16_t)( ylo | ( yhi << 8 ) );
 181              		.loc 1 84 0
 182 0032 47EA0A20 		orr	r0, r7, r10, lsl #8
 183 0036 00B2     		sxth	r0, r0
 184 0038 FFF7FEFF 		bl	__aeabi_i2f
 185              	.LVL20:
 186 003c 0446     		mov	r4, r0
  85:.\L3GD20_I2C.c ****     gyro.z = (int16_t)( zlo | ( zhi << 8 ) );
 187              		.loc 1 85 0
 188 003e 46EA0920 		orr	r0, r6, r9, lsl #8
 189 0042 00B2     		sxth	r0, r0
 190 0044 FFF7FEFF 		bl	__aeabi_i2f
 191              	.LVL21:
  86:.\L3GD20_I2C.c ****     
  87:.\L3GD20_I2C.c ****     //Invert signs for aircraft axis
  88:.\L3GD20_I2C.c ****     gyro.y *= -1;
ARM GAS  C:\Users\EDTRIC~1\AppData\Local\Temp\ccSiFZo1.s 			page 6


 192              		.loc 1 88 0
 193 0048 04F10044 		add	r4, r4, #-2147483648
 194 004c 6C60     		str	r4, [r5, #4]	@ float
  89:.\L3GD20_I2C.c ****     gyro.z *= -1;
 195              		.loc 1 89 0
 196 004e 00F10046 		add	r6, r0, #-2147483648
 197              	.LVL22:
 198 0052 AE60     		str	r6, [r5, #8]	@ float
  90:.\L3GD20_I2C.c ****     
  91:.\L3GD20_I2C.c ****     switch( range )
 199              		.loc 1 91 0
 200 0054 2C4B     		ldr	r3, .L19+8
 201 0056 1B78     		ldrb	r3, [r3]	@ zero_extendqisi2
 202 0058 012B     		cmp	r3, #1
 203 005a 14D0     		beq	.L14
 204 005c 13B1     		cbz	r3, .L15
 205 005e 022B     		cmp	r3, #2
 206 0060 22D0     		beq	.L16
 207 0062 31E0     		b	.L13
 208              	.L15:
  92:.\L3GD20_I2C.c ****     {
  93:.\L3GD20_I2C.c ****         case L3GD20_RANGE_250DPS:
  94:.\L3GD20_I2C.c ****             gyro.x *= L3GD20_SENSITIVITY_250DPS;
 209              		.loc 1 94 0
 210 0064 274D     		ldr	r5, .L19+4
 211 0066 4046     		mov	r0, r8
 212 0068 2849     		ldr	r1, .L19+12
 213 006a FFF7FEFF 		bl	__aeabi_fmul
 214              	.LVL23:
 215 006e 2860     		str	r0, [r5]	@ float
  95:.\L3GD20_I2C.c ****             gyro.y *= L3GD20_SENSITIVITY_250DPS;
 216              		.loc 1 95 0
 217 0070 2046     		mov	r0, r4
 218 0072 2649     		ldr	r1, .L19+12
 219 0074 FFF7FEFF 		bl	__aeabi_fmul
 220              	.LVL24:
 221 0078 6860     		str	r0, [r5, #4]	@ float
  96:.\L3GD20_I2C.c ****             gyro.z *= L3GD20_SENSITIVITY_250DPS;
 222              		.loc 1 96 0
 223 007a 3046     		mov	r0, r6
 224 007c 2349     		ldr	r1, .L19+12
 225 007e FFF7FEFF 		bl	__aeabi_fmul
 226              	.LVL25:
 227 0082 A860     		str	r0, [r5, #8]	@ float
  97:.\L3GD20_I2C.c ****             break;
 228              		.loc 1 97 0
 229 0084 20E0     		b	.L13
 230              	.L14:
  98:.\L3GD20_I2C.c ****         case L3GD20_RANGE_500DPS:
  99:.\L3GD20_I2C.c ****             gyro.x *= L3GD20_SENSITIVITY_500DPS;
 231              		.loc 1 99 0
 232 0086 1F4D     		ldr	r5, .L19+4
 233 0088 4046     		mov	r0, r8
 234 008a 2149     		ldr	r1, .L19+16
 235 008c FFF7FEFF 		bl	__aeabi_fmul
 236              	.LVL26:
 237 0090 2860     		str	r0, [r5]	@ float
ARM GAS  C:\Users\EDTRIC~1\AppData\Local\Temp\ccSiFZo1.s 			page 7


 100:.\L3GD20_I2C.c ****             gyro.y *= L3GD20_SENSITIVITY_500DPS;
 238              		.loc 1 100 0
 239 0092 2046     		mov	r0, r4
 240 0094 1E49     		ldr	r1, .L19+16
 241 0096 FFF7FEFF 		bl	__aeabi_fmul
 242              	.LVL27:
 243 009a 6860     		str	r0, [r5, #4]	@ float
 101:.\L3GD20_I2C.c ****             gyro.z *= L3GD20_SENSITIVITY_500DPS;
 244              		.loc 1 101 0
 245 009c 3046     		mov	r0, r6
 246 009e 1C49     		ldr	r1, .L19+16
 247 00a0 FFF7FEFF 		bl	__aeabi_fmul
 248              	.LVL28:
 249 00a4 A860     		str	r0, [r5, #8]	@ float
 102:.\L3GD20_I2C.c ****             break;
 250              		.loc 1 102 0
 251 00a6 0FE0     		b	.L13
 252              	.L16:
 103:.\L3GD20_I2C.c ****         case L3GD20_RANGE_2000DPS:
 104:.\L3GD20_I2C.c ****             gyro.x *= L3GD20_SENSITIVITY_2000DPS;
 253              		.loc 1 104 0
 254 00a8 164D     		ldr	r5, .L19+4
 255 00aa 4046     		mov	r0, r8
 256 00ac 1949     		ldr	r1, .L19+20
 257 00ae FFF7FEFF 		bl	__aeabi_fmul
 258              	.LVL29:
 259 00b2 2860     		str	r0, [r5]	@ float
 105:.\L3GD20_I2C.c ****             gyro.y *= L3GD20_SENSITIVITY_2000DPS;
 260              		.loc 1 105 0
 261 00b4 2046     		mov	r0, r4
 262 00b6 1749     		ldr	r1, .L19+20
 263 00b8 FFF7FEFF 		bl	__aeabi_fmul
 264              	.LVL30:
 265 00bc 6860     		str	r0, [r5, #4]	@ float
 106:.\L3GD20_I2C.c ****             gyro.z *= L3GD20_SENSITIVITY_2000DPS;
 266              		.loc 1 106 0
 267 00be 3046     		mov	r0, r6
 268 00c0 1449     		ldr	r1, .L19+20
 269 00c2 FFF7FEFF 		bl	__aeabi_fmul
 270              	.LVL31:
 271 00c6 A860     		str	r0, [r5, #8]	@ float
 272              	.L13:
 107:.\L3GD20_I2C.c ****             break;
 108:.\L3GD20_I2C.c ****     }
 109:.\L3GD20_I2C.c ****     
 110:.\L3GD20_I2C.c ****     if( cal_counter == cal_resolution )
 273              		.loc 1 110 0
 274 00c8 134B     		ldr	r3, .L19+24
 275 00ca 1A68     		ldr	r2, [r3]
 276 00cc 134B     		ldr	r3, .L19+28
 277 00ce 1B68     		ldr	r3, [r3]
 278 00d0 9A42     		cmp	r2, r3
 279 00d2 12D1     		bne	.L12
 111:.\L3GD20_I2C.c ****     {
 112:.\L3GD20_I2C.c ****         gyro.x -= xcal_val;
 280              		.loc 1 112 0
 281 00d4 0B4C     		ldr	r4, .L19+4
ARM GAS  C:\Users\EDTRIC~1\AppData\Local\Temp\ccSiFZo1.s 			page 8


 282 00d6 2068     		ldr	r0, [r4]	@ float
 283 00d8 114B     		ldr	r3, .L19+32
 284 00da 1968     		ldr	r1, [r3]	@ float
 285 00dc FFF7FEFF 		bl	__aeabi_fsub
 286              	.LVL32:
 287 00e0 2060     		str	r0, [r4]	@ float
 113:.\L3GD20_I2C.c ****         gyro.y -= ycal_val;
 288              		.loc 1 113 0
 289 00e2 6068     		ldr	r0, [r4, #4]	@ float
 290 00e4 0F4B     		ldr	r3, .L19+36
 291 00e6 1968     		ldr	r1, [r3]	@ float
 292 00e8 FFF7FEFF 		bl	__aeabi_fsub
 293              	.LVL33:
 294 00ec 6060     		str	r0, [r4, #4]	@ float
 114:.\L3GD20_I2C.c ****         gyro.z -= zcal_val;
 295              		.loc 1 114 0
 296 00ee A068     		ldr	r0, [r4, #8]	@ float
 297 00f0 0D4B     		ldr	r3, .L19+40
 298 00f2 1968     		ldr	r1, [r3]	@ float
 299 00f4 FFF7FEFF 		bl	__aeabi_fsub
 300              	.LVL34:
 301 00f8 A060     		str	r0, [r4, #8]	@ float
 302              	.L12:
 303 00fa BDE8F087 		pop	{r4, r5, r6, r7, r8, r9, r10, pc}
 304              	.LVL35:
 305              	.L20:
 306 00fe 00BF     		.align	2
 307              	.L19:
 308 0100 00000000 		.word	readBuf
 309 0104 00000000 		.word	gyro
 310 0108 00000000 		.word	range
 311 010c 295C0F3C 		.word	1007639593
 312 0110 295C8F3C 		.word	1016028201
 313 0114 295C8F3D 		.word	1032805417
 314 0118 00000000 		.word	cal_counter
 315 011c 00000000 		.word	.LANCHOR0
 316 0120 00000000 		.word	xcal_val
 317 0124 00000000 		.word	ycal_val
 318 0128 00000000 		.word	zcal_val
 319              		.cfi_endproc
 320              	.LFE65:
 321              		.size	Gyro_Read, .-Gyro_Read
 322              		.global	__aeabi_fadd
 323              		.global	__aeabi_fdiv
 324              		.section	.text.Gyro_Calibrate,"ax",%progbits
 325              		.align	2
 326              		.global	Gyro_Calibrate
 327              		.thumb
 328              		.thumb_func
 329              		.type	Gyro_Calibrate, %function
 330              	Gyro_Calibrate:
 331              	.LFB64:
  54:.\L3GD20_I2C.c ****     for( cal_counter = 0 ; cal_counter < cal_resolution ; cal_counter++ )
 332              		.loc 1 54 0
 333              		.cfi_startproc
 334              		@ args = 0, pretend = 0, frame = 0
 335              		@ frame_needed = 0, uses_anonymous_args = 0
ARM GAS  C:\Users\EDTRIC~1\AppData\Local\Temp\ccSiFZo1.s 			page 9


 336 0000 38B5     		push	{r3, r4, r5, lr}
 337              		.cfi_def_cfa_offset 16
 338              		.cfi_offset 3, -16
 339              		.cfi_offset 4, -12
 340              		.cfi_offset 5, -8
 341              		.cfi_offset 14, -4
  55:.\L3GD20_I2C.c ****     {
 342              		.loc 1 55 0
 343 0002 0022     		movs	r2, #0
 344 0004 1D4B     		ldr	r3, .L25
 345 0006 1A60     		str	r2, [r3]
 346 0008 1BE0     		b	.L22
 347              	.L23:
  57:.\L3GD20_I2C.c ****         xcal_val += gyro.x;
 348              		.loc 1 57 0 discriminator 3
 349 000a FFF7FEFF 		bl	Gyro_Read
 350              	.LVL36:
  58:.\L3GD20_I2C.c ****         ycal_val += gyro.y;
 351              		.loc 1 58 0 discriminator 3
 352 000e 1C4C     		ldr	r4, .L25+4
 353 0010 1C4D     		ldr	r5, .L25+8
 354 0012 2068     		ldr	r0, [r4]	@ float
 355 0014 2968     		ldr	r1, [r5]	@ float
 356 0016 FFF7FEFF 		bl	__aeabi_fadd
 357              	.LVL37:
 358 001a 2860     		str	r0, [r5]	@ float
  59:.\L3GD20_I2C.c ****         zcal_val += gyro.z;
 359              		.loc 1 59 0 discriminator 3
 360 001c 1A4D     		ldr	r5, .L25+12
 361 001e 6068     		ldr	r0, [r4, #4]	@ float
 362 0020 2968     		ldr	r1, [r5]	@ float
 363 0022 FFF7FEFF 		bl	__aeabi_fadd
 364              	.LVL38:
 365 0026 2860     		str	r0, [r5]	@ float
  60:.\L3GD20_I2C.c ****         CyDelay(10);
 366              		.loc 1 60 0 discriminator 3
 367 0028 184D     		ldr	r5, .L25+16
 368 002a A068     		ldr	r0, [r4, #8]	@ float
 369 002c 2968     		ldr	r1, [r5]	@ float
 370 002e FFF7FEFF 		bl	__aeabi_fadd
 371              	.LVL39:
 372 0032 2860     		str	r0, [r5]	@ float
  61:.\L3GD20_I2C.c ****     }
 373              		.loc 1 61 0 discriminator 3
 374 0034 0A20     		movs	r0, #10
 375 0036 FFF7FEFF 		bl	CyDelay
 376              	.LVL40:
  55:.\L3GD20_I2C.c ****     {
 377              		.loc 1 55 0 discriminator 3
 378 003a 104A     		ldr	r2, .L25
 379 003c 1368     		ldr	r3, [r2]
 380 003e 0133     		adds	r3, r3, #1
 381 0040 1360     		str	r3, [r2]
 382              	.L22:
  55:.\L3GD20_I2C.c ****     {
 383              		.loc 1 55 0 is_stmt 0 discriminator 1
 384 0042 0E4B     		ldr	r3, .L25
ARM GAS  C:\Users\EDTRIC~1\AppData\Local\Temp\ccSiFZo1.s 			page 10


 385 0044 1B68     		ldr	r3, [r3]
 386 0046 124A     		ldr	r2, .L25+20
 387 0048 1068     		ldr	r0, [r2]
 388 004a 8342     		cmp	r3, r0
 389 004c DDDB     		blt	.L23
  64:.\L3GD20_I2C.c ****     ycal_val /= cal_resolution;
 390              		.loc 1 64 0 is_stmt 1
 391 004e FFF7FEFF 		bl	__aeabi_i2f
 392              	.LVL41:
 393 0052 0446     		mov	r4, r0
 394 0054 0B4D     		ldr	r5, .L25+8
 395 0056 2868     		ldr	r0, [r5]	@ float
 396 0058 2146     		mov	r1, r4
 397 005a FFF7FEFF 		bl	__aeabi_fdiv
 398              	.LVL42:
 399 005e 2860     		str	r0, [r5]	@ float
  65:.\L3GD20_I2C.c ****     zcal_val /= cal_resolution;
 400              		.loc 1 65 0
 401 0060 094D     		ldr	r5, .L25+12
 402 0062 2868     		ldr	r0, [r5]	@ float
 403 0064 2146     		mov	r1, r4
 404 0066 FFF7FEFF 		bl	__aeabi_fdiv
 405              	.LVL43:
 406 006a 2860     		str	r0, [r5]	@ float
  66:.\L3GD20_I2C.c **** }
 407              		.loc 1 66 0
 408 006c 074D     		ldr	r5, .L25+16
 409 006e 2868     		ldr	r0, [r5]	@ float
 410 0070 2146     		mov	r1, r4
 411 0072 FFF7FEFF 		bl	__aeabi_fdiv
 412              	.LVL44:
 413 0076 2860     		str	r0, [r5]	@ float
 414 0078 38BD     		pop	{r3, r4, r5, pc}
 415              	.L26:
 416 007a 00BF     		.align	2
 417              	.L25:
 418 007c 00000000 		.word	cal_counter
 419 0080 00000000 		.word	gyro
 420 0084 00000000 		.word	xcal_val
 421 0088 00000000 		.word	ycal_val
 422 008c 00000000 		.word	zcal_val
 423 0090 00000000 		.word	.LANCHOR0
 424              		.cfi_endproc
 425              	.LFE64:
 426              		.size	Gyro_Calibrate, .-Gyro_Calibrate
 427              		.comm	zcal_val,4,4
 428              		.comm	ycal_val,4,4
 429              		.comm	xcal_val,4,4
 430              		.global	cal_resolution
 431              		.comm	cal_counter,4,4
 432              		.comm	range,1,1
 433              		.comm	readBuf,6,4
 434              		.comm	gyro,12,4
 435              		.data
 436              		.align	2
 437              		.set	.LANCHOR0,. + 0
 438              		.type	cal_resolution, %object
ARM GAS  C:\Users\EDTRIC~1\AppData\Local\Temp\ccSiFZo1.s 			page 11


 439              		.size	cal_resolution, 4
 440              	cal_resolution:
 441 0000 E8030000 		.word	1000
 442              		.text
 443              	.Letext0:
 444              		.file 2 "c:\\program files (x86)\\cypress\\psoc creator\\3.3\\psoc creator\\import\\gnu\\arm\\4.9.
 445              		.file 3 "c:\\program files (x86)\\cypress\\psoc creator\\3.3\\psoc creator\\import\\gnu\\arm\\4.9.
 446              		.file 4 "Generated_Source\\PSoC5/cytypes.h"
 447              		.file 5 ".\\L3GD20_I2C.h"
 448              		.file 6 "Generated_Source\\PSoC5/core_cm3.h"
 449              		.file 7 ".\\I2C_EZPZ.h"
 450              		.file 8 "Generated_Source\\PSoC5/CyLib.h"
 451              		.section	.debug_info,"",%progbits
 452              	.Ldebug_info0:
 453 0000 98040000 		.4byte	0x498
 454 0004 0400     		.2byte	0x4
 455 0006 00000000 		.4byte	.Ldebug_abbrev0
 456 000a 04       		.byte	0x4
 457 000b 01       		.uleb128 0x1
 458 000c 5D030000 		.4byte	.LASF65
 459 0010 01       		.byte	0x1
 460 0011 3C030000 		.4byte	.LASF66
 461 0015 87020000 		.4byte	.LASF67
 462 0019 00000000 		.4byte	.Ldebug_ranges0+0
 463 001d 00000000 		.4byte	0
 464 0021 00000000 		.4byte	.Ldebug_line0
 465 0025 02       		.uleb128 0x2
 466 0026 01       		.byte	0x1
 467 0027 06       		.byte	0x6
 468 0028 6F010000 		.4byte	.LASF0
 469 002c 03       		.uleb128 0x3
 470 002d D1010000 		.4byte	.LASF2
 471 0031 02       		.byte	0x2
 472 0032 1D       		.byte	0x1d
 473 0033 37000000 		.4byte	0x37
 474 0037 02       		.uleb128 0x2
 475 0038 01       		.byte	0x1
 476 0039 08       		.byte	0x8
 477 003a 16020000 		.4byte	.LASF1
 478 003e 03       		.uleb128 0x3
 479 003f DC040000 		.4byte	.LASF3
 480 0043 02       		.byte	0x2
 481 0044 29       		.byte	0x29
 482 0045 49000000 		.4byte	0x49
 483 0049 02       		.uleb128 0x2
 484 004a 02       		.byte	0x2
 485 004b 05       		.byte	0x5
 486 004c 9A000000 		.4byte	.LASF4
 487 0050 02       		.uleb128 0x2
 488 0051 02       		.byte	0x2
 489 0052 07       		.byte	0x7
 490 0053 07030000 		.4byte	.LASF5
 491 0057 03       		.uleb128 0x3
 492 0058 02040000 		.4byte	.LASF6
 493 005c 02       		.byte	0x2
 494 005d 3F       		.byte	0x3f
 495 005e 62000000 		.4byte	0x62
ARM GAS  C:\Users\EDTRIC~1\AppData\Local\Temp\ccSiFZo1.s 			page 12


 496 0062 02       		.uleb128 0x2
 497 0063 04       		.byte	0x4
 498 0064 05       		.byte	0x5
 499 0065 B1010000 		.4byte	.LASF7
 500 0069 02       		.uleb128 0x2
 501 006a 04       		.byte	0x4
 502 006b 07       		.byte	0x7
 503 006c 97040000 		.4byte	.LASF8
 504 0070 02       		.uleb128 0x2
 505 0071 08       		.byte	0x8
 506 0072 05       		.byte	0x5
 507 0073 81010000 		.4byte	.LASF9
 508 0077 02       		.uleb128 0x2
 509 0078 08       		.byte	0x8
 510 0079 07       		.byte	0x7
 511 007a 8F010000 		.4byte	.LASF10
 512 007e 04       		.uleb128 0x4
 513 007f 04       		.byte	0x4
 514 0080 05       		.byte	0x5
 515 0081 696E7400 		.ascii	"int\000"
 516 0085 02       		.uleb128 0x2
 517 0086 04       		.byte	0x4
 518 0087 07       		.byte	0x7
 519 0088 6E020000 		.4byte	.LASF11
 520 008c 03       		.uleb128 0x3
 521 008d 18010000 		.4byte	.LASF12
 522 0091 03       		.byte	0x3
 523 0092 15       		.byte	0x15
 524 0093 2C000000 		.4byte	0x2c
 525 0097 03       		.uleb128 0x3
 526 0098 37040000 		.4byte	.LASF13
 527 009c 03       		.byte	0x3
 528 009d 20       		.byte	0x20
 529 009e 3E000000 		.4byte	0x3e
 530 00a2 03       		.uleb128 0x3
 531 00a3 57020000 		.4byte	.LASF14
 532 00a7 03       		.byte	0x3
 533 00a8 2C       		.byte	0x2c
 534 00a9 57000000 		.4byte	0x57
 535 00ad 05       		.uleb128 0x5
 536 00ae 38010000 		.4byte	.LASF15
 537 00b2 04       		.byte	0x4
 538 00b3 3801     		.2byte	0x138
 539 00b5 37000000 		.4byte	0x37
 540 00b9 05       		.uleb128 0x5
 541 00ba 77040000 		.4byte	.LASF16
 542 00be 04       		.byte	0x4
 543 00bf 3A01     		.2byte	0x13a
 544 00c1 69000000 		.4byte	0x69
 545 00c5 02       		.uleb128 0x2
 546 00c6 04       		.byte	0x4
 547 00c7 04       		.byte	0x4
 548 00c8 7B010000 		.4byte	.LASF17
 549 00cc 02       		.uleb128 0x2
 550 00cd 08       		.byte	0x8
 551 00ce 04       		.byte	0x4
 552 00cf A9040000 		.4byte	.LASF18
ARM GAS  C:\Users\EDTRIC~1\AppData\Local\Temp\ccSiFZo1.s 			page 13


 553 00d3 02       		.uleb128 0x2
 554 00d4 01       		.byte	0x1
 555 00d5 08       		.byte	0x8
 556 00d6 4B030000 		.4byte	.LASF19
 557 00da 02       		.uleb128 0x2
 558 00db 04       		.byte	0x4
 559 00dc 07       		.byte	0x7
 560 00dd AC000000 		.4byte	.LASF20
 561 00e1 06       		.uleb128 0x6
 562 00e2 01       		.byte	0x1
 563 00e3 05       		.byte	0x5
 564 00e4 1B       		.byte	0x1b
 565 00e5 86010000 		.4byte	0x186
 566 00e9 07       		.uleb128 0x7
 567 00ea 7E040000 		.4byte	.LASF21
 568 00ee 0F       		.sleb128 15
 569 00ef 07       		.uleb128 0x7
 570 00f0 1A000000 		.4byte	.LASF22
 571 00f4 20       		.sleb128 32
 572 00f5 07       		.uleb128 0x7
 573 00f6 34000000 		.4byte	.LASF23
 574 00fa 21       		.sleb128 33
 575 00fb 07       		.uleb128 0x7
 576 00fc 33020000 		.4byte	.LASF24
 577 0100 22       		.sleb128 34
 578 0101 07       		.uleb128 0x7
 579 0102 66000000 		.4byte	.LASF25
 580 0106 23       		.sleb128 35
 581 0107 07       		.uleb128 0x7
 582 0108 80000000 		.4byte	.LASF26
 583 010c 24       		.sleb128 36
 584 010d 07       		.uleb128 0x7
 585 010e 00000000 		.4byte	.LASF27
 586 0112 25       		.sleb128 37
 587 0113 07       		.uleb128 0x7
 588 0114 D3020000 		.4byte	.LASF28
 589 0118 26       		.sleb128 38
 590 0119 07       		.uleb128 0x7
 591 011a EC020000 		.4byte	.LASF29
 592 011e 27       		.sleb128 39
 593 011f 07       		.uleb128 0x7
 594 0120 3E010000 		.4byte	.LASF30
 595 0124 28       		.sleb128 40
 596 0125 07       		.uleb128 0x7
 597 0126 20010000 		.4byte	.LASF31
 598 012a 29       		.sleb128 41
 599 012b 07       		.uleb128 0x7
 600 012c 00010000 		.4byte	.LASF32
 601 0130 2A       		.sleb128 42
 602 0131 07       		.uleb128 0x7
 603 0132 D1000000 		.4byte	.LASF33
 604 0136 2B       		.sleb128 43
 605 0137 07       		.uleb128 0x7
 606 0138 5F040000 		.4byte	.LASF34
 607 013c 2C       		.sleb128 44
 608 013d 07       		.uleb128 0x7
 609 013e 4E000000 		.4byte	.LASF35
ARM GAS  C:\Users\EDTRIC~1\AppData\Local\Temp\ccSiFZo1.s 			page 14


 610 0142 2D       		.sleb128 45
 611 0143 07       		.uleb128 0x7
 612 0144 04050000 		.4byte	.LASF36
 613 0148 2E       		.sleb128 46
 614 0149 07       		.uleb128 0x7
 615 014a B0040000 		.4byte	.LASF37
 616 014e 2F       		.sleb128 47
 617 014f 07       		.uleb128 0x7
 618 0150 56010000 		.4byte	.LASF38
 619 0154 30       		.sleb128 48
 620 0155 07       		.uleb128 0x7
 621 0156 1A030000 		.4byte	.LASF39
 622 015a 31       		.sleb128 49
 623 015b 07       		.uleb128 0x7
 624 015c BA000000 		.4byte	.LASF40
 625 0160 32       		.sleb128 50
 626 0161 07       		.uleb128 0x7
 627 0162 E9000000 		.4byte	.LASF41
 628 0166 33       		.sleb128 51
 629 0167 07       		.uleb128 0x7
 630 0168 BA010000 		.4byte	.LASF42
 631 016c 34       		.sleb128 52
 632 016d 07       		.uleb128 0x7
 633 016e DB010000 		.4byte	.LASF43
 634 0172 35       		.sleb128 53
 635 0173 07       		.uleb128 0x7
 636 0174 EB030000 		.4byte	.LASF44
 637 0178 36       		.sleb128 54
 638 0179 07       		.uleb128 0x7
 639 017a 20040000 		.4byte	.LASF45
 640 017e 37       		.sleb128 55
 641 017f 07       		.uleb128 0x7
 642 0180 E6040000 		.4byte	.LASF46
 643 0184 38       		.sleb128 56
 644 0185 00       		.byte	0
 645 0186 06       		.uleb128 0x6
 646 0187 01       		.byte	0x1
 647 0188 05       		.byte	0x5
 648 0189 39       		.byte	0x39
 649 018a A1010000 		.4byte	0x1a1
 650 018e 07       		.uleb128 0x7
 651 018f 0C040000 		.4byte	.LASF47
 652 0193 00       		.sleb128 0
 653 0194 07       		.uleb128 0x7
 654 0195 22050000 		.4byte	.LASF48
 655 0199 01       		.sleb128 1
 656 019a 07       		.uleb128 0x7
 657 019b 4A040000 		.4byte	.LASF49
 658 019f 02       		.sleb128 2
 659 01a0 00       		.byte	0
 660 01a1 03       		.uleb128 0x3
 661 01a2 59050000 		.4byte	.LASF50
 662 01a6 05       		.byte	0x5
 663 01a7 3D       		.byte	0x3d
 664 01a8 86010000 		.4byte	0x186
 665 01ac 08       		.uleb128 0x8
 666 01ad 00020000 		.4byte	.LASF68
ARM GAS  C:\Users\EDTRIC~1\AppData\Local\Temp\ccSiFZo1.s 			page 15


 667 01b1 0C       		.byte	0xc
 668 01b2 05       		.byte	0x5
 669 01b3 3F       		.byte	0x3f
 670 01b4 D7010000 		.4byte	0x1d7
 671 01b8 09       		.uleb128 0x9
 672 01b9 7800     		.ascii	"x\000"
 673 01bb 05       		.byte	0x5
 674 01bc 41       		.byte	0x41
 675 01bd C5000000 		.4byte	0xc5
 676 01c1 00       		.byte	0
 677 01c2 09       		.uleb128 0x9
 678 01c3 7900     		.ascii	"y\000"
 679 01c5 05       		.byte	0x5
 680 01c6 42       		.byte	0x42
 681 01c7 C5000000 		.4byte	0xc5
 682 01cb 04       		.byte	0x4
 683 01cc 09       		.uleb128 0x9
 684 01cd 7A00     		.ascii	"z\000"
 685 01cf 05       		.byte	0x5
 686 01d0 43       		.byte	0x43
 687 01d1 C5000000 		.4byte	0xc5
 688 01d5 08       		.byte	0x8
 689 01d6 00       		.byte	0
 690 01d7 03       		.uleb128 0x3
 691 01d8 A6010000 		.4byte	.LASF51
 692 01dc 05       		.byte	0x5
 693 01dd 44       		.byte	0x44
 694 01de AC010000 		.4byte	0x1ac
 695 01e2 0A       		.uleb128 0xa
 696 01e3 3F040000 		.4byte	.LASF69
 697 01e7 01       		.byte	0x1
 698 01e8 1A       		.byte	0x1a
 699 01e9 AD000000 		.4byte	0xad
 700 01ed 00000000 		.4byte	.LFB63
 701 01f1 6C000000 		.4byte	.LFE63-.LFB63
 702 01f5 01       		.uleb128 0x1
 703 01f6 9C       		.byte	0x9c
 704 01f7 CB020000 		.4byte	0x2cb
 705 01fb 0B       		.uleb128 0xb
 706 01fc 726E6700 		.ascii	"rng\000"
 707 0200 01       		.byte	0x1
 708 0201 1A       		.byte	0x1a
 709 0202 A1010000 		.4byte	0x1a1
 710 0206 00000000 		.4byte	.LLST0
 711 020a 0C       		.uleb128 0xc
 712 020b 696400   		.ascii	"id\000"
 713 020e 01       		.byte	0x1
 714 020f 1E       		.byte	0x1e
 715 0210 AD000000 		.4byte	0xad
 716 0214 30000000 		.4byte	.LLST1
 717 0218 0D       		.uleb128 0xd
 718 0219 0E000000 		.4byte	.LVL2
 719 021d 33040000 		.4byte	0x433
 720 0221 31020000 		.4byte	0x231
 721 0225 0E       		.uleb128 0xe
 722 0226 01       		.uleb128 0x1
 723 0227 51       		.byte	0x51
ARM GAS  C:\Users\EDTRIC~1\AppData\Local\Temp\ccSiFZo1.s 			page 16


 724 0228 01       		.uleb128 0x1
 725 0229 3F       		.byte	0x3f
 726 022a 0E       		.uleb128 0xe
 727 022b 01       		.uleb128 0x1
 728 022c 50       		.byte	0x50
 729 022d 02       		.uleb128 0x2
 730 022e 08       		.byte	0x8
 731 022f 6B       		.byte	0x6b
 732 0230 00       		.byte	0
 733 0231 0D       		.uleb128 0xd
 734 0232 1C000000 		.4byte	.LVL4
 735 0236 4D040000 		.4byte	0x44d
 736 023a 50020000 		.4byte	0x250
 737 023e 0E       		.uleb128 0xe
 738 023f 01       		.uleb128 0x1
 739 0240 52       		.byte	0x52
 740 0241 01       		.uleb128 0x1
 741 0242 3F       		.byte	0x3f
 742 0243 0E       		.uleb128 0xe
 743 0244 01       		.uleb128 0x1
 744 0245 51       		.byte	0x51
 745 0246 02       		.uleb128 0x2
 746 0247 08       		.byte	0x8
 747 0248 20       		.byte	0x20
 748 0249 0E       		.uleb128 0xe
 749 024a 01       		.uleb128 0x1
 750 024b 50       		.byte	0x50
 751 024c 02       		.uleb128 0x2
 752 024d 08       		.byte	0x8
 753 024e 6B       		.byte	0x6b
 754 024f 00       		.byte	0
 755 0250 0D       		.uleb128 0xd
 756 0251 26000000 		.4byte	.LVL5
 757 0255 4D040000 		.4byte	0x44d
 758 0259 70020000 		.4byte	0x270
 759 025d 0E       		.uleb128 0xe
 760 025e 01       		.uleb128 0x1
 761 025f 52       		.byte	0x52
 762 0260 02       		.uleb128 0x2
 763 0261 09       		.byte	0x9
 764 0262 80       		.byte	0x80
 765 0263 0E       		.uleb128 0xe
 766 0264 01       		.uleb128 0x1
 767 0265 51       		.byte	0x51
 768 0266 02       		.uleb128 0x2
 769 0267 08       		.byte	0x8
 770 0268 23       		.byte	0x23
 771 0269 0E       		.uleb128 0xe
 772 026a 01       		.uleb128 0x1
 773 026b 50       		.byte	0x50
 774 026c 02       		.uleb128 0x2
 775 026d 08       		.byte	0x8
 776 026e 6B       		.byte	0x6b
 777 026f 00       		.byte	0
 778 0270 0D       		.uleb128 0xd
 779 0271 40000000 		.4byte	.LVL6
 780 0275 4D040000 		.4byte	0x44d
ARM GAS  C:\Users\EDTRIC~1\AppData\Local\Temp\ccSiFZo1.s 			page 17


 781 0279 8F020000 		.4byte	0x28f
 782 027d 0E       		.uleb128 0xe
 783 027e 01       		.uleb128 0x1
 784 027f 52       		.byte	0x52
 785 0280 01       		.uleb128 0x1
 786 0281 30       		.byte	0x30
 787 0282 0E       		.uleb128 0xe
 788 0283 01       		.uleb128 0x1
 789 0284 51       		.byte	0x51
 790 0285 02       		.uleb128 0x2
 791 0286 08       		.byte	0x8
 792 0287 23       		.byte	0x23
 793 0288 0E       		.uleb128 0xe
 794 0289 01       		.uleb128 0x1
 795 028a 50       		.byte	0x50
 796 028b 02       		.uleb128 0x2
 797 028c 08       		.byte	0x8
 798 028d 6B       		.byte	0x6b
 799 028e 00       		.byte	0
 800 028f 0D       		.uleb128 0xd
 801 0290 4E000000 		.4byte	.LVL7
 802 0294 4D040000 		.4byte	0x44d
 803 0298 AE020000 		.4byte	0x2ae
 804 029c 0E       		.uleb128 0xe
 805 029d 01       		.uleb128 0x1
 806 029e 52       		.byte	0x52
 807 029f 01       		.uleb128 0x1
 808 02a0 40       		.byte	0x40
 809 02a1 0E       		.uleb128 0xe
 810 02a2 01       		.uleb128 0x1
 811 02a3 51       		.byte	0x51
 812 02a4 02       		.uleb128 0x2
 813 02a5 08       		.byte	0x8
 814 02a6 23       		.byte	0x23
 815 02a7 0E       		.uleb128 0xe
 816 02a8 01       		.uleb128 0x1
 817 02a9 50       		.byte	0x50
 818 02aa 02       		.uleb128 0x2
 819 02ab 08       		.byte	0x8
 820 02ac 6B       		.byte	0x6b
 821 02ad 00       		.byte	0
 822 02ae 0F       		.uleb128 0xf
 823 02af 5A000000 		.4byte	.LVL8
 824 02b3 4D040000 		.4byte	0x44d
 825 02b7 0E       		.uleb128 0xe
 826 02b8 01       		.uleb128 0x1
 827 02b9 52       		.byte	0x52
 828 02ba 02       		.uleb128 0x2
 829 02bb 08       		.byte	0x8
 830 02bc 20       		.byte	0x20
 831 02bd 0E       		.uleb128 0xe
 832 02be 01       		.uleb128 0x1
 833 02bf 51       		.byte	0x51
 834 02c0 02       		.uleb128 0x2
 835 02c1 08       		.byte	0x8
 836 02c2 23       		.byte	0x23
 837 02c3 0E       		.uleb128 0xe
ARM GAS  C:\Users\EDTRIC~1\AppData\Local\Temp\ccSiFZo1.s 			page 18


 838 02c4 01       		.uleb128 0x1
 839 02c5 50       		.byte	0x50
 840 02c6 02       		.uleb128 0x2
 841 02c7 08       		.byte	0x8
 842 02c8 6B       		.byte	0x6b
 843 02c9 00       		.byte	0
 844 02ca 00       		.byte	0
 845 02cb 10       		.uleb128 0x10
 846 02cc 4D020000 		.4byte	.LASF52
 847 02d0 01       		.byte	0x1
 848 02d1 45       		.byte	0x45
 849 02d2 00000000 		.4byte	.LFB65
 850 02d6 2C010000 		.4byte	.LFE65-.LFB65
 851 02da 01       		.uleb128 0x1
 852 02db 9C       		.byte	0x9c
 853 02dc 5C030000 		.4byte	0x35c
 854 02e0 0C       		.uleb128 0xc
 855 02e1 78686900 		.ascii	"xhi\000"
 856 02e5 01       		.byte	0x1
 857 02e6 47       		.byte	0x47
 858 02e7 8C000000 		.4byte	0x8c
 859 02eb 4E000000 		.4byte	.LLST2
 860 02ef 0C       		.uleb128 0xc
 861 02f0 786C6F00 		.ascii	"xlo\000"
 862 02f4 01       		.byte	0x1
 863 02f5 47       		.byte	0x47
 864 02f6 8C000000 		.4byte	0x8c
 865 02fa 70000000 		.4byte	.LLST3
 866 02fe 0C       		.uleb128 0xc
 867 02ff 79686900 		.ascii	"yhi\000"
 868 0303 01       		.byte	0x1
 869 0304 47       		.byte	0x47
 870 0305 8C000000 		.4byte	0x8c
 871 0309 83000000 		.4byte	.LLST4
 872 030d 0C       		.uleb128 0xc
 873 030e 796C6F00 		.ascii	"ylo\000"
 874 0312 01       		.byte	0x1
 875 0313 47       		.byte	0x47
 876 0314 8C000000 		.4byte	0x8c
 877 0318 96000000 		.4byte	.LLST5
 878 031c 0C       		.uleb128 0xc
 879 031d 7A686900 		.ascii	"zhi\000"
 880 0321 01       		.byte	0x1
 881 0322 47       		.byte	0x47
 882 0323 8C000000 		.4byte	0x8c
 883 0327 A9000000 		.4byte	.LLST6
 884 032b 0C       		.uleb128 0xc
 885 032c 7A6C6F00 		.ascii	"zlo\000"
 886 0330 01       		.byte	0x1
 887 0331 47       		.byte	0x47
 888 0332 8C000000 		.4byte	0x8c
 889 0336 BC000000 		.4byte	.LLST7
 890 033a 0F       		.uleb128 0xf
 891 033b 12000000 		.4byte	.LVL11
 892 033f 68040000 		.4byte	0x468
 893 0343 0E       		.uleb128 0xe
 894 0344 01       		.uleb128 0x1
ARM GAS  C:\Users\EDTRIC~1\AppData\Local\Temp\ccSiFZo1.s 			page 19


 895 0345 53       		.byte	0x53
 896 0346 02       		.uleb128 0x2
 897 0347 74       		.byte	0x74
 898 0348 00       		.sleb128 0
 899 0349 0E       		.uleb128 0xe
 900 034a 01       		.uleb128 0x1
 901 034b 52       		.byte	0x52
 902 034c 01       		.uleb128 0x1
 903 034d 36       		.byte	0x36
 904 034e 0E       		.uleb128 0xe
 905 034f 01       		.uleb128 0x1
 906 0350 51       		.byte	0x51
 907 0351 02       		.uleb128 0x2
 908 0352 09       		.byte	0x9
 909 0353 A8       		.byte	0xa8
 910 0354 0E       		.uleb128 0xe
 911 0355 01       		.uleb128 0x1
 912 0356 50       		.byte	0x50
 913 0357 02       		.uleb128 0x2
 914 0358 08       		.byte	0x8
 915 0359 6B       		.byte	0x6b
 916 035a 00       		.byte	0
 917 035b 00       		.byte	0
 918 035c 10       		.uleb128 0x10
 919 035d 5F020000 		.4byte	.LASF53
 920 0361 01       		.byte	0x1
 921 0362 35       		.byte	0x35
 922 0363 00000000 		.4byte	.LFB64
 923 0367 94000000 		.4byte	.LFE64-.LFB64
 924 036b 01       		.uleb128 0x1
 925 036c 9C       		.byte	0x9c
 926 036d 8A030000 		.4byte	0x38a
 927 0371 11       		.uleb128 0x11
 928 0372 0E000000 		.4byte	.LVL36
 929 0376 CB020000 		.4byte	0x2cb
 930 037a 0F       		.uleb128 0xf
 931 037b 3A000000 		.4byte	.LVL40
 932 037f 8E040000 		.4byte	0x48e
 933 0383 0E       		.uleb128 0xe
 934 0384 01       		.uleb128 0x1
 935 0385 50       		.byte	0x50
 936 0386 01       		.uleb128 0x1
 937 0387 3A       		.byte	0x3a
 938 0388 00       		.byte	0
 939 0389 00       		.byte	0
 940 038a 12       		.uleb128 0x12
 941 038b 44050000 		.4byte	.LASF54
 942 038f 06       		.byte	0x6
 943 0390 5506     		.2byte	0x655
 944 0392 96030000 		.4byte	0x396
 945 0396 13       		.uleb128 0x13
 946 0397 A2000000 		.4byte	0xa2
 947 039b 14       		.uleb128 0x14
 948 039c B5000000 		.4byte	.LASF55
 949 03a0 05       		.byte	0x5
 950 03a1 4A       		.byte	0x4a
 951 03a2 D7010000 		.4byte	0x1d7
ARM GAS  C:\Users\EDTRIC~1\AppData\Local\Temp\ccSiFZo1.s 			page 20


 952 03a6 05       		.uleb128 0x5
 953 03a7 03       		.byte	0x3
 954 03a8 00000000 		.4byte	gyro
 955 03ac 15       		.uleb128 0x15
 956 03ad AD000000 		.4byte	0xad
 957 03b1 BC030000 		.4byte	0x3bc
 958 03b5 16       		.uleb128 0x16
 959 03b6 DA000000 		.4byte	0xda
 960 03ba 05       		.byte	0x5
 961 03bb 00       		.byte	0
 962 03bc 14       		.uleb128 0x14
 963 03bd A4000000 		.4byte	.LASF56
 964 03c1 01       		.byte	0x1
 965 03c2 10       		.byte	0x10
 966 03c3 AC030000 		.4byte	0x3ac
 967 03c7 05       		.uleb128 0x5
 968 03c8 03       		.byte	0x3
 969 03c9 00000000 		.4byte	readBuf
 970 03cd 14       		.uleb128 0x14
 971 03ce D6040000 		.4byte	.LASF57
 972 03d2 01       		.byte	0x1
 973 03d3 12       		.byte	0x12
 974 03d4 AD000000 		.4byte	0xad
 975 03d8 05       		.uleb128 0x5
 976 03d9 03       		.byte	0x3
 977 03da 00000000 		.4byte	range
 978 03de 14       		.uleb128 0x14
 979 03df 7B020000 		.4byte	.LASF58
 980 03e3 01       		.byte	0x1
 981 03e4 14       		.byte	0x14
 982 03e5 7E000000 		.4byte	0x7e
 983 03e9 05       		.uleb128 0x5
 984 03ea 03       		.byte	0x3
 985 03eb 00000000 		.4byte	cal_counter
 986 03ef 14       		.uleb128 0x14
 987 03f0 24020000 		.4byte	.LASF59
 988 03f4 01       		.byte	0x1
 989 03f5 15       		.byte	0x15
 990 03f6 7E000000 		.4byte	0x7e
 991 03fa 05       		.uleb128 0x5
 992 03fb 03       		.byte	0x3
 993 03fc 00000000 		.4byte	cal_resolution
 994 0400 14       		.uleb128 0x14
 995 0401 33030000 		.4byte	.LASF60
 996 0405 01       		.byte	0x1
 997 0406 16       		.byte	0x16
 998 0407 C5000000 		.4byte	0xc5
 999 040b 05       		.uleb128 0x5
 1000 040c 03       		.byte	0x3
 1001 040d 00000000 		.4byte	xcal_val
 1002 0411 14       		.uleb128 0x14
 1003 0412 0D020000 		.4byte	.LASF61
 1004 0416 01       		.byte	0x1
 1005 0417 17       		.byte	0x17
 1006 0418 C5000000 		.4byte	0xc5
 1007 041c 05       		.uleb128 0x5
 1008 041d 03       		.byte	0x3
ARM GAS  C:\Users\EDTRIC~1\AppData\Local\Temp\ccSiFZo1.s 			page 21


 1009 041e 00000000 		.4byte	ycal_val
 1010 0422 14       		.uleb128 0x14
 1011 0423 CD040000 		.4byte	.LASF62
 1012 0427 01       		.byte	0x1
 1013 0428 18       		.byte	0x18
 1014 0429 C5000000 		.4byte	0xc5
 1015 042d 05       		.uleb128 0x5
 1016 042e 03       		.byte	0x3
 1017 042f 00000000 		.4byte	zcal_val
 1018 0433 17       		.uleb128 0x17
 1019 0434 50030000 		.4byte	.LASF70
 1020 0438 07       		.byte	0x7
 1021 0439 19       		.byte	0x19
 1022 043a AD000000 		.4byte	0xad
 1023 043e 4D040000 		.4byte	0x44d
 1024 0442 18       		.uleb128 0x18
 1025 0443 AD000000 		.4byte	0xad
 1026 0447 18       		.uleb128 0x18
 1027 0448 AD000000 		.4byte	0xad
 1028 044c 00       		.byte	0
 1029 044d 19       		.uleb128 0x19
 1030 044e F2010000 		.4byte	.LASF63
 1031 0452 07       		.byte	0x7
 1032 0453 16       		.byte	0x16
 1033 0454 68040000 		.4byte	0x468
 1034 0458 18       		.uleb128 0x18
 1035 0459 AD000000 		.4byte	0xad
 1036 045d 18       		.uleb128 0x18
 1037 045e AD000000 		.4byte	0xad
 1038 0462 18       		.uleb128 0x18
 1039 0463 AD000000 		.4byte	0xad
 1040 0467 00       		.byte	0
 1041 0468 19       		.uleb128 0x19
 1042 0469 36050000 		.4byte	.LASF64
 1043 046d 07       		.byte	0x7
 1044 046e 1A       		.byte	0x1a
 1045 046f 88040000 		.4byte	0x488
 1046 0473 18       		.uleb128 0x18
 1047 0474 AD000000 		.4byte	0xad
 1048 0478 18       		.uleb128 0x18
 1049 0479 AD000000 		.4byte	0xad
 1050 047d 18       		.uleb128 0x18
 1051 047e AD000000 		.4byte	0xad
 1052 0482 18       		.uleb128 0x18
 1053 0483 88040000 		.4byte	0x488
 1054 0487 00       		.byte	0
 1055 0488 1A       		.uleb128 0x1a
 1056 0489 04       		.byte	0x4
 1057 048a AD000000 		.4byte	0xad
 1058 048e 1B       		.uleb128 0x1b
 1059 048f 51050000 		.4byte	.LASF71
 1060 0493 08       		.byte	0x8
 1061 0494 77       		.byte	0x77
 1062 0495 18       		.uleb128 0x18
 1063 0496 B9000000 		.4byte	0xb9
 1064 049a 00       		.byte	0
 1065 049b 00       		.byte	0
ARM GAS  C:\Users\EDTRIC~1\AppData\Local\Temp\ccSiFZo1.s 			page 22


 1066              		.section	.debug_abbrev,"",%progbits
 1067              	.Ldebug_abbrev0:
 1068 0000 01       		.uleb128 0x1
 1069 0001 11       		.uleb128 0x11
 1070 0002 01       		.byte	0x1
 1071 0003 25       		.uleb128 0x25
 1072 0004 0E       		.uleb128 0xe
 1073 0005 13       		.uleb128 0x13
 1074 0006 0B       		.uleb128 0xb
 1075 0007 03       		.uleb128 0x3
 1076 0008 0E       		.uleb128 0xe
 1077 0009 1B       		.uleb128 0x1b
 1078 000a 0E       		.uleb128 0xe
 1079 000b 55       		.uleb128 0x55
 1080 000c 17       		.uleb128 0x17
 1081 000d 11       		.uleb128 0x11
 1082 000e 01       		.uleb128 0x1
 1083 000f 10       		.uleb128 0x10
 1084 0010 17       		.uleb128 0x17
 1085 0011 00       		.byte	0
 1086 0012 00       		.byte	0
 1087 0013 02       		.uleb128 0x2
 1088 0014 24       		.uleb128 0x24
 1089 0015 00       		.byte	0
 1090 0016 0B       		.uleb128 0xb
 1091 0017 0B       		.uleb128 0xb
 1092 0018 3E       		.uleb128 0x3e
 1093 0019 0B       		.uleb128 0xb
 1094 001a 03       		.uleb128 0x3
 1095 001b 0E       		.uleb128 0xe
 1096 001c 00       		.byte	0
 1097 001d 00       		.byte	0
 1098 001e 03       		.uleb128 0x3
 1099 001f 16       		.uleb128 0x16
 1100 0020 00       		.byte	0
 1101 0021 03       		.uleb128 0x3
 1102 0022 0E       		.uleb128 0xe
 1103 0023 3A       		.uleb128 0x3a
 1104 0024 0B       		.uleb128 0xb
 1105 0025 3B       		.uleb128 0x3b
 1106 0026 0B       		.uleb128 0xb
 1107 0027 49       		.uleb128 0x49
 1108 0028 13       		.uleb128 0x13
 1109 0029 00       		.byte	0
 1110 002a 00       		.byte	0
 1111 002b 04       		.uleb128 0x4
 1112 002c 24       		.uleb128 0x24
 1113 002d 00       		.byte	0
 1114 002e 0B       		.uleb128 0xb
 1115 002f 0B       		.uleb128 0xb
 1116 0030 3E       		.uleb128 0x3e
 1117 0031 0B       		.uleb128 0xb
 1118 0032 03       		.uleb128 0x3
 1119 0033 08       		.uleb128 0x8
 1120 0034 00       		.byte	0
 1121 0035 00       		.byte	0
 1122 0036 05       		.uleb128 0x5
ARM GAS  C:\Users\EDTRIC~1\AppData\Local\Temp\ccSiFZo1.s 			page 23


 1123 0037 16       		.uleb128 0x16
 1124 0038 00       		.byte	0
 1125 0039 03       		.uleb128 0x3
 1126 003a 0E       		.uleb128 0xe
 1127 003b 3A       		.uleb128 0x3a
 1128 003c 0B       		.uleb128 0xb
 1129 003d 3B       		.uleb128 0x3b
 1130 003e 05       		.uleb128 0x5
 1131 003f 49       		.uleb128 0x49
 1132 0040 13       		.uleb128 0x13
 1133 0041 00       		.byte	0
 1134 0042 00       		.byte	0
 1135 0043 06       		.uleb128 0x6
 1136 0044 04       		.uleb128 0x4
 1137 0045 01       		.byte	0x1
 1138 0046 0B       		.uleb128 0xb
 1139 0047 0B       		.uleb128 0xb
 1140 0048 3A       		.uleb128 0x3a
 1141 0049 0B       		.uleb128 0xb
 1142 004a 3B       		.uleb128 0x3b
 1143 004b 0B       		.uleb128 0xb
 1144 004c 01       		.uleb128 0x1
 1145 004d 13       		.uleb128 0x13
 1146 004e 00       		.byte	0
 1147 004f 00       		.byte	0
 1148 0050 07       		.uleb128 0x7
 1149 0051 28       		.uleb128 0x28
 1150 0052 00       		.byte	0
 1151 0053 03       		.uleb128 0x3
 1152 0054 0E       		.uleb128 0xe
 1153 0055 1C       		.uleb128 0x1c
 1154 0056 0D       		.uleb128 0xd
 1155 0057 00       		.byte	0
 1156 0058 00       		.byte	0
 1157 0059 08       		.uleb128 0x8
 1158 005a 13       		.uleb128 0x13
 1159 005b 01       		.byte	0x1
 1160 005c 03       		.uleb128 0x3
 1161 005d 0E       		.uleb128 0xe
 1162 005e 0B       		.uleb128 0xb
 1163 005f 0B       		.uleb128 0xb
 1164 0060 3A       		.uleb128 0x3a
 1165 0061 0B       		.uleb128 0xb
 1166 0062 3B       		.uleb128 0x3b
 1167 0063 0B       		.uleb128 0xb
 1168 0064 01       		.uleb128 0x1
 1169 0065 13       		.uleb128 0x13
 1170 0066 00       		.byte	0
 1171 0067 00       		.byte	0
 1172 0068 09       		.uleb128 0x9
 1173 0069 0D       		.uleb128 0xd
 1174 006a 00       		.byte	0
 1175 006b 03       		.uleb128 0x3
 1176 006c 08       		.uleb128 0x8
 1177 006d 3A       		.uleb128 0x3a
 1178 006e 0B       		.uleb128 0xb
 1179 006f 3B       		.uleb128 0x3b
ARM GAS  C:\Users\EDTRIC~1\AppData\Local\Temp\ccSiFZo1.s 			page 24


 1180 0070 0B       		.uleb128 0xb
 1181 0071 49       		.uleb128 0x49
 1182 0072 13       		.uleb128 0x13
 1183 0073 38       		.uleb128 0x38
 1184 0074 0B       		.uleb128 0xb
 1185 0075 00       		.byte	0
 1186 0076 00       		.byte	0
 1187 0077 0A       		.uleb128 0xa
 1188 0078 2E       		.uleb128 0x2e
 1189 0079 01       		.byte	0x1
 1190 007a 3F       		.uleb128 0x3f
 1191 007b 19       		.uleb128 0x19
 1192 007c 03       		.uleb128 0x3
 1193 007d 0E       		.uleb128 0xe
 1194 007e 3A       		.uleb128 0x3a
 1195 007f 0B       		.uleb128 0xb
 1196 0080 3B       		.uleb128 0x3b
 1197 0081 0B       		.uleb128 0xb
 1198 0082 27       		.uleb128 0x27
 1199 0083 19       		.uleb128 0x19
 1200 0084 49       		.uleb128 0x49
 1201 0085 13       		.uleb128 0x13
 1202 0086 11       		.uleb128 0x11
 1203 0087 01       		.uleb128 0x1
 1204 0088 12       		.uleb128 0x12
 1205 0089 06       		.uleb128 0x6
 1206 008a 40       		.uleb128 0x40
 1207 008b 18       		.uleb128 0x18
 1208 008c 9742     		.uleb128 0x2117
 1209 008e 19       		.uleb128 0x19
 1210 008f 01       		.uleb128 0x1
 1211 0090 13       		.uleb128 0x13
 1212 0091 00       		.byte	0
 1213 0092 00       		.byte	0
 1214 0093 0B       		.uleb128 0xb
 1215 0094 05       		.uleb128 0x5
 1216 0095 00       		.byte	0
 1217 0096 03       		.uleb128 0x3
 1218 0097 08       		.uleb128 0x8
 1219 0098 3A       		.uleb128 0x3a
 1220 0099 0B       		.uleb128 0xb
 1221 009a 3B       		.uleb128 0x3b
 1222 009b 0B       		.uleb128 0xb
 1223 009c 49       		.uleb128 0x49
 1224 009d 13       		.uleb128 0x13
 1225 009e 02       		.uleb128 0x2
 1226 009f 17       		.uleb128 0x17
 1227 00a0 00       		.byte	0
 1228 00a1 00       		.byte	0
 1229 00a2 0C       		.uleb128 0xc
 1230 00a3 34       		.uleb128 0x34
 1231 00a4 00       		.byte	0
 1232 00a5 03       		.uleb128 0x3
 1233 00a6 08       		.uleb128 0x8
 1234 00a7 3A       		.uleb128 0x3a
 1235 00a8 0B       		.uleb128 0xb
 1236 00a9 3B       		.uleb128 0x3b
ARM GAS  C:\Users\EDTRIC~1\AppData\Local\Temp\ccSiFZo1.s 			page 25


 1237 00aa 0B       		.uleb128 0xb
 1238 00ab 49       		.uleb128 0x49
 1239 00ac 13       		.uleb128 0x13
 1240 00ad 02       		.uleb128 0x2
 1241 00ae 17       		.uleb128 0x17
 1242 00af 00       		.byte	0
 1243 00b0 00       		.byte	0
 1244 00b1 0D       		.uleb128 0xd
 1245 00b2 898201   		.uleb128 0x4109
 1246 00b5 01       		.byte	0x1
 1247 00b6 11       		.uleb128 0x11
 1248 00b7 01       		.uleb128 0x1
 1249 00b8 31       		.uleb128 0x31
 1250 00b9 13       		.uleb128 0x13
 1251 00ba 01       		.uleb128 0x1
 1252 00bb 13       		.uleb128 0x13
 1253 00bc 00       		.byte	0
 1254 00bd 00       		.byte	0
 1255 00be 0E       		.uleb128 0xe
 1256 00bf 8A8201   		.uleb128 0x410a
 1257 00c2 00       		.byte	0
 1258 00c3 02       		.uleb128 0x2
 1259 00c4 18       		.uleb128 0x18
 1260 00c5 9142     		.uleb128 0x2111
 1261 00c7 18       		.uleb128 0x18
 1262 00c8 00       		.byte	0
 1263 00c9 00       		.byte	0
 1264 00ca 0F       		.uleb128 0xf
 1265 00cb 898201   		.uleb128 0x4109
 1266 00ce 01       		.byte	0x1
 1267 00cf 11       		.uleb128 0x11
 1268 00d0 01       		.uleb128 0x1
 1269 00d1 31       		.uleb128 0x31
 1270 00d2 13       		.uleb128 0x13
 1271 00d3 00       		.byte	0
 1272 00d4 00       		.byte	0
 1273 00d5 10       		.uleb128 0x10
 1274 00d6 2E       		.uleb128 0x2e
 1275 00d7 01       		.byte	0x1
 1276 00d8 3F       		.uleb128 0x3f
 1277 00d9 19       		.uleb128 0x19
 1278 00da 03       		.uleb128 0x3
 1279 00db 0E       		.uleb128 0xe
 1280 00dc 3A       		.uleb128 0x3a
 1281 00dd 0B       		.uleb128 0xb
 1282 00de 3B       		.uleb128 0x3b
 1283 00df 0B       		.uleb128 0xb
 1284 00e0 27       		.uleb128 0x27
 1285 00e1 19       		.uleb128 0x19
 1286 00e2 11       		.uleb128 0x11
 1287 00e3 01       		.uleb128 0x1
 1288 00e4 12       		.uleb128 0x12
 1289 00e5 06       		.uleb128 0x6
 1290 00e6 40       		.uleb128 0x40
 1291 00e7 18       		.uleb128 0x18
 1292 00e8 9642     		.uleb128 0x2116
 1293 00ea 19       		.uleb128 0x19
ARM GAS  C:\Users\EDTRIC~1\AppData\Local\Temp\ccSiFZo1.s 			page 26


 1294 00eb 01       		.uleb128 0x1
 1295 00ec 13       		.uleb128 0x13
 1296 00ed 00       		.byte	0
 1297 00ee 00       		.byte	0
 1298 00ef 11       		.uleb128 0x11
 1299 00f0 898201   		.uleb128 0x4109
 1300 00f3 00       		.byte	0
 1301 00f4 11       		.uleb128 0x11
 1302 00f5 01       		.uleb128 0x1
 1303 00f6 31       		.uleb128 0x31
 1304 00f7 13       		.uleb128 0x13
 1305 00f8 00       		.byte	0
 1306 00f9 00       		.byte	0
 1307 00fa 12       		.uleb128 0x12
 1308 00fb 34       		.uleb128 0x34
 1309 00fc 00       		.byte	0
 1310 00fd 03       		.uleb128 0x3
 1311 00fe 0E       		.uleb128 0xe
 1312 00ff 3A       		.uleb128 0x3a
 1313 0100 0B       		.uleb128 0xb
 1314 0101 3B       		.uleb128 0x3b
 1315 0102 05       		.uleb128 0x5
 1316 0103 49       		.uleb128 0x49
 1317 0104 13       		.uleb128 0x13
 1318 0105 3F       		.uleb128 0x3f
 1319 0106 19       		.uleb128 0x19
 1320 0107 3C       		.uleb128 0x3c
 1321 0108 19       		.uleb128 0x19
 1322 0109 00       		.byte	0
 1323 010a 00       		.byte	0
 1324 010b 13       		.uleb128 0x13
 1325 010c 35       		.uleb128 0x35
 1326 010d 00       		.byte	0
 1327 010e 49       		.uleb128 0x49
 1328 010f 13       		.uleb128 0x13
 1329 0110 00       		.byte	0
 1330 0111 00       		.byte	0
 1331 0112 14       		.uleb128 0x14
 1332 0113 34       		.uleb128 0x34
 1333 0114 00       		.byte	0
 1334 0115 03       		.uleb128 0x3
 1335 0116 0E       		.uleb128 0xe
 1336 0117 3A       		.uleb128 0x3a
 1337 0118 0B       		.uleb128 0xb
 1338 0119 3B       		.uleb128 0x3b
 1339 011a 0B       		.uleb128 0xb
 1340 011b 49       		.uleb128 0x49
 1341 011c 13       		.uleb128 0x13
 1342 011d 3F       		.uleb128 0x3f
 1343 011e 19       		.uleb128 0x19
 1344 011f 02       		.uleb128 0x2
 1345 0120 18       		.uleb128 0x18
 1346 0121 00       		.byte	0
 1347 0122 00       		.byte	0
 1348 0123 15       		.uleb128 0x15
 1349 0124 01       		.uleb128 0x1
 1350 0125 01       		.byte	0x1
ARM GAS  C:\Users\EDTRIC~1\AppData\Local\Temp\ccSiFZo1.s 			page 27


 1351 0126 49       		.uleb128 0x49
 1352 0127 13       		.uleb128 0x13
 1353 0128 01       		.uleb128 0x1
 1354 0129 13       		.uleb128 0x13
 1355 012a 00       		.byte	0
 1356 012b 00       		.byte	0
 1357 012c 16       		.uleb128 0x16
 1358 012d 21       		.uleb128 0x21
 1359 012e 00       		.byte	0
 1360 012f 49       		.uleb128 0x49
 1361 0130 13       		.uleb128 0x13
 1362 0131 2F       		.uleb128 0x2f
 1363 0132 0B       		.uleb128 0xb
 1364 0133 00       		.byte	0
 1365 0134 00       		.byte	0
 1366 0135 17       		.uleb128 0x17
 1367 0136 2E       		.uleb128 0x2e
 1368 0137 01       		.byte	0x1
 1369 0138 3F       		.uleb128 0x3f
 1370 0139 19       		.uleb128 0x19
 1371 013a 03       		.uleb128 0x3
 1372 013b 0E       		.uleb128 0xe
 1373 013c 3A       		.uleb128 0x3a
 1374 013d 0B       		.uleb128 0xb
 1375 013e 3B       		.uleb128 0x3b
 1376 013f 0B       		.uleb128 0xb
 1377 0140 27       		.uleb128 0x27
 1378 0141 19       		.uleb128 0x19
 1379 0142 49       		.uleb128 0x49
 1380 0143 13       		.uleb128 0x13
 1381 0144 3C       		.uleb128 0x3c
 1382 0145 19       		.uleb128 0x19
 1383 0146 01       		.uleb128 0x1
 1384 0147 13       		.uleb128 0x13
 1385 0148 00       		.byte	0
 1386 0149 00       		.byte	0
 1387 014a 18       		.uleb128 0x18
 1388 014b 05       		.uleb128 0x5
 1389 014c 00       		.byte	0
 1390 014d 49       		.uleb128 0x49
 1391 014e 13       		.uleb128 0x13
 1392 014f 00       		.byte	0
 1393 0150 00       		.byte	0
 1394 0151 19       		.uleb128 0x19
 1395 0152 2E       		.uleb128 0x2e
 1396 0153 01       		.byte	0x1
 1397 0154 3F       		.uleb128 0x3f
 1398 0155 19       		.uleb128 0x19
 1399 0156 03       		.uleb128 0x3
 1400 0157 0E       		.uleb128 0xe
 1401 0158 3A       		.uleb128 0x3a
 1402 0159 0B       		.uleb128 0xb
 1403 015a 3B       		.uleb128 0x3b
 1404 015b 0B       		.uleb128 0xb
 1405 015c 27       		.uleb128 0x27
 1406 015d 19       		.uleb128 0x19
 1407 015e 3C       		.uleb128 0x3c
ARM GAS  C:\Users\EDTRIC~1\AppData\Local\Temp\ccSiFZo1.s 			page 28


 1408 015f 19       		.uleb128 0x19
 1409 0160 01       		.uleb128 0x1
 1410 0161 13       		.uleb128 0x13
 1411 0162 00       		.byte	0
 1412 0163 00       		.byte	0
 1413 0164 1A       		.uleb128 0x1a
 1414 0165 0F       		.uleb128 0xf
 1415 0166 00       		.byte	0
 1416 0167 0B       		.uleb128 0xb
 1417 0168 0B       		.uleb128 0xb
 1418 0169 49       		.uleb128 0x49
 1419 016a 13       		.uleb128 0x13
 1420 016b 00       		.byte	0
 1421 016c 00       		.byte	0
 1422 016d 1B       		.uleb128 0x1b
 1423 016e 2E       		.uleb128 0x2e
 1424 016f 01       		.byte	0x1
 1425 0170 3F       		.uleb128 0x3f
 1426 0171 19       		.uleb128 0x19
 1427 0172 03       		.uleb128 0x3
 1428 0173 0E       		.uleb128 0xe
 1429 0174 3A       		.uleb128 0x3a
 1430 0175 0B       		.uleb128 0xb
 1431 0176 3B       		.uleb128 0x3b
 1432 0177 0B       		.uleb128 0xb
 1433 0178 27       		.uleb128 0x27
 1434 0179 19       		.uleb128 0x19
 1435 017a 3C       		.uleb128 0x3c
 1436 017b 19       		.uleb128 0x19
 1437 017c 00       		.byte	0
 1438 017d 00       		.byte	0
 1439 017e 00       		.byte	0
 1440              		.section	.debug_loc,"",%progbits
 1441              	.Ldebug_loc0:
 1442              	.LLST0:
 1443 0000 00000000 		.4byte	.LVL0
 1444 0004 08000000 		.4byte	.LVL1
 1445 0008 0100     		.2byte	0x1
 1446 000a 50       		.byte	0x50
 1447 000b 08000000 		.4byte	.LVL1
 1448 000f 0D000000 		.4byte	.LVL2-1
 1449 0013 0500     		.2byte	0x5
 1450 0015 03       		.byte	0x3
 1451 0016 00000000 		.4byte	range
 1452 001a 0D000000 		.4byte	.LVL2-1
 1453 001e 6C000000 		.4byte	.LFE63
 1454 0022 0400     		.2byte	0x4
 1455 0024 F3       		.byte	0xf3
 1456 0025 01       		.uleb128 0x1
 1457 0026 50       		.byte	0x50
 1458 0027 9F       		.byte	0x9f
 1459 0028 00000000 		.4byte	0
 1460 002c 00000000 		.4byte	0
 1461              	.LLST1:
 1462 0030 0E000000 		.4byte	.LVL2
 1463 0034 14000000 		.4byte	.LVL3
 1464 0038 0100     		.2byte	0x1
ARM GAS  C:\Users\EDTRIC~1\AppData\Local\Temp\ccSiFZo1.s 			page 29


 1465 003a 50       		.byte	0x50
 1466 003b 5E000000 		.4byte	.LVL9
 1467 003f 62000000 		.4byte	.LVL10
 1468 0043 0100     		.2byte	0x1
 1469 0045 50       		.byte	0x50
 1470 0046 00000000 		.4byte	0
 1471 004a 00000000 		.4byte	0
 1472              	.LLST2:
 1473 004e 16000000 		.4byte	.LVL13
 1474 0052 26000000 		.4byte	.LVL18
 1475 0056 0100     		.2byte	0x1
 1476 0058 50       		.byte	0x50
 1477 0059 26000000 		.4byte	.LVL18
 1478 005d 2B000000 		.4byte	.LVL19-1
 1479 0061 0500     		.2byte	0x5
 1480 0063 03       		.byte	0x3
 1481 0064 01000000 		.4byte	readBuf+1
 1482 0068 00000000 		.4byte	0
 1483 006c 00000000 		.4byte	0
 1484              	.LLST3:
 1485 0070 14000000 		.4byte	.LVL12
 1486 0074 2B000000 		.4byte	.LVL19-1
 1487 0078 0100     		.2byte	0x1
 1488 007a 53       		.byte	0x53
 1489 007b 00000000 		.4byte	0
 1490 007f 00000000 		.4byte	0
 1491              	.LLST4:
 1492 0083 1C000000 		.4byte	.LVL15
 1493 0087 FE000000 		.4byte	.LVL35
 1494 008b 0100     		.2byte	0x1
 1495 008d 5A       		.byte	0x5a
 1496 008e 00000000 		.4byte	0
 1497 0092 00000000 		.4byte	0
 1498              	.LLST5:
 1499 0096 18000000 		.4byte	.LVL14
 1500 009a FE000000 		.4byte	.LVL35
 1501 009e 0100     		.2byte	0x1
 1502 00a0 57       		.byte	0x57
 1503 00a1 00000000 		.4byte	0
 1504 00a5 00000000 		.4byte	0
 1505              	.LLST6:
 1506 00a9 22000000 		.4byte	.LVL17
 1507 00ad FE000000 		.4byte	.LVL35
 1508 00b1 0100     		.2byte	0x1
 1509 00b3 59       		.byte	0x59
 1510 00b4 00000000 		.4byte	0
 1511 00b8 00000000 		.4byte	0
 1512              	.LLST7:
 1513 00bc 1E000000 		.4byte	.LVL16
 1514 00c0 52000000 		.4byte	.LVL22
 1515 00c4 0100     		.2byte	0x1
 1516 00c6 56       		.byte	0x56
 1517 00c7 00000000 		.4byte	0
 1518 00cb 00000000 		.4byte	0
 1519              		.section	.debug_aranges,"",%progbits
 1520 0000 2C000000 		.4byte	0x2c
 1521 0004 0200     		.2byte	0x2
ARM GAS  C:\Users\EDTRIC~1\AppData\Local\Temp\ccSiFZo1.s 			page 30


 1522 0006 00000000 		.4byte	.Ldebug_info0
 1523 000a 04       		.byte	0x4
 1524 000b 00       		.byte	0
 1525 000c 0000     		.2byte	0
 1526 000e 0000     		.2byte	0
 1527 0010 00000000 		.4byte	.LFB63
 1528 0014 6C000000 		.4byte	.LFE63-.LFB63
 1529 0018 00000000 		.4byte	.LFB65
 1530 001c 2C010000 		.4byte	.LFE65-.LFB65
 1531 0020 00000000 		.4byte	.LFB64
 1532 0024 94000000 		.4byte	.LFE64-.LFB64
 1533 0028 00000000 		.4byte	0
 1534 002c 00000000 		.4byte	0
 1535              		.section	.debug_ranges,"",%progbits
 1536              	.Ldebug_ranges0:
 1537 0000 00000000 		.4byte	.LFB63
 1538 0004 6C000000 		.4byte	.LFE63
 1539 0008 00000000 		.4byte	.LFB65
 1540 000c 2C010000 		.4byte	.LFE65
 1541 0010 00000000 		.4byte	.LFB64
 1542 0014 94000000 		.4byte	.LFE64
 1543 0018 00000000 		.4byte	0
 1544 001c 00000000 		.4byte	0
 1545              		.section	.debug_line,"",%progbits
 1546              	.Ldebug_line0:
 1547 0000 12020000 		.section	.debug_str,"MS",%progbits,1
 1547      02007C01 
 1547      00000201 
 1547      FB0E0D00 
 1547      01010101 
 1548              	.LASF27:
 1549 0000 4C334744 		.ascii	"L3GD20_REGISTER_REFERENCE\000"
 1549      32305F52 
 1549      45474953 
 1549      5445525F 
 1549      52454645 
 1550              	.LASF22:
 1551 001a 4C334744 		.ascii	"L3GD20_REGISTER_CTRL_REG1\000"
 1551      32305F52 
 1551      45474953 
 1551      5445525F 
 1551      4354524C 
 1552              	.LASF23:
 1553 0034 4C334744 		.ascii	"L3GD20_REGISTER_CTRL_REG2\000"
 1553      32305F52 
 1553      45474953 
 1553      5445525F 
 1553      4354524C 
 1554              	.LASF35:
 1555 004e 4C334744 		.ascii	"L3GD20_REGISTER_OUT_Z_H\000"
 1555      32305F52 
 1555      45474953 
 1555      5445525F 
 1555      4F55545F 
 1556              	.LASF25:
 1557 0066 4C334744 		.ascii	"L3GD20_REGISTER_CTRL_REG4\000"
 1557      32305F52 
ARM GAS  C:\Users\EDTRIC~1\AppData\Local\Temp\ccSiFZo1.s 			page 31


 1557      45474953 
 1557      5445525F 
 1557      4354524C 
 1558              	.LASF26:
 1559 0080 4C334744 		.ascii	"L3GD20_REGISTER_CTRL_REG5\000"
 1559      32305F52 
 1559      45474953 
 1559      5445525F 
 1559      4354524C 
 1560              	.LASF4:
 1561 009a 73686F72 		.ascii	"short int\000"
 1561      7420696E 
 1561      7400
 1562              	.LASF56:
 1563 00a4 72656164 		.ascii	"readBuf\000"
 1563      42756600 
 1564              	.LASF20:
 1565 00ac 73697A65 		.ascii	"sizetype\000"
 1565      74797065 
 1565      00
 1566              	.LASF55:
 1567 00b5 6779726F 		.ascii	"gyro\000"
 1567      00
 1568              	.LASF40:
 1569 00ba 4C334744 		.ascii	"L3GD20_REGISTER_TSH_XH\000"
 1569      32305F52 
 1569      45474953 
 1569      5445525F 
 1569      5453485F 
 1570              	.LASF33:
 1571 00d1 4C334744 		.ascii	"L3GD20_REGISTER_OUT_Y_H\000"
 1571      32305F52 
 1571      45474953 
 1571      5445525F 
 1571      4F55545F 
 1572              	.LASF41:
 1573 00e9 4C334744 		.ascii	"L3GD20_REGISTER_TSH_XL\000"
 1573      32305F52 
 1573      45474953 
 1573      5445525F 
 1573      5453485F 
 1574              	.LASF32:
 1575 0100 4C334744 		.ascii	"L3GD20_REGISTER_OUT_Y_L\000"
 1575      32305F52 
 1575      45474953 
 1575      5445525F 
 1575      4F55545F 
 1576              	.LASF12:
 1577 0118 75696E74 		.ascii	"uint8_t\000"
 1577      385F7400 
 1578              	.LASF31:
 1579 0120 4C334744 		.ascii	"L3GD20_REGISTER_OUT_X_H\000"
 1579      32305F52 
 1579      45474953 
 1579      5445525F 
 1579      4F55545F 
 1580              	.LASF15:
ARM GAS  C:\Users\EDTRIC~1\AppData\Local\Temp\ccSiFZo1.s 			page 32


 1581 0138 75696E74 		.ascii	"uint8\000"
 1581      3800
 1582              	.LASF30:
 1583 013e 4C334744 		.ascii	"L3GD20_REGISTER_OUT_X_L\000"
 1583      32305F52 
 1583      45474953 
 1583      5445525F 
 1583      4F55545F 
 1584              	.LASF38:
 1585 0156 4C334744 		.ascii	"L3GD20_REGISTER_INT1_CFG\000"
 1585      32305F52 
 1585      45474953 
 1585      5445525F 
 1585      494E5431 
 1586              	.LASF0:
 1587 016f 7369676E 		.ascii	"signed char\000"
 1587      65642063 
 1587      68617200 
 1588              	.LASF17:
 1589 017b 666C6F61 		.ascii	"float\000"
 1589      7400
 1590              	.LASF9:
 1591 0181 6C6F6E67 		.ascii	"long long int\000"
 1591      206C6F6E 
 1591      6720696E 
 1591      7400
 1592              	.LASF10:
 1593 018f 6C6F6E67 		.ascii	"long long unsigned int\000"
 1593      206C6F6E 
 1593      6720756E 
 1593      7369676E 
 1593      65642069 
 1594              	.LASF51:
 1595 01a6 6C336764 		.ascii	"l3gd20Data\000"
 1595      32304461 
 1595      746100
 1596              	.LASF7:
 1597 01b1 6C6F6E67 		.ascii	"long int\000"
 1597      20696E74 
 1597      00
 1598              	.LASF42:
 1599 01ba 4C334744 		.ascii	"L3GD20_REGISTER_TSH_YH\000"
 1599      32305F52 
 1599      45474953 
 1599      5445525F 
 1599      5453485F 
 1600              	.LASF2:
 1601 01d1 5F5F7569 		.ascii	"__uint8_t\000"
 1601      6E74385F 
 1601      7400
 1602              	.LASF43:
 1603 01db 4C334744 		.ascii	"L3GD20_REGISTER_TSH_YL\000"
 1603      32305F52 
 1603      45474953 
 1603      5445525F 
 1603      5453485F 
 1604              	.LASF63:
ARM GAS  C:\Users\EDTRIC~1\AppData\Local\Temp\ccSiFZo1.s 			page 33


 1605 01f2 4932435F 		.ascii	"I2C_WriteByte\000"
 1605      57726974 
 1605      65427974 
 1605      6500
 1606              	.LASF68:
 1607 0200 6C336764 		.ascii	"l3gd20Data_s\000"
 1607      32304461 
 1607      74615F73 
 1607      00
 1608              	.LASF61:
 1609 020d 7963616C 		.ascii	"ycal_val\000"
 1609      5F76616C 
 1609      00
 1610              	.LASF1:
 1611 0216 756E7369 		.ascii	"unsigned char\000"
 1611      676E6564 
 1611      20636861 
 1611      7200
 1612              	.LASF59:
 1613 0224 63616C5F 		.ascii	"cal_resolution\000"
 1613      7265736F 
 1613      6C757469 
 1613      6F6E00
 1614              	.LASF24:
 1615 0233 4C334744 		.ascii	"L3GD20_REGISTER_CTRL_REG3\000"
 1615      32305F52 
 1615      45474953 
 1615      5445525F 
 1615      4354524C 
 1616              	.LASF52:
 1617 024d 4779726F 		.ascii	"Gyro_Read\000"
 1617      5F526561 
 1617      6400
 1618              	.LASF14:
 1619 0257 696E7433 		.ascii	"int32_t\000"
 1619      325F7400 
 1620              	.LASF53:
 1621 025f 4779726F 		.ascii	"Gyro_Calibrate\000"
 1621      5F43616C 
 1621      69627261 
 1621      746500
 1622              	.LASF11:
 1623 026e 756E7369 		.ascii	"unsigned int\000"
 1623      676E6564 
 1623      20696E74 
 1623      00
 1624              	.LASF58:
 1625 027b 63616C5F 		.ascii	"cal_counter\000"
 1625      636F756E 
 1625      74657200 
 1626              	.LASF67:
 1627 0287 433A5C55 		.ascii	"C:\\Users\\edtriccorp\\Documents\\PSoC Creator\\Ava"
 1627      73657273 
 1627      5C656474 
 1627      72696363 
 1627      6F72705C 
 1628 02b5 74617220 		.ascii	"tar Comms\\Nimbelink 4.0.cydsn\000"
ARM GAS  C:\Users\EDTRIC~1\AppData\Local\Temp\ccSiFZo1.s 			page 34


 1628      436F6D6D 
 1628      735C4E69 
 1628      6D62656C 
 1628      696E6B20 
 1629              	.LASF28:
 1630 02d3 4C334744 		.ascii	"L3GD20_REGISTER_OUT_TEMP\000"
 1630      32305F52 
 1630      45474953 
 1630      5445525F 
 1630      4F55545F 
 1631              	.LASF29:
 1632 02ec 4C334744 		.ascii	"L3GD20_REGISTER_STATUS_REG\000"
 1632      32305F52 
 1632      45474953 
 1632      5445525F 
 1632      53544154 
 1633              	.LASF5:
 1634 0307 73686F72 		.ascii	"short unsigned int\000"
 1634      7420756E 
 1634      7369676E 
 1634      65642069 
 1634      6E7400
 1635              	.LASF39:
 1636 031a 4C334744 		.ascii	"L3GD20_REGISTER_INT1_SRC\000"
 1636      32305F52 
 1636      45474953 
 1636      5445525F 
 1636      494E5431 
 1637              	.LASF60:
 1638 0333 7863616C 		.ascii	"xcal_val\000"
 1638      5F76616C 
 1638      00
 1639              	.LASF66:
 1640 033c 2E5C4C33 		.ascii	".\\L3GD20_I2C.c\000"
 1640      47443230 
 1640      5F493243 
 1640      2E6300
 1641              	.LASF19:
 1642 034b 63686172 		.ascii	"char\000"
 1642      00
 1643              	.LASF70:
 1644 0350 4932435F 		.ascii	"I2C_ReadByte\000"
 1644      52656164 
 1644      42797465 
 1644      00
 1645              	.LASF65:
 1646 035d 474E5520 		.ascii	"GNU C 4.9.3 20150303 (release) [ARM/embedded-4_9-br"
 1646      4320342E 
 1646      392E3320 
 1646      32303135 
 1646      30333033 
 1647 0390 616E6368 		.ascii	"anch revision 221220] -mcpu=cortex-m3 -mthumb -g -O"
 1647      20726576 
 1647      6973696F 
 1647      6E203232 
 1647      31323230 
 1648 03c3 67202D66 		.ascii	"g -ffunction-sections -ffat-lto-objects\000"
ARM GAS  C:\Users\EDTRIC~1\AppData\Local\Temp\ccSiFZo1.s 			page 35


 1648      66756E63 
 1648      74696F6E 
 1648      2D736563 
 1648      74696F6E 
 1649              	.LASF44:
 1650 03eb 4C334744 		.ascii	"L3GD20_REGISTER_TSH_ZH\000"
 1650      32305F52 
 1650      45474953 
 1650      5445525F 
 1650      5453485F 
 1651              	.LASF6:
 1652 0402 5F5F696E 		.ascii	"__int32_t\000"
 1652      7433325F 
 1652      7400
 1653              	.LASF47:
 1654 040c 4C334744 		.ascii	"L3GD20_RANGE_250DPS\000"
 1654      32305F52 
 1654      414E4745 
 1654      5F323530 
 1654      44505300 
 1655              	.LASF45:
 1656 0420 4C334744 		.ascii	"L3GD20_REGISTER_TSH_ZL\000"
 1656      32305F52 
 1656      45474953 
 1656      5445525F 
 1656      5453485F 
 1657              	.LASF13:
 1658 0437 696E7431 		.ascii	"int16_t\000"
 1658      365F7400 
 1659              	.LASF69:
 1660 043f 4779726F 		.ascii	"Gyro_Start\000"
 1660      5F537461 
 1660      727400
 1661              	.LASF49:
 1662 044a 4C334744 		.ascii	"L3GD20_RANGE_2000DPS\000"
 1662      32305F52 
 1662      414E4745 
 1662      5F323030 
 1662      30445053 
 1663              	.LASF34:
 1664 045f 4C334744 		.ascii	"L3GD20_REGISTER_OUT_Z_L\000"
 1664      32305F52 
 1664      45474953 
 1664      5445525F 
 1664      4F55545F 
 1665              	.LASF16:
 1666 0477 75696E74 		.ascii	"uint32\000"
 1666      333200
 1667              	.LASF21:
 1668 047e 4C334744 		.ascii	"L3GD20_REGISTER_WHO_AM_I\000"
 1668      32305F52 
 1668      45474953 
 1668      5445525F 
 1668      57484F5F 
 1669              	.LASF8:
 1670 0497 6C6F6E67 		.ascii	"long unsigned int\000"
 1670      20756E73 
ARM GAS  C:\Users\EDTRIC~1\AppData\Local\Temp\ccSiFZo1.s 			page 36


 1670      69676E65 
 1670      6420696E 
 1670      7400
 1671              	.LASF18:
 1672 04a9 646F7562 		.ascii	"double\000"
 1672      6C6500
 1673              	.LASF37:
 1674 04b0 4C334744 		.ascii	"L3GD20_REGISTER_FIFO_SRC_REG\000"
 1674      32305F52 
 1674      45474953 
 1674      5445525F 
 1674      4649464F 
 1675              	.LASF62:
 1676 04cd 7A63616C 		.ascii	"zcal_val\000"
 1676      5F76616C 
 1676      00
 1677              	.LASF57:
 1678 04d6 72616E67 		.ascii	"range\000"
 1678      6500
 1679              	.LASF3:
 1680 04dc 5F5F696E 		.ascii	"__int16_t\000"
 1680      7431365F 
 1680      7400
 1681              	.LASF46:
 1682 04e6 4C334744 		.ascii	"L3GD20_REGISTER_INT1_DURATION\000"
 1682      32305F52 
 1682      45474953 
 1682      5445525F 
 1682      494E5431 
 1683              	.LASF36:
 1684 0504 4C334744 		.ascii	"L3GD20_REGISTER_FIFO_CTRL_REG\000"
 1684      32305F52 
 1684      45474953 
 1684      5445525F 
 1684      4649464F 
 1685              	.LASF48:
 1686 0522 4C334744 		.ascii	"L3GD20_RANGE_500DPS\000"
 1686      32305F52 
 1686      414E4745 
 1686      5F353030 
 1686      44505300 
 1687              	.LASF64:
 1688 0536 4932435F 		.ascii	"I2C_ReadBytes\000"
 1688      52656164 
 1688      42797465 
 1688      7300
 1689              	.LASF54:
 1690 0544 49544D5F 		.ascii	"ITM_RxBuffer\000"
 1690      52784275 
 1690      66666572 
 1690      00
 1691              	.LASF71:
 1692 0551 43794465 		.ascii	"CyDelay\000"
 1692      6C617900 
 1693              	.LASF50:
 1694 0559 6C336764 		.ascii	"l3gd20Range_t\000"
 1694      32305261 
ARM GAS  C:\Users\EDTRIC~1\AppData\Local\Temp\ccSiFZo1.s 			page 37


 1694      6E67655F 
 1694      7400
 1695              		.ident	"GCC: (GNU Tools for ARM Embedded Processors) 4.9.3 20150303 (release) [ARM/embedded-4_9-br
